Log file open, 03/07/19 12:10:26
LogWindows: Failed to load 'aqProf.dll' (GetLastError=126)
LogWindows: File 'aqProf.dll' does not exist
LogWindows: Failed to load 'VtuneApi.dll' (GetLastError=126)
LogWindows: File 'VtuneApi.dll' does not exist
LogWindows: Failed to load 'VtuneApi32e.dll' (GetLastError=126)
LogWindows: File 'VtuneApi32e.dll' does not exist
LogConsoleResponse: Display: Failed to find resolution value strings in scalability ini. Falling back to default.
LogInit: Display: Running engine for game: ALE_P2_MILESTONE_1
LogPakFile: Registered encryption key '00000000000000000000000000000000': 0 pak files mounted, 0 remain pending
LogPlatformFile: Not using cached read wrapper
LogTaskGraph: Started task graph with 5 named threads and 11 total threads with 3 sets of task threads.
LogStats: Stats thread started at 0.329914
LogD3D11RHI: Loaded GFSDK_Aftermath_Lib.x64.dll
LogICUInternationalization: ICU TimeZone Detection - Raw Offset: -6:00, Platform Override: ''
LogPluginManager: Mounting plugin Paper2D
LogPluginManager: Mounting plugin AISupport
LogPluginManager: Mounting plugin LightPropagationVolume
LogPluginManager: Mounting plugin ActorLayerUtilities
LogPluginManager: Mounting plugin CLionSourceCodeAccess
LogPluginManager: Mounting plugin CodeLiteSourceCodeAccess
LogPluginManager: Mounting plugin GitSourceControl
LogPluginManager: Mounting plugin KDevelopSourceCodeAccess
LogPluginManager: Mounting plugin NullSourceCodeAccess
LogPluginManager: Mounting plugin PerforceSourceControl
LogPluginManager: Mounting plugin SubversionSourceControl
LogPluginManager: Mounting plugin UObjectPlugin
LogPluginManager: Mounting plugin VisualStudioCodeSourceCodeAccess
LogPluginManager: Mounting plugin VisualStudioSourceCodeAccess
LogPluginManager: Mounting plugin XCodeSourceCodeAccess
LogPluginManager: Mounting plugin AssetManagerEditor
LogPluginManager: Mounting plugin CryptoKeys
LogPluginManager: Mounting plugin DataValidation
LogPluginManager: Mounting plugin FacialAnimation
LogPluginManager: Mounting plugin GameplayTagsEditor
LogPluginManager: Mounting plugin MacGraphicsSwitching
LogPluginManager: Mounting plugin MeshEditor
LogPluginManager: Mounting plugin MobileLauncherProfileWizard
LogPluginManager: Mounting plugin PluginBrowser
LogPluginManager: Mounting plugin SpeedTreeImporter
LogPluginManager: Mounting plugin DatasmithContent
LogPluginManager: Mounting plugin VariantManagerContent
LogPluginManager: Mounting plugin AlembicImporter
LogPluginManager: Mounting plugin AppleImageUtils
LogPluginManager: Mounting plugin AppleVision
LogPluginManager: Mounting plugin BackChannel
LogPluginManager: Mounting plugin CharacterAI
LogPluginManager: Mounting plugin GeometryCache
LogPluginManager: Mounting plugin HTML5Networking
LogPluginManager: Mounting plugin ProxyLODPlugin
LogPluginManager: Mounting plugin MagicLeap
LogPluginManager: Mounting plugin MagicLeapMedia
LogPluginManager: Mounting plugin AndroidMedia
LogPluginManager: Mounting plugin AvfMedia
LogPluginManager: Mounting plugin ImgMedia
LogPluginManager: Mounting plugin LinearTimecode
LogPluginManager: Mounting plugin MediaCompositing
LogPluginManager: Mounting plugin MediaPlayerEditor
LogPluginManager: Mounting plugin WebMMedia
LogPluginManager: Mounting plugin WmfMedia
LogPluginManager: Mounting plugin TcpMessaging
LogPluginManager: Mounting plugin UdpMessaging
LogPluginManager: Mounting plugin ActorSequence
LogPluginManager: Mounting plugin LevelSequenceEditor
LogPluginManager: Mounting plugin MatineeToLevelSequence
LogPluginManager: Mounting plugin NetcodeUnitTest
LogPluginManager: Mounting plugin NUTUnrealEngine4
LogPluginManager: Mounting plugin OnlineSubsystemGooglePlay
LogPluginManager: Mounting plugin OnlineSubsystemIOS
LogPluginManager: Mounting plugin OnlineSubsystem
LogPluginManager: Mounting plugin OnlineSubsystemNull
LogPluginManager: Mounting plugin OnlineSubsystemUtils
LogPluginManager: Mounting plugin LauncherChunkInstaller
LogPluginManager: Mounting plugin AndroidDeviceProfileSelector
LogPluginManager: Mounting plugin AndroidMoviePlayer
LogPluginManager: Mounting plugin AndroidPermission
LogPluginManager: Mounting plugin AppleMoviePlayer
LogPluginManager: Mounting plugin ArchVisCharacter
LogPluginManager: Mounting plugin AudioCapture
LogPluginManager: Mounting plugin CableComponent
LogPluginManager: Mounting plugin CustomMeshComponent
LogPluginManager: Mounting plugin EditableMesh
LogPluginManager: Mounting plugin ExampleDeviceProfileSelector
LogPluginManager: Mounting plugin Firebase
LogPluginManager: Mounting plugin GoogleCloudMessaging
LogPluginManager: Mounting plugin IOSDeviceProfileSelector
LogPluginManager: Mounting plugin LinuxDeviceProfileSelector
LogPluginManager: Mounting plugin LocationServicesBPLibrary
LogPluginManager: Mounting plugin MobilePatchingUtils
LogPluginManager: Mounting plugin OculusVR
LogPluginManager: Mounting plugin PhysXVehicles
LogPluginManager: Mounting plugin ProceduralMeshComponent
LogPluginManager: Mounting plugin RuntimePhysXCooking
LogPluginManager: Mounting plugin SteamVR
LogPluginManager: Mounting plugin WebMMoviePlayer
LogPluginManager: Mounting plugin WindowsMoviePlayer
LogStreaming: Display: Took  0.352s to configure plugins.
LogInit: Using libcurl 7.55.1-DEV
LogInit:  - built for x86_64-pc-win32
LogInit:  - supports SSL with OpenSSL/1.0.2h
LogInit:  - supports HTTP deflate (compression) using libz 1.2.8
LogInit:  - other features:
LogInit:      CURL_VERSION_SSL
LogInit:      CURL_VERSION_LIBZ
LogInit:      CURL_VERSION_IPV6
LogInit:      CURL_VERSION_ASYNCHDNS
LogInit:      CURL_VERSION_LARGEFILE
LogInit:      CURL_VERSION_IDN
LogInit:  CurlRequestOptions (configurable via config and command line):
LogInit:  - bVerifyPeer = true  - Libcurl will verify peer certificate
LogInit:  - bUseHttpProxy = false  - Libcurl will NOT use HTTP proxy
LogInit:  - bDontReuseConnections = false  - Libcurl will reuse connections
LogInit:  - MaxHostConnections = 16  - Libcurl will limit the number of connections to a host
LogInit:  - LocalHostAddr = Default
LogInit:  - BufferSize = 65536
LogInit: WinSock: version 1.1 (2.2), MaxSocks=32767, MaxUdp=65467
LogInit: Build: ++UE4+Release-4.21-CL-4753647
LogInit: Engine Version: 4.21.2-4753647+++UE4+Release-4.21
LogInit: Compatible Engine Version: 4.21.0-4541578+++UE4+Release-4.21
LogInit: Net CL: 4541578
LogInit: OS: Windows 10 (), CPU: Intel(R) Core(TM) i5-7200U CPU @ 2.50GHz, GPU: Intel(R) HD Graphics 620
LogInit: Compiled (64-bit): Jan 19 2019 02:07:31
LogInit: Compiled with Visual C++: 19.13.26129.00
LogInit: Build Configuration: Development
LogInit: Branch Name: ++UE4+Release-4.21
LogInit: Command Line: 
LogInit: Base Directory: C:/Program Files/Epic Games/UE_4.21/Engine/Binaries/Win64/
LogInit: Installed Engine Build: 1
LogDevObjectVersion: Number of dev versions registered: 22
LogDevObjectVersion:   Dev-Blueprints (B0D832E4-1F89-4F0D-ACCF-7EB736FD4AA2): 10
LogDevObjectVersion:   Dev-Build (E1C64328-A22C-4D53-A36C-8E866417BD8C): 0
LogDevObjectVersion:   Dev-Core (375EC13C-06E4-48FB-B500-84F0262A717E): 2
LogDevObjectVersion:   Dev-Editor (E4B068ED-F494-42E9-A231-DA0B2E46BB41): 26
LogDevObjectVersion:   Dev-Framework (CFFC743F-43B0-4480-9391-14DF171D2073): 34
LogDevObjectVersion:   Dev-Mobile (B02B49B5-BB20-44E9-A304-32B752E40360): 2
LogDevObjectVersion:   Dev-Networking (A4E4105C-59A1-49B5-A7C5-40C4547EDFEE): 0
LogDevObjectVersion:   Dev-Online (39C831C9-5AE6-47DC-9A44-9C173E1C8E7C): 0
LogDevObjectVersion:   Dev-Physics (78F01B33-EBEA-4F98-B9B4-84EACCB95AA2): 0
LogDevObjectVersion:   Dev-Platform (6631380F-2D4D-43E0-8009-CF276956A95A): 0
LogDevObjectVersion:   Dev-Rendering (12F88B9F-8875-4AFC-A67C-D90C383ABD29): 27
LogDevObjectVersion:   Dev-Sequencer (7B5AE74C-D270-4C10-A958-57980B212A5A): 9
LogDevObjectVersion:   Dev-VR (D7296918-1DD6-4BDD-9DE2-64A83CC13884): 2
LogDevObjectVersion:   Dev-LoadTimes (C2A15278-BFE7-4AFE-6C17-90FF531DF755): 1
LogDevObjectVersion:   Private-Geometry (6EACA3D4-40EC-4CC1-B786-8BED09428FC5): 3
LogDevObjectVersion:   Dev-AnimPhys (29E575DD-E0A3-4627-9D10-D276232CDCEA): 17
LogDevObjectVersion:   Dev-Anim (AF43A65D-7FD3-4947-9873-3E8ED9C1BB05): 2
LogDevObjectVersion:   Dev-ReflectionCapture (6B266CEC-1EC7-4B8F-A30B-E4D90942FC07): 1
LogDevObjectVersion:   Dev-Automation (0DF73D61-A23F-47EA-B727-89E90C41499A): 1
LogDevObjectVersion:   FortniteMain (601D1886-AC64-4F84-AA16-D3DE0DEAC7D6): 17
LogDevObjectVersion:   Dev-Enterprise (9DFFBCD6-494F-0158-E221-12823C92A888): 4
LogDevObjectVersion:   Dev-Niagara (F2AED0AC-9AFE-416F-8664-AA7FFA26D6FC): 1
LogStreaming: Display: Took  0.003s to delete old logs.
LogInit: Presizing for max 8388607 objects, including 0 objects not considered by GC, pre-allocating 0 bytes for permanent pool.
LogInit: Object subsystem initialized
LogConfig: Setting CVar [[con.DebugEarlyDefault:1]]
LogConfig: Setting CVar [[r.setres:1280x720]]
[2019.03.07-18.10.28:259][  0]LogConfig: Setting CVar [[r.VSync:0]]
[2019.03.07-18.10.28:259][  0]LogConfig: Setting CVar [[r.RHICmdBypass:0]]
[2019.03.07-18.10.28:259][  0]LogConfig: Applying CVar settings from Section [/Script/Engine.RendererSettings] File [C:/Users/ALE/Documents/GAME_2nd/GAME LEVEL DESIGN 2/PROJECT 2/ALE_P2_MILESTONE_1/Saved/Config/Windows/Engine.ini]
[2019.03.07-18.10.28:259][  0]LogConfig: Setting CVar [[r.GPUCrashDebugging:0]]
[2019.03.07-18.10.28:259][  0]LogConfig: Applying CVar settings from Section [/Script/Engine.RendererOverrideSettings] File [C:/Users/ALE/Documents/GAME_2nd/GAME LEVEL DESIGN 2/PROJECT 2/ALE_P2_MILESTONE_1/Saved/Config/Windows/Engine.ini]
[2019.03.07-18.10.28:259][  0]LogConfig: Applying CVar settings from Section [/Script/Engine.StreamingSettings] File [C:/Users/ALE/Documents/GAME_2nd/GAME LEVEL DESIGN 2/PROJECT 2/ALE_P2_MILESTONE_1/Saved/Config/Windows/Engine.ini]
[2019.03.07-18.10.28:259][  0]LogConfig: Setting CVar [[s.MinBulkDataSizeForAsyncLoading:131072]]
[2019.03.07-18.10.28:259][  0]LogConfig: Setting CVar [[s.AsyncLoadingThreadEnabled:0]]
[2019.03.07-18.10.28:259][  0]LogConfig: Setting CVar [[s.EventDrivenLoaderEnabled:1]]
[2019.03.07-18.10.28:259][  0]LogConfig: Setting CVar [[s.WarnIfTimeLimitExceeded:0]]
[2019.03.07-18.10.28:259][  0]LogConfig: Setting CVar [[s.TimeLimitExceededMultiplier:1.5]]
[2019.03.07-18.10.28:259][  0]LogConfig: Setting CVar [[s.TimeLimitExceededMinTime:0.005]]
[2019.03.07-18.10.28:259][  0]LogConfig: Setting CVar [[s.UseBackgroundLevelStreaming:1]]
[2019.03.07-18.10.28:259][  0]LogConfig: Setting CVar [[s.PriorityAsyncLoadingExtraTime:15.0]]
[2019.03.07-18.10.28:259][  0]LogConfig: Setting CVar [[s.LevelStreamingActorsUpdateTimeLimit:5.0]]
[2019.03.07-18.10.28:259][  0]LogConfig: Setting CVar [[s.PriorityLevelStreamingActorsUpdateExtraTime:5.0]]
[2019.03.07-18.10.28:259][  0]LogConfig: Setting CVar [[s.LevelStreamingComponentsRegistrationGranularity:10]]
[2019.03.07-18.10.28:259][  0]LogConfig: Setting CVar [[s.UnregisterComponentsTimeLimit:1.0]]
[2019.03.07-18.10.28:259][  0]LogConfig: Setting CVar [[s.LevelStreamingComponentsUnregistrationGranularity:5]]
[2019.03.07-18.10.28:259][  0]LogConfig: Applying CVar settings from Section [/Script/Engine.GarbageCollectionSettings] File [C:/Users/ALE/Documents/GAME_2nd/GAME LEVEL DESIGN 2/PROJECT 2/ALE_P2_MILESTONE_1/Saved/Config/Windows/Engine.ini]
[2019.03.07-18.10.28:259][  0]LogConfig: Setting CVar [[gc.MaxObjectsNotConsideredByGC:1]]
[2019.03.07-18.10.28:259][  0]LogConfig: Setting CVar [[gc.SizeOfPermanentObjectPool:0]]
[2019.03.07-18.10.28:259][  0]LogConfig: Setting CVar [[gc.FlushStreamingOnGC:0]]
[2019.03.07-18.10.28:260][  0]LogConfig: Setting CVar [[gc.NumRetriesBeforeForcingGC:10]]
[2019.03.07-18.10.28:260][  0]LogConfig: Setting CVar [[gc.AllowParallelGC:1]]
[2019.03.07-18.10.28:260][  0]LogConfig: Setting CVar [[gc.TimeBetweenPurgingPendingKillObjects:61.1]]
[2019.03.07-18.10.28:260][  0]LogConfig: Setting CVar [[gc.MaxObjectsInEditor:8388607]]
[2019.03.07-18.10.28:260][  0]LogConfig: Setting CVar [[gc.IncrementalBeginDestroyEnabled:1]]
[2019.03.07-18.10.28:260][  0]LogConfig: Setting CVar [[gc.CreateGCClusters:1]]
[2019.03.07-18.10.28:260][  0]LogConfig: Setting CVar [[gc.MergeGCClusters:0]]
[2019.03.07-18.10.28:260][  0]LogConfig: Setting CVar [[gc.MinGCClusterSize:5]]
[2019.03.07-18.10.28:260][  0]LogConfig: Setting CVar [[gc.ActorClusteringEnabled:0]]
[2019.03.07-18.10.28:260][  0]LogConfig: Setting CVar [[gc.BlueprintClusteringEnabled:0]]
[2019.03.07-18.10.28:260][  0]LogConfig: Setting CVar [[gc.UseDisregardForGCOnDedicatedServers:0]]
[2019.03.07-18.10.28:260][  0]LogConfig: Applying CVar settings from Section [/Script/Engine.NetworkSettings] File [C:/Users/ALE/Documents/GAME_2nd/GAME LEVEL DESIGN 2/PROJECT 2/ALE_P2_MILESTONE_1/Saved/Config/Windows/Engine.ini]
[2019.03.07-18.10.28:260][  0]LogConfig: Applying CVar settings from Section [/Script/UnrealEd.CookerSettings] File [C:/Users/ALE/Documents/GAME_2nd/GAME LEVEL DESIGN 2/PROJECT 2/ALE_P2_MILESTONE_1/Saved/Config/Windows/Engine.ini]
[2019.03.07-18.10.28:265][  0]LogConfig: Applying CVar settings from Section [ViewDistanceQuality@3] File [C:/Users/ALE/Documents/GAME_2nd/GAME LEVEL DESIGN 2/PROJECT 2/ALE_P2_MILESTONE_1/Saved/Config/Windows/Scalability.ini]
[2019.03.07-18.10.28:265][  0]LogConfig: Setting CVar [[r.SkeletalMeshLODBias:0]]
[2019.03.07-18.10.28:265][  0]LogConfig: Setting CVar [[r.ViewDistanceScale:1.0]]
[2019.03.07-18.10.28:265][  0]LogConfig: Applying CVar settings from Section [AntiAliasingQuality@3] File [C:/Users/ALE/Documents/GAME_2nd/GAME LEVEL DESIGN 2/PROJECT 2/ALE_P2_MILESTONE_1/Saved/Config/Windows/Scalability.ini]
[2019.03.07-18.10.28:265][  0]LogConfig: Setting CVar [[r.PostProcessAAQuality:4]]
[2019.03.07-18.10.28:266][  0]LogConfig: Applying CVar settings from Section [ShadowQuality@3] File [C:/Users/ALE/Documents/GAME_2nd/GAME LEVEL DESIGN 2/PROJECT 2/ALE_P2_MILESTONE_1/Saved/Config/Windows/Scalability.ini]
[2019.03.07-18.10.28:266][  0]LogConfig: Setting CVar [[r.LightFunctionQuality:1]]
[2019.03.07-18.10.28:266][  0]LogConfig: Setting CVar [[r.ShadowQuality:5]]
[2019.03.07-18.10.28:266][  0]LogConfig: Setting CVar [[r.Shadow.CSM.MaxCascades:10]]
[2019.03.07-18.10.28:266][  0]LogConfig: Setting CVar [[r.Shadow.MaxResolution:2048]]
[2019.03.07-18.10.28:266][  0]LogConfig: Setting CVar [[r.Shadow.MaxCSMResolution:2048]]
[2019.03.07-18.10.28:266][  0]LogConfig: Setting CVar [[r.Shadow.RadiusThreshold:0.01]]
[2019.03.07-18.10.28:266][  0]LogConfig: Setting CVar [[r.Shadow.DistanceScale:1.0]]
[2019.03.07-18.10.28:266][  0]LogConfig: Setting CVar [[r.Shadow.CSM.TransitionScale:1.0]]
[2019.03.07-18.10.28:266][  0]LogConfig: Setting CVar [[r.Shadow.PreShadowResolutionFactor:1.0]]
[2019.03.07-18.10.28:266][  0]LogConfig: Setting CVar [[r.DistanceFieldShadowing:1]]
[2019.03.07-18.10.28:266][  0]LogConfig: Setting CVar [[r.DistanceFieldAO:1]]
[2019.03.07-18.10.28:266][  0]LogConfig: Setting CVar [[r.AOQuality:2]]
[2019.03.07-18.10.28:266][  0]LogConfig: Setting CVar [[r.VolumetricFog:1]]
[2019.03.07-18.10.28:266][  0]LogConfig: Setting CVar [[r.VolumetricFog.GridPixelSize:8]]
[2019.03.07-18.10.28:266][  0]LogConfig: Setting CVar [[r.VolumetricFog.GridSizeZ:128]]
[2019.03.07-18.10.28:266][  0]LogConfig: Setting CVar [[r.VolumetricFog.HistoryMissSupersampleCount:4]]
[2019.03.07-18.10.28:266][  0]LogConfig: Setting CVar [[r.LightMaxDrawDistanceScale:1]]
[2019.03.07-18.10.28:266][  0]LogConfig: Setting CVar [[r.CapsuleShadows:1]]
[2019.03.07-18.10.28:266][  0]LogConfig: Applying CVar settings from Section [PostProcessQuality@3] File [C:/Users/ALE/Documents/GAME_2nd/GAME LEVEL DESIGN 2/PROJECT 2/ALE_P2_MILESTONE_1/Saved/Config/Windows/Scalability.ini]
[2019.03.07-18.10.28:266][  0]LogConfig: Setting CVar [[r.MotionBlurQuality:4]]
[2019.03.07-18.10.28:266][  0]LogConfig: Setting CVar [[r.AmbientOcclusionMipLevelFactor:0.4]]
[2019.03.07-18.10.28:267][  0]LogConfig: Setting CVar [[r.AmbientOcclusionMaxQuality:100]]
[2019.03.07-18.10.28:267][  0]LogConfig: Setting CVar [[r.AmbientOcclusionLevels:-1]]
[2019.03.07-18.10.28:267][  0]LogConfig: Setting CVar [[r.AmbientOcclusionRadiusScale:1.0]]
[2019.03.07-18.10.28:267][  0]LogConfig: Setting CVar [[r.DepthOfFieldQuality:2]]
[2019.03.07-18.10.28:267][  0]LogConfig: Setting CVar [[r.RenderTargetPoolMin:400]]
[2019.03.07-18.10.28:267][  0]LogConfig: Setting CVar [[r.LensFlareQuality:2]]
[2019.03.07-18.10.28:267][  0]LogConfig: Setting CVar [[r.SceneColorFringeQuality:1]]
[2019.03.07-18.10.28:267][  0]LogConfig: Setting CVar [[r.EyeAdaptationQuality:2]]
[2019.03.07-18.10.28:267][  0]LogConfig: Setting CVar [[r.BloomQuality:5]]
[2019.03.07-18.10.28:267][  0]LogConfig: Setting CVar [[r.FastBlurThreshold:100]]
[2019.03.07-18.10.28:267][  0]LogConfig: Setting CVar [[r.Upscale.Quality:3]]
[2019.03.07-18.10.28:267][  0]LogConfig: Setting CVar [[r.Tonemapper.GrainQuantization:1]]
[2019.03.07-18.10.28:268][  0]LogConfig: Setting CVar [[r.LightShaftQuality:1]]
[2019.03.07-18.10.28:268][  0]LogConfig: Setting CVar [[r.Filter.SizeScale:1]]
[2019.03.07-18.10.28:268][  0]LogConfig: Setting CVar [[r.Tonemapper.Quality:5]]
[2019.03.07-18.10.28:268][  0]LogConfig: Setting CVar [[r.DOF.Gather.AccumulatorQuality:1        ; higher gathering accumulator quality]]
[2019.03.07-18.10.28:268][  0]LogConfig: Setting CVar [[r.DOF.Gather.PostfilterMethod:1          ; Median3x3 postfilering method]]
[2019.03.07-18.10.28:268][  0]LogConfig: Setting CVar [[r.DOF.Gather.EnableBokehSettings:0       ; no bokeh simulation when gathering]]
[2019.03.07-18.10.28:268][  0]LogConfig: Setting CVar [[r.DOF.Gather.RingCount:4                 ; medium number of samples when gathering]]
[2019.03.07-18.10.28:268][  0]LogConfig: Setting CVar [[r.DOF.Scatter.ForegroundCompositing:1    ; additive foreground scattering]]
[2019.03.07-18.10.28:268][  0]LogConfig: Setting CVar [[r.DOF.Scatter.BackgroundCompositing:2    ; additive background scattering]]
[2019.03.07-18.10.28:268][  0]LogConfig: Setting CVar [[r.DOF.Scatter.EnableBokehSettings:1      ; bokeh simulation when scattering]]
[2019.03.07-18.10.28:268][  0]LogConfig: Setting CVar [[r.DOF.Scatter.MaxSpriteRatio:0.1         ; only a maximum of 10% of scattered bokeh]]
[2019.03.07-18.10.28:268][  0]LogConfig: Setting CVar [[r.DOF.Recombine.Quality:1                ; cheap slight out of focus]]
[2019.03.07-18.10.28:268][  0]LogConfig: Setting CVar [[r.DOF.Recombine.EnableBokehSettings:0    ; no bokeh simulation on slight out of focus]]
[2019.03.07-18.10.28:268][  0]LogConfig: Setting CVar [[r.DOF.TemporalAAQuality:1                ; more stable temporal accumulation]]
[2019.03.07-18.10.28:268][  0]LogConfig: Setting CVar [[r.DOF.Kernel.MaxForegroundRadius:0.025]]
[2019.03.07-18.10.28:268][  0]LogConfig: Setting CVar [[r.DOF.Kernel.MaxBackgroundRadius:0.025]]
[2019.03.07-18.10.28:268][  0]LogConfig: Applying CVar settings from Section [TextureQuality@3] File [C:/Users/ALE/Documents/GAME_2nd/GAME LEVEL DESIGN 2/PROJECT 2/ALE_P2_MILESTONE_1/Saved/Config/Windows/Scalability.ini]
[2019.03.07-18.10.28:268][  0]LogConfig: Setting CVar [[r.Streaming.MipBias:0]]
[2019.03.07-18.10.28:268][  0]LogConfig: Setting CVar [[r.Streaming.AmortizeCPUToGPUCopy:0]]
[2019.03.07-18.10.28:268][  0]LogConfig: Setting CVar [[r.Streaming.MaxNumTexturesToStreamPerFrame:0]]
[2019.03.07-18.10.28:268][  0]LogConfig: Setting CVar [[r.Streaming.Boost:1]]
[2019.03.07-18.10.28:268][  0]LogConfig: Setting CVar [[r.MaxAnisotropy:8]]
[2019.03.07-18.10.28:268][  0]LogConfig: Setting CVar [[r.Streaming.LimitPoolSizeToVRAM:0]]
[2019.03.07-18.10.28:268][  0]LogConfig: Setting CVar [[r.Streaming.PoolSize:1000]]
[2019.03.07-18.10.28:269][  0]LogConfig: Setting CVar [[r.Streaming.MaxEffectiveScreenSize:0]]
[2019.03.07-18.10.28:269][  0]LogConfig: Applying CVar settings from Section [EffectsQuality@3] File [C:/Users/ALE/Documents/GAME_2nd/GAME LEVEL DESIGN 2/PROJECT 2/ALE_P2_MILESTONE_1/Saved/Config/Windows/Scalability.ini]
[2019.03.07-18.10.28:269][  0]LogConfig: Setting CVar [[r.TranslucencyLightingVolumeDim:64]]
[2019.03.07-18.10.28:269][  0]LogConfig: Setting CVar [[r.RefractionQuality:2]]
[2019.03.07-18.10.28:269][  0]LogConfig: Setting CVar [[r.SSR.Quality:3]]
[2019.03.07-18.10.28:269][  0]LogConfig: Setting CVar [[r.SceneColorFormat:4]]
[2019.03.07-18.10.28:269][  0]LogConfig: Setting CVar [[r.DetailMode:2]]
[2019.03.07-18.10.28:269][  0]LogConfig: Setting CVar [[r.TranslucencyVolumeBlur:1]]
[2019.03.07-18.10.28:269][  0]LogConfig: Setting CVar [[r.MaterialQualityLevel:1 ; High quality]]
[2019.03.07-18.10.28:269][  0]LogConfig: Setting CVar [[r.SSS.Scale:1]]
[2019.03.07-18.10.28:269][  0]LogConfig: Setting CVar [[r.SSS.SampleSet:2]]
[2019.03.07-18.10.28:269][  0]LogConfig: Setting CVar [[r.SSS.Quality:1]]
[2019.03.07-18.10.28:269][  0]LogConfig: Setting CVar [[r.SSS.HalfRes:1]]
[2019.03.07-18.10.28:269][  0]LogConfig: Setting CVar [[r.EmitterSpawnRateScale:1.0]]
[2019.03.07-18.10.28:269][  0]LogConfig: Setting CVar [[r.ParticleLightQuality:2]]
[2019.03.07-18.10.28:269][  0]LogConfig: Applying CVar settings from Section [FoliageQuality@3] File [C:/Users/ALE/Documents/GAME_2nd/GAME LEVEL DESIGN 2/PROJECT 2/ALE_P2_MILESTONE_1/Saved/Config/Windows/Scalability.ini]
[2019.03.07-18.10.28:269][  0]LogConfig: Setting CVar [[foliage.DensityScale:1.0]]
[2019.03.07-18.10.28:269][  0]LogConfig: Setting CVar [[grass.DensityScale:1.0]]
[2019.03.07-18.10.28:269][  0]LogInit: Selected Device Profile: [Windows]
[2019.03.07-18.10.28:269][  0]LogInit: Applying CVar settings loaded from the selected device profile: [Windows]
[2019.03.07-18.10.28:400][  0]LogHAL: Display: Platform has ~ 12 GB [12764549120 / 17179869184 / 12], which maps to Larger [LargestMinGB=32, LargerMinGB=12, DefaultMinGB=8, SmallerMinGB=6, SmallestMinGB=0)
[2019.03.07-18.10.28:400][  0]LogConfig: Setting CVar [[r.Vulkan.UseRealUBs:1]]
[2019.03.07-18.10.28:400][  0]LogInit: Going up to parent DeviceProfile []
[2019.03.07-18.10.28:400][  0]LogConfig: Applying CVar settings from Section [ViewDistanceQuality@3] File [C:/Users/ALE/Documents/GAME_2nd/GAME LEVEL DESIGN 2/PROJECT 2/ALE_P2_MILESTONE_1/Saved/Config/Windows/Scalability.ini]
[2019.03.07-18.10.28:400][  0]LogConfig: Setting CVar [[r.SkeletalMeshLODBias:0]]
[2019.03.07-18.10.28:401][  0]LogConfig: Setting CVar [[r.ViewDistanceScale:1.0]]
[2019.03.07-18.10.28:401][  0]LogConfig: Applying CVar settings from Section [AntiAliasingQuality@3] File [C:/Users/ALE/Documents/GAME_2nd/GAME LEVEL DESIGN 2/PROJECT 2/ALE_P2_MILESTONE_1/Saved/Config/Windows/Scalability.ini]
[2019.03.07-18.10.28:401][  0]LogConfig: Setting CVar [[r.PostProcessAAQuality:4]]
[2019.03.07-18.10.28:401][  0]LogConfig: Applying CVar settings from Section [ShadowQuality@3] File [C:/Users/ALE/Documents/GAME_2nd/GAME LEVEL DESIGN 2/PROJECT 2/ALE_P2_MILESTONE_1/Saved/Config/Windows/Scalability.ini]
[2019.03.07-18.10.28:401][  0]LogConfig: Setting CVar [[r.LightFunctionQuality:1]]
[2019.03.07-18.10.28:401][  0]LogConfig: Setting CVar [[r.ShadowQuality:5]]
[2019.03.07-18.10.28:401][  0]LogConfig: Setting CVar [[r.Shadow.CSM.MaxCascades:10]]
[2019.03.07-18.10.28:401][  0]LogConfig: Setting CVar [[r.Shadow.MaxResolution:2048]]
[2019.03.07-18.10.28:401][  0]LogConfig: Setting CVar [[r.Shadow.MaxCSMResolution:2048]]
[2019.03.07-18.10.28:401][  0]LogConfig: Setting CVar [[r.Shadow.RadiusThreshold:0.01]]
[2019.03.07-18.10.28:401][  0]LogConfig: Setting CVar [[r.Shadow.DistanceScale:1.0]]
[2019.03.07-18.10.28:401][  0]LogConfig: Setting CVar [[r.Shadow.CSM.TransitionScale:1.0]]
[2019.03.07-18.10.28:401][  0]LogConfig: Setting CVar [[r.Shadow.PreShadowResolutionFactor:1.0]]
[2019.03.07-18.10.28:401][  0]LogConfig: Setting CVar [[r.DistanceFieldShadowing:1]]
[2019.03.07-18.10.28:401][  0]LogConfig: Setting CVar [[r.DistanceFieldAO:1]]
[2019.03.07-18.10.28:401][  0]LogConfig: Setting CVar [[r.AOQuality:2]]
[2019.03.07-18.10.28:401][  0]LogConfig: Setting CVar [[r.VolumetricFog:1]]
[2019.03.07-18.10.28:401][  0]LogConfig: Setting CVar [[r.VolumetricFog.GridPixelSize:8]]
[2019.03.07-18.10.28:401][  0]LogConfig: Setting CVar [[r.VolumetricFog.GridSizeZ:128]]
[2019.03.07-18.10.28:401][  0]LogConfig: Setting CVar [[r.VolumetricFog.HistoryMissSupersampleCount:4]]
[2019.03.07-18.10.28:401][  0]LogConfig: Setting CVar [[r.LightMaxDrawDistanceScale:1]]
[2019.03.07-18.10.28:401][  0]LogConfig: Setting CVar [[r.CapsuleShadows:1]]
[2019.03.07-18.10.28:401][  0]LogConfig: Applying CVar settings from Section [PostProcessQuality@3] File [C:/Users/ALE/Documents/GAME_2nd/GAME LEVEL DESIGN 2/PROJECT 2/ALE_P2_MILESTONE_1/Saved/Config/Windows/Scalability.ini]
[2019.03.07-18.10.28:401][  0]LogConfig: Setting CVar [[r.MotionBlurQuality:4]]
[2019.03.07-18.10.28:401][  0]LogConfig: Setting CVar [[r.AmbientOcclusionMipLevelFactor:0.4]]
[2019.03.07-18.10.28:401][  0]LogConfig: Setting CVar [[r.AmbientOcclusionMaxQuality:100]]
[2019.03.07-18.10.28:401][  0]LogConfig: Setting CVar [[r.AmbientOcclusionLevels:-1]]
[2019.03.07-18.10.28:401][  0]LogConfig: Setting CVar [[r.AmbientOcclusionRadiusScale:1.0]]
[2019.03.07-18.10.28:401][  0]LogConfig: Setting CVar [[r.DepthOfFieldQuality:2]]
[2019.03.07-18.10.28:401][  0]LogConfig: Setting CVar [[r.RenderTargetPoolMin:400]]
[2019.03.07-18.10.28:401][  0]LogConfig: Setting CVar [[r.LensFlareQuality:2]]
[2019.03.07-18.10.28:401][  0]LogConfig: Setting CVar [[r.SceneColorFringeQuality:1]]
[2019.03.07-18.10.28:401][  0]LogConfig: Setting CVar [[r.EyeAdaptationQuality:2]]
[2019.03.07-18.10.28:401][  0]LogConfig: Setting CVar [[r.BloomQuality:5]]
[2019.03.07-18.10.28:401][  0]LogConfig: Setting CVar [[r.FastBlurThreshold:100]]
[2019.03.07-18.10.28:401][  0]LogConfig: Setting CVar [[r.Upscale.Quality:3]]
[2019.03.07-18.10.28:401][  0]LogConfig: Setting CVar [[r.Tonemapper.GrainQuantization:1]]
[2019.03.07-18.10.28:402][  0]LogConfig: Setting CVar [[r.LightShaftQuality:1]]
[2019.03.07-18.10.28:402][  0]LogConfig: Setting CVar [[r.Filter.SizeScale:1]]
[2019.03.07-18.10.28:402][  0]LogConfig: Setting CVar [[r.Tonemapper.Quality:5]]
[2019.03.07-18.10.28:402][  0]LogConfig: Setting CVar [[r.DOF.Gather.AccumulatorQuality:1        ; higher gathering accumulator quality]]
[2019.03.07-18.10.28:402][  0]LogConfig: Setting CVar [[r.DOF.Gather.PostfilterMethod:1          ; Median3x3 postfilering method]]
[2019.03.07-18.10.28:402][  0]LogConfig: Setting CVar [[r.DOF.Gather.EnableBokehSettings:0       ; no bokeh simulation when gathering]]
[2019.03.07-18.10.28:402][  0]LogConfig: Setting CVar [[r.DOF.Gather.RingCount:4                 ; medium number of samples when gathering]]
[2019.03.07-18.10.28:402][  0]LogConfig: Setting CVar [[r.DOF.Scatter.ForegroundCompositing:1    ; additive foreground scattering]]
[2019.03.07-18.10.28:402][  0]LogConfig: Setting CVar [[r.DOF.Scatter.BackgroundCompositing:2    ; additive background scattering]]
[2019.03.07-18.10.28:402][  0]LogConfig: Setting CVar [[r.DOF.Scatter.EnableBokehSettings:1      ; bokeh simulation when scattering]]
[2019.03.07-18.10.28:402][  0]LogConfig: Setting CVar [[r.DOF.Scatter.MaxSpriteRatio:0.1         ; only a maximum of 10% of scattered bokeh]]
[2019.03.07-18.10.28:402][  0]LogConfig: Setting CVar [[r.DOF.Recombine.Quality:1                ; cheap slight out of focus]]
[2019.03.07-18.10.28:402][  0]LogConfig: Setting CVar [[r.DOF.Recombine.EnableBokehSettings:0    ; no bokeh simulation on slight out of focus]]
[2019.03.07-18.10.28:402][  0]LogConfig: Setting CVar [[r.DOF.TemporalAAQuality:1                ; more stable temporal accumulation]]
[2019.03.07-18.10.28:402][  0]LogConfig: Setting CVar [[r.DOF.Kernel.MaxForegroundRadius:0.025]]
[2019.03.07-18.10.28:402][  0]LogConfig: Setting CVar [[r.DOF.Kernel.MaxBackgroundRadius:0.025]]
[2019.03.07-18.10.28:402][  0]LogConfig: Applying CVar settings from Section [TextureQuality@3] File [C:/Users/ALE/Documents/GAME_2nd/GAME LEVEL DESIGN 2/PROJECT 2/ALE_P2_MILESTONE_1/Saved/Config/Windows/Scalability.ini]
[2019.03.07-18.10.28:402][  0]LogConfig: Setting CVar [[r.Streaming.MipBias:0]]
[2019.03.07-18.10.28:402][  0]LogConfig: Setting CVar [[r.Streaming.AmortizeCPUToGPUCopy:0]]
[2019.03.07-18.10.28:402][  0]LogConfig: Setting CVar [[r.Streaming.MaxNumTexturesToStreamPerFrame:0]]
[2019.03.07-18.10.28:402][  0]LogConfig: Setting CVar [[r.Streaming.Boost:1]]
[2019.03.07-18.10.28:402][  0]LogConfig: Setting CVar [[r.MaxAnisotropy:8]]
[2019.03.07-18.10.28:402][  0]LogConfig: Setting CVar [[r.Streaming.LimitPoolSizeToVRAM:0]]
[2019.03.07-18.10.28:402][  0]LogConfig: Setting CVar [[r.Streaming.PoolSize:1000]]
[2019.03.07-18.10.28:402][  0]LogConfig: Setting CVar [[r.Streaming.MaxEffectiveScreenSize:0]]
[2019.03.07-18.10.28:402][  0]LogConfig: Applying CVar settings from Section [EffectsQuality@3] File [C:/Users/ALE/Documents/GAME_2nd/GAME LEVEL DESIGN 2/PROJECT 2/ALE_P2_MILESTONE_1/Saved/Config/Windows/Scalability.ini]
[2019.03.07-18.10.28:402][  0]LogConfig: Setting CVar [[r.TranslucencyLightingVolumeDim:64]]
[2019.03.07-18.10.28:402][  0]LogConfig: Setting CVar [[r.RefractionQuality:2]]
[2019.03.07-18.10.28:402][  0]LogConfig: Setting CVar [[r.SSR.Quality:3]]
[2019.03.07-18.10.28:402][  0]LogConfig: Setting CVar [[r.SceneColorFormat:4]]
[2019.03.07-18.10.28:402][  0]LogConfig: Setting CVar [[r.DetailMode:2]]
[2019.03.07-18.10.28:402][  0]LogConfig: Setting CVar [[r.TranslucencyVolumeBlur:1]]
[2019.03.07-18.10.28:402][  0]LogConfig: Setting CVar [[r.MaterialQualityLevel:1 ; High quality]]
[2019.03.07-18.10.28:402][  0]LogConfig: Setting CVar [[r.SSS.Scale:1]]
[2019.03.07-18.10.28:402][  0]LogConfig: Setting CVar [[r.SSS.SampleSet:2]]
[2019.03.07-18.10.28:402][  0]LogConfig: Setting CVar [[r.SSS.Quality:1]]
[2019.03.07-18.10.28:402][  0]LogConfig: Setting CVar [[r.SSS.HalfRes:1]]
[2019.03.07-18.10.28:403][  0]LogConfig: Setting CVar [[r.EmitterSpawnRateScale:1.0]]
[2019.03.07-18.10.28:403][  0]LogConfig: Setting CVar [[r.ParticleLightQuality:2]]
[2019.03.07-18.10.28:403][  0]LogConfig: Applying CVar settings from Section [FoliageQuality@3] File [C:/Users/ALE/Documents/GAME_2nd/GAME LEVEL DESIGN 2/PROJECT 2/ALE_P2_MILESTONE_1/Saved/Config/Windows/Scalability.ini]
[2019.03.07-18.10.28:403][  0]LogConfig: Setting CVar [[foliage.DensityScale:1.0]]
[2019.03.07-18.10.28:403][  0]LogConfig: Setting CVar [[grass.DensityScale:1.0]]
[2019.03.07-18.10.28:403][  0]LogConfig: Applying CVar settings from Section [Startup] File [../../../Engine/Config/ConsoleVariables.ini]
[2019.03.07-18.10.28:464][  0]LogConfig: Setting CVar [[net.UseAdaptiveNetUpdateFrequency:0]]
[2019.03.07-18.10.28:464][  0]LogConfig: Applying CVar settings from Section [ConsoleVariables] File [C:/Users/ALE/Documents/GAME_2nd/GAME LEVEL DESIGN 2/PROJECT 2/ALE_P2_MILESTONE_1/Saved/Config/Windows/Engine.ini]
[2019.03.07-18.10.28:464][  0]LogInit: Computer: ALE-CP
[2019.03.07-18.10.28:464][  0]LogInit: User: ALE
[2019.03.07-18.10.28:464][  0]LogInit: CPU Page size=4096, Cores=2
[2019.03.07-18.10.28:464][  0]LogInit: High frequency timer resolution =2.648439 MHz
[2019.03.07-18.10.28:464][  0]LogMemory: Memory total: Physical=11.9GB (12GB approx)
[2019.03.07-18.10.28:465][  0]LogMemory: Platform Memory Stats for Windows
[2019.03.07-18.10.28:465][  0]LogMemory: Process Physical Memory: 102.19 MB used, 102.19 MB peak
[2019.03.07-18.10.28:465][  0]LogMemory: Process Virtual Memory: 84.60 MB used, 84.60 MB peak
[2019.03.07-18.10.28:465][  0]LogMemory: Physical Memory: 4856.11 MB used,  7317.11 MB free, 12173.22 MB total
[2019.03.07-18.10.28:465][  0]LogMemory: Virtual Memory: 4628.84 MB used,  134213096.00 MB free, 134217728.00 MB total
[2019.03.07-18.10.29:187][  0]LogInit: Using OS detected language (en-US).
[2019.03.07-18.10.29:187][  0]LogInit: Using OS detected locale (en-US).
[2019.03.07-18.10.29:189][  0]LogTextLocalizationManager: No specific localization for 'en-US' exists, so the 'en' localization will be used.
[2019.03.07-18.10.30:589][  0]LogStreaming: Display: Took  1.402s to InitEngineTextLocalization.
[2019.03.07-18.10.30:590][  0]LogInit: Setting process to per monitor DPI aware
[2019.03.07-18.10.30:919][  0]LogSlate: New Slate User Created.  User Index 0, Is Virtual User: 0
[2019.03.07-18.10.30:919][  0]LogSlate: Slate User Registered.  User Index 0, Is Virtual User: 0
[2019.03.07-18.10.46:351][  0]LogHMD: Failed to initialize OpenVR with code 110
[2019.03.07-18.10.46:352][  0]LogD3D11RHI: D3D11 adapters:
[2019.03.07-18.10.47:073][  0]LogD3D11RHI:    0. 'Intel(R) HD Graphics 620' (Feature Level 11_0)
[2019.03.07-18.10.47:073][  0]LogD3D11RHI:       128/0/6086 MB DedicatedVideo/DedicatedSystem/SharedSystem, Outputs:1, VendorId:0x8086
[2019.03.07-18.10.47:084][  0]LogD3D11RHI:    1. 'Microsoft Basic Render Driver' (Feature Level 11_0)
[2019.03.07-18.10.47:084][  0]LogD3D11RHI:       0/0/6086 MB DedicatedVideo/DedicatedSystem/SharedSystem, Outputs:0, VendorId:0x1414
[2019.03.07-18.10.47:084][  0]LogD3D11RHI: Chosen D3D11 Adapter: 0
[2019.03.07-18.10.47:113][  0]LogD3D11RHI: Creating new Direct3DDevice
[2019.03.07-18.10.47:113][  0]LogD3D11RHI:     GPU DeviceId: 0x5916 (for the marketing name, search the web for "GPU Device Id")
[2019.03.07-18.10.47:113][  0]LogWindows: EnumDisplayDevices:
[2019.03.07-18.10.47:114][  0]LogWindows:    0. 'Intel(R) HD Graphics 620' (P:1 D:1)
[2019.03.07-18.10.47:116][  0]LogWindows:    1. 'Intel(R) HD Graphics 620' (P:0 D:0)
[2019.03.07-18.10.47:117][  0]LogWindows:    2. 'Intel(R) HD Graphics 620' (P:0 D:0)
[2019.03.07-18.10.47:119][  0]LogWindows: DebugString: FoundDriverCount:3 
[2019.03.07-18.10.47:119][  0]LogD3D11RHI:     Adapter Name: Intel(R) HD Graphics 620
[2019.03.07-18.10.47:119][  0]LogD3D11RHI:   Driver Version: 23.20.16.4973 (internal:23.20.16.4973, unified:23.20.16.4973)
[2019.03.07-18.10.47:119][  0]LogD3D11RHI:      Driver Date: 2-28-2018
[2019.03.07-18.10.47:119][  0]LogRHI: Texture pool is 1523 MB (70% of 2176 MB)
[2019.03.07-18.10.47:744][  0]LogD3D11RHI: [IntelMetricsDiscovery] Started
[2019.03.07-18.10.47:744][  0]LogD3D11RHI: Async texture creation enabled
[2019.03.07-18.10.47:758][  0]LogD3D11RHI: GPU Timing Frequency: 12.000048 (Debug: 2 0)
[2019.03.07-18.10.49:858][  0]LogTemp: Display: Loaded TP AllDesktopTargetPlatform
[2019.03.07-18.10.49:951][  0]LogTemp: Display: Loaded TP MacClientTargetPlatform
[2019.03.07-18.10.50:022][  0]LogTemp: Display: Loaded TP MacNoEditorTargetPlatform
[2019.03.07-18.10.50:105][  0]LogTemp: Display: Loaded TP MacServerTargetPlatform
[2019.03.07-18.10.50:629][  0]LogTemp: Display: Loaded TP MacTargetPlatform
[2019.03.07-18.10.50:707][  0]LogTemp: Display: Loaded TP WindowsClientTargetPlatform
[2019.03.07-18.10.50:788][  0]LogTemp: Display: Loaded TP WindowsNoEditorTargetPlatform
[2019.03.07-18.10.50:860][  0]LogTemp: Display: Loaded TP WindowsServerTargetPlatform
[2019.03.07-18.10.50:896][  0]LogTemp: Display: Loaded TP WindowsTargetPlatform
[2019.03.07-18.10.51:422][  0]LogTemp: Display: Loaded TP AndroidTargetPlatform
[2019.03.07-18.10.51:422][  0]LogTemp: Display: Loaded TP AndroidTargetPlatform
[2019.03.07-18.10.51:422][  0]LogTemp: Display: Loaded TP AndroidTargetPlatform
[2019.03.07-18.10.51:422][  0]LogTemp: Display: Loaded TP AndroidTargetPlatform
[2019.03.07-18.10.51:422][  0]LogTemp: Display: Loaded TP AndroidTargetPlatform
[2019.03.07-18.10.51:422][  0]LogTemp: Display: Loaded TP AndroidTargetPlatform
[2019.03.07-18.10.51:422][  0]LogTemp: Display: Loaded TP AndroidTargetPlatform
[2019.03.07-18.10.51:422][  0]LogTemp: Display: Loaded TP AndroidTargetPlatform
[2019.03.07-18.10.51:422][  0]LogTemp: Display: Loaded TP AndroidTargetPlatform
[2019.03.07-18.10.51:422][  0]LogTemp: Display: Loaded TP AndroidTargetPlatform
[2019.03.07-18.10.51:422][  0]LogTemp: Display: Loaded TP AndroidTargetPlatform
[2019.03.07-18.10.51:423][  0]LogTemp: Display: Loaded TP AndroidTargetPlatform
[2019.03.07-18.10.51:423][  0]LogTemp: Display: Loaded TP AndroidTargetPlatform
[2019.03.07-18.10.51:423][  0]LogTemp: Display: Loaded TP AndroidTargetPlatform
[2019.03.07-18.10.51:423][  0]LogTemp: Display: Loaded TP AndroidTargetPlatform
[2019.03.07-18.10.51:423][  0]LogTemp: Display: Loaded TP AndroidTargetPlatform
[2019.03.07-18.10.51:423][  0]LogTemp: Display: Loaded TP AndroidTargetPlatform
[2019.03.07-18.10.51:423][  0]LogTemp: Display: Loaded TP AndroidTargetPlatform
[2019.03.07-18.10.51:432][  0]LogTemp: Display: Loaded TP HTML5TargetPlatform
[2019.03.07-18.10.51:997][  0]LogTemp: Display: Loaded TP IOSTargetPlatform
[2019.03.07-18.10.51:997][  0]LogTemp: Display: Loaded TP IOSTargetPlatform
[2019.03.07-18.10.52:165][  0]LogTemp: Display: Loaded TP TVOSTargetPlatform
[2019.03.07-18.10.52:165][  0]LogTemp: Display: Loaded TP TVOSTargetPlatform
[2019.03.07-18.10.52:245][  0]LogTemp: Display: Loaded TP LinuxClientTargetPlatform
[2019.03.07-18.10.52:279][  0]LogTemp: Display: Loaded TP LinuxNoEditorTargetPlatform
[2019.03.07-18.10.52:321][  0]LogTemp: Display: Loaded TP LinuxServerTargetPlatform
[2019.03.07-18.10.52:470][  0]LogTemp: Display: Loaded TP LinuxTargetPlatform
[2019.03.07-18.10.52:735][  0]LogTemp: Display: Loaded TP LuminTargetPlatform
[2019.03.07-18.10.52:735][  0]LogTemp: Display: Loaded TP LuminTargetPlatform
[2019.03.07-18.10.52:735][  0]LogTargetPlatformManager: Display: Building Assets For Windows
[2019.03.07-18.10.53:152][  0]LogShaderCompilers: Guid format shader working directory is -51 characters bigger than the processId version (../../../../../../Users/ALE/Documents/GAME_2nd/GAME LEVEL DESIGN 2/PROJECT 2/ALE_P2_MILESTONE_1/Intermediate/Shaders/WorkingDirectory/8404/).
[2019.03.07-18.10.53:153][  0]LogShaderCompilers: Cleaned the shader compiler working directory 'C:/Users/ALE/AppData/Local/Temp/UnrealShaderWorkingDir/E2C4198E45409E6FE5ADBFB4D2C35520/'.
[2019.03.07-18.10.53:161][  0]LogXGEController: Cleaning working directory: C:/Users/ALE/AppData/Local/Temp/UnrealXGEWorkingDir/
[2019.03.07-18.10.53:164][  0]LogXGEController: Cannot use XGE Controller as Incredibuild is not installed on this machine.
[2019.03.07-18.10.53:164][  0]LogShaderCompilers: Cannot use XGE Shader Compiler as Incredibuild is not installed on this machine.
[2019.03.07-18.10.53:164][  0]LogShaderCompilers: Display: Using Local Shader Compiler.
[2019.03.07-18.11.04:211][  0]LogDerivedDataCache: Display: Max Cache Size: 512 MB
[2019.03.07-18.11.05:450][  0]LogDerivedDataCache: Loaded boot cache 1.24s 71MB C:/Users/ALE/AppData/Local/UnrealEngine/4.21/DerivedDataCache/Boot.ddc.
[2019.03.07-18.11.05:450][  0]LogDerivedDataCache: Display: Loaded Boot cache: C:/Users/ALE/AppData/Local/UnrealEngine/4.21/DerivedDataCache/Boot.ddc
[2019.03.07-18.11.05:450][  0]LogDerivedDataCache: FDerivedDataBackendGraph:  Pak pak cache file ../../../../../../Users/ALE/Documents/GAME_2nd/GAME LEVEL DESIGN 2/PROJECT 2/ALE_P2_MILESTONE_1/DerivedDataCache/DDC.ddp not found, will not use a pak cache.
[2019.03.07-18.11.05:450][  0]LogDerivedDataCache: Unable to find inner node Pak for hierarchical cache Hierarchy.
[2019.03.07-18.11.05:450][  0]LogDerivedDataCache: FDerivedDataBackendGraph:  CompressedPak pak cache file ../../../../../../Users/ALE/Documents/GAME_2nd/GAME LEVEL DESIGN 2/PROJECT 2/ALE_P2_MILESTONE_1/DerivedDataCache/Compressed.ddp not found, will not use a pak cache.
[2019.03.07-18.11.05:450][  0]LogDerivedDataCache: Unable to find inner node CompressedPak for hierarchical cache Hierarchy.
[2019.03.07-18.11.05:517][  0]LogDerivedDataCache: Display: Pak cache opened for reading ../../../Engine/DerivedDataCache/Compressed.ddp.
[2019.03.07-18.11.05:517][  0]LogDerivedDataCache: FDerivedDataBackendGraph:  EnterprisePak pak cache file ../../../Enterprise/DerivedDataCache/Compressed.ddp not found, will not use a pak cache.
[2019.03.07-18.11.05:517][  0]LogDerivedDataCache: Unable to find inner node EnterprisePak for hierarchical cache Hierarchy.
[2019.03.07-18.11.05:530][  0]LogDerivedDataCache: Using Local data cache path C:/Users/ALE/AppData/Local/UnrealEngine/Common/DerivedDataCache: Writable
[2019.03.07-18.11.05:530][  0]LogDerivedDataCache: Shared data cache path not found in *engine.ini, will not use an Shared cache.
[2019.03.07-18.11.05:530][  0]LogDerivedDataCache: Unable to find inner node Shared for hierarchical cache Hierarchy.
[2019.03.07-18.11.05:584][  0]LogMaterial: Verifying Global Shaders for PCD3D_SM5
[2019.03.07-18.11.05:587][  0]LogSlate: Using FreeType 2.6.0
[2019.03.07-18.11.05:672][  0]LogSlate: SlateFontServices - WITH_FREETYPE: 1, WITH_HARFBUZZ: 1
[2019.03.07-18.11.08:713][  0]LogAssetRegistry: FAssetRegistry took 0.0560 seconds to start up
[2019.03.07-18.11.09:594][  0]LogInit: Selected Device Profile: [Windows]
[2019.03.07-18.11.10:511][  0]LogSimplygon: Simplygon DLL not present - disabling.
[2019.03.07-18.11.10:521][  0]LogMeshReduction: Using SimplygonSwarm for distributed automatic mesh merging
[2019.03.07-18.11.10:521][  0]LogMeshReduction: Using ProxyLODMeshReduction for automatic mesh merging
[2019.03.07-18.11.10:521][  0]LogMeshReduction: Using QuadricMeshReduction for automatic static mesh reduction
[2019.03.07-18.11.10:521][  0]LogMeshReduction: No automatic skeletal mesh reduction module available
[2019.03.07-18.11.10:599][  0]LogNetVersion: ALE_P2_MILESTONE_1 1.0.0, NetCL: 4541578, EngineNetVer: 5, GameNetVer: 0 (Checksum: 4242586472)
[2019.03.07-18.11.14:127][  0]LogPackageLocalizationCache: Processed 11 localized package path(s) for 2 prioritized culture(s) in 0.264039 seconds
[2019.03.07-18.11.14:138][  0]LogUObjectArray: 39775 objects as part of root set at end of initial load.
[2019.03.07-18.11.14:138][  0]LogUObjectAllocator: 6914664 out of 0 bytes used by permanent object pool.
[2019.03.07-18.11.14:138][  0]LogUObjectArray: CloseDisregardForGC: 0/0 objects in disregard for GC pool
[2019.03.07-18.11.53:292][  0]LogTcpMessaging: Initializing TcpMessaging bridge
[2019.03.07-18.11.53:312][  0]LogUdpMessaging: Initializing bridge on interface 0.0.0.0:0 to multicast group 230.0.0.1:6666.
[2019.03.07-18.11.55:914][  0]SourceControl: Source control is disabled
[2019.03.07-18.11.55:914][  0]SourceControl: Source control is disabled
[2019.03.07-18.11.55:917][  0]SourceControl: Source control is disabled
[2019.03.07-18.11.55:918][  0]SourceControl: Source control is disabled
[2019.03.07-18.11.56:592][  0]LogAndroidPermission: UAndroidPermissionCallbackProxy::GetInstance
[2019.03.07-18.11.56:815][  0]LogOcInput: OculusInput pre-init called
[2019.03.07-18.11.57:205][  0]LogEngine: Initializing Engine...
[2019.03.07-18.11.57:206][  0]LogHMD: Failed to initialize OpenVR with code 110
[2019.03.07-18.11.57:209][  0]LogStats: UGameplayTagsManager::ConstructGameplayTagTree: ImportINI prefixes -  0.000 s
[2019.03.07-18.11.57:209][  0]LogStats: UGameplayTagsManager::ConstructGameplayTagTree: Construct from data asset -  0.000 s
[2019.03.07-18.11.57:209][  0]LogStats: UGameplayTagsManager::ConstructGameplayTagTree: ImportINI -  0.000 s
[2019.03.07-18.11.57:209][  0]LogStats: UGameplayTagsManager::ConstructGameplayTagTree: GameplayTagTreeChangedEvent.Broadcast -  0.000 s
[2019.03.07-18.11.58:561][  0]LogInit: Initializing FReadOnlyCVARCache
[2019.03.07-18.11.58:589][  0]LogAIModule: Creating AISystem for world Untitled
[2019.03.07-18.11.58:792][  0]LogInit: XAudio2 using 'Speaker/Headphone (Realtek High Definition Audio)' : 2 channels at 48 kHz using 32 bits per sample (channel mask 0x3)
[2019.03.07-18.11.58:838][  0]LogInit: FAudioDevice initialized.
[2019.03.07-18.11.58:839][  0]LogNetVersion: Set ProjectVersion to 1.0.0.0. Version Checksum will be recalculated on next use.
[2019.03.07-18.12.00:008][  0]LogDerivedDataCache: Error: Could not save memory cache C:/Users/ALE/AppData/Local/UnrealEngine/4.21/DerivedDataCache/Boot.ddc.
[2019.03.07-18.12.00:084][  0]LogInit: Texture streaming: Enabled
[2019.03.07-18.12.00:149][  0]LogEngineSessionManager: EngineSessionManager initialized
[2019.03.07-18.12.00:178][  0]LogInit: Transaction tracking system initialized
[2019.03.07-18.12.00:225][  0]BlueprintLog: New page: Editor Load
[2019.03.07-18.12.00:833][  0]LocalizationService: Localization service is disabled
[2019.03.07-18.12.02:538][  0]LogFileCache: Scanning file cache for directory 'C:/Users/ALE/Documents/GAME_2nd/GAME LEVEL DESIGN 2/PROJECT 2/ALE_P2_MILESTONE_1/Content/' took 0.06s
[2019.03.07-18.12.02:538][  0]LogCook: Display: Max memory allowance for cook 16384mb min free memory 0mb
[2019.03.07-18.12.02:538][  0]LogCook: Display: Mobile HDR setting 1
[2019.03.07-18.12.02:538][  0]LogGameplayTags: Display: UGameplayTagsManager::DoneAddingNativeTags. DelegateIsBound: 0
[2019.03.07-18.12.02:538][  0]LogStats: UGameplayTagsManager::ConstructGameplayTagTree: ImportINI prefixes -  0.000 s
[2019.03.07-18.12.02:539][  0]LogStats: UGameplayTagsManager::ConstructGameplayTagTree: Construct from data asset -  0.000 s
[2019.03.07-18.12.02:539][  0]LogStats: UGameplayTagsManager::ConstructGameplayTagTree: ImportINI -  0.000 s
[2019.03.07-18.12.02:539][  0]LogStats: UGameplayTagsManager::ConstructGameplayTagTree: GameplayTagTreeChangedEvent.Broadcast -  0.000 s
[2019.03.07-18.12.03:894][  0]SourceControl: Source control is disabled
[2019.03.07-18.12.03:896][  0]LightingResults: New page: Lighting Build
[2019.03.07-18.12.03:926][  0]MapCheck: New page: Map Check
[2019.03.07-18.12.03:927][  0]LightingResults: New page: Lighting Build
[2019.03.07-18.12.14:718][  0]LogAIModule: Creating AISystem for world FirstPersonExampleMap
[2019.03.07-18.12.14:804][  0]LogEditorServer: Finished looking for orphan Actors (0.000 secs)
[2019.03.07-18.12.14:907][  0]Cmd: MAP CHECKDEP NOCLEARLOG
[2019.03.07-18.12.14:908][  0]MapCheck: Map check complete: 0 Error(s), 0 Warning(s), took 0.241ms to complete.
[2019.03.07-18.12.14:908][  0]LogFileHelpers: Loading map 'FirstPersonExampleMap' took 11.015
[2019.03.07-18.12.15:711][  0]LogSlate: Updating window title bar state: overlay mode, drag disabled, window buttons hidden, title bar hidden
[2019.03.07-18.12.15:722][  0]LogSlate: Updating window title bar state: overlay mode, drag disabled, window buttons hidden, title bar hidden
[2019.03.07-18.12.15:734][  0]LogSlate: Updating window title bar state: overlay mode, drag disabled, window buttons hidden, title bar hidden
[2019.03.07-18.12.15:746][  0]LogSlate: Updating window title bar state: overlay mode, drag disabled, window buttons hidden, title bar hidden
[2019.03.07-18.12.15:764][  0]LogCollectionManager: Loaded 0 collections in 0.003610 seconds
[2019.03.07-18.12.15:841][  0]LogFileCache: Scanning file cache for directory 'C:/Users/ALE/Documents/GAME_2nd/GAME LEVEL DESIGN 2/PROJECT 2/ALE_P2_MILESTONE_1/Saved/Collections/' took 0.01s
[2019.03.07-18.12.15:842][  0]LogFileCache: Scanning file cache for directory 'C:/Users/ALE/Documents/GAME_2nd/GAME LEVEL DESIGN 2/PROJECT 2/ALE_P2_MILESTONE_1/Content/Developers/ALE/Collections/' took 0.02s
[2019.03.07-18.12.15:842][  0]LogFileCache: Scanning file cache for directory 'C:/Users/ALE/Documents/GAME_2nd/GAME LEVEL DESIGN 2/PROJECT 2/ALE_P2_MILESTONE_1/Content/Collections/' took 0.01s
[2019.03.07-18.12.15:842][  0]LogCollectionManager: Rebuilt the GUID cache for 0 collections in 0.000002 seconds
[2019.03.07-18.12.15:904][  0]LogContentBrowser: Native class hierarchy populated in 0.0612 seconds. Added 2651 classes and 620 folders.
[2019.03.07-18.12.15:928][  0]LogContentBrowser: Native class hierarchy updated for 'WidgetCarousel' in 0.0007 seconds. Added 0 classes and 0 folders.
[2019.03.07-18.12.16:021][  0]LogPakFile: Registered encryption key '00000000000000000000000000000000': 0 pak files mounted, 0 remain pending
[2019.03.07-18.12.16:080][  0]LogPakFile: Registered encryption key '00000000000000000000000000000000': 0 pak files mounted, 0 remain pending
[2019.03.07-18.12.16:228][  0]LogPakFile: Registered encryption key '00000000000000000000000000000000': 0 pak files mounted, 0 remain pending
[2019.03.07-18.12.16:253][  0]LogPakFile: Registered encryption key '00000000000000000000000000000000': 0 pak files mounted, 0 remain pending
[2019.03.07-18.12.16:277][  0]LogPakFile: Registered encryption key '00000000000000000000000000000000': 0 pak files mounted, 0 remain pending
[2019.03.07-18.12.16:304][  0]LogPakFile: Registered encryption key '00000000000000000000000000000000': 0 pak files mounted, 0 remain pending
[2019.03.07-18.12.16:330][  0]LogPakFile: Registered encryption key '00000000000000000000000000000000': 0 pak files mounted, 0 remain pending
[2019.03.07-18.12.16:354][  0]LogPakFile: Registered encryption key '00000000000000000000000000000000': 0 pak files mounted, 0 remain pending
[2019.03.07-18.12.16:392][  0]LogPakFile: Registered encryption key '00000000000000000000000000000000': 0 pak files mounted, 0 remain pending
[2019.03.07-18.12.16:603][  0]LogPakFile: Registered encryption key '00000000000000000000000000000000': 0 pak files mounted, 0 remain pending
[2019.03.07-18.12.16:637][  0]LogPakFile: Registered encryption key '00000000000000000000000000000000': 0 pak files mounted, 0 remain pending
[2019.03.07-18.12.16:672][  0]LogPakFile: Registered encryption key '00000000000000000000000000000000': 0 pak files mounted, 0 remain pending
[2019.03.07-18.12.16:722][  0]LogPakFile: Registered encryption key '00000000000000000000000000000000': 0 pak files mounted, 0 remain pending
[2019.03.07-18.12.16:738][  0]LogPakFile: Registered encryption key '00000000000000000000000000000000': 0 pak files mounted, 0 remain pending
[2019.03.07-18.12.16:749][  0]LogPakFile: Registered encryption key '00000000000000000000000000000000': 0 pak files mounted, 0 remain pending
[2019.03.07-18.12.16:758][  0]LogPakFile: Registered encryption key '00000000000000000000000000000000': 0 pak files mounted, 0 remain pending
[2019.03.07-18.12.16:850][  0]LogPakFile: Registered encryption key '00000000000000000000000000000000': 0 pak files mounted, 0 remain pending
[2019.03.07-18.12.16:861][  0]LogPakFile: Registered encryption key '00000000000000000000000000000000': 0 pak files mounted, 0 remain pending
[2019.03.07-18.12.16:876][  0]LogPakFile: Registered encryption key '00000000000000000000000000000000': 0 pak files mounted, 0 remain pending
[2019.03.07-18.12.16:887][  0]LogPakFile: Registered encryption key '00000000000000000000000000000000': 0 pak files mounted, 0 remain pending
[2019.03.07-18.12.17:985][  0]LogPakFile: Registered encryption key '00000000000000000000000000000000': 0 pak files mounted, 0 remain pending
[2019.03.07-18.12.18:017][  0]LogPakFile: Registered encryption key '00000000000000000000000000000000': 0 pak files mounted, 0 remain pending
[2019.03.07-18.12.18:055][  0]LogPakFile: Registered encryption key '00000000000000000000000000000000': 0 pak files mounted, 0 remain pending
[2019.03.07-18.12.18:094][  0]LogPakFile: Registered encryption key '00000000000000000000000000000000': 0 pak files mounted, 0 remain pending
[2019.03.07-18.12.18:121][  0]LogPakFile: Registered encryption key '00000000000000000000000000000000': 0 pak files mounted, 0 remain pending
[2019.03.07-18.12.18:135][  0]LogPakFile: Registered encryption key '00000000000000000000000000000000': 0 pak files mounted, 0 remain pending
[2019.03.07-18.12.19:133][  0]LogContentBrowser: Native class hierarchy updated for 'AddContentDialog' in 0.0007 seconds. Added 0 classes and 0 folders.
[2019.03.07-18.12.19:145][  0]LogContentBrowser: Native class hierarchy updated for 'SceneOutliner' in 0.0009 seconds. Added 1 classes and 2 folders.
[2019.03.07-18.12.19:247][  0]LogSlate: Took 0.055277 seconds to synchronously load lazily loaded font '../../../Engine/Content/Slate/Fonts/Roboto-Regular.ttf' (155K)
[2019.03.07-18.12.19:285][  0]LogSlate: Took 0.029069 seconds to synchronously load lazily loaded font '../../../Engine/Content/Slate/Fonts/Roboto-Bold.ttf' (160K)
[2019.03.07-18.12.19:371][  0]LogSlate: Took 0.078214 seconds to synchronously load lazily loaded font '../../../Engine/Content/Editor/Slate/Fonts/FontAwesome.ttf' (139K)
[2019.03.07-18.12.19:653][  0]LogRenderer: Reallocating scene render targets to support 768x476 Format 10 NumSamples 1 (Frame:1).
[2019.03.07-18.12.20:644][  0]LogContentBrowser: Native class hierarchy updated for 'HierarchicalLODOutliner' in 0.0009 seconds. Added 0 classes and 0 folders.
[2019.03.07-18.12.20:644][  0]LogLoad: (Engine Initialization) Total time: 125.37 seconds
[2019.03.07-18.12.20:644][  0]LogLoad: (Engine Initialization) Total Blueprint compile time: 0.00 seconds
[2019.03.07-18.12.20:790][  0]LogContentStreaming: Texture pool size now 1000 MB
[2019.03.07-18.12.20:819][  0]LogSlate: Took 0.000251 seconds to synchronously load lazily loaded font '../../../Engine/Content/Slate/Fonts/Roboto-Light.ttf' (167K)
[2019.03.07-18.12.24:593][  5]LogAssetRegistry: Asset discovery search completed in 75.9027 seconds
[2019.03.07-18.12.24:596][  5]LogCollectionManager: Rebuilt the object cache for 0 collections in 0.000000 seconds (found 0 objects)
[2019.03.07-18.12.24:596][  5]LogCollectionManager: Fixed up redirectors for 0 collections in 0.000074 seconds (updated 0 objects)
[2019.03.07-18.19.18:536][132]LogSlate: FSceneViewport::OnFocusLost() reason 0
[2019.03.07-18.19.18:960][132]LogSlate: Took 0.418193 seconds to synchronously load lazily loaded font '../../../Engine/Content/Slate/Fonts/Roboto-Light.ttf' (167K)
[2019.03.07-18.19.19:569][132]LogSavePackage: Moving '../../../../../../Users/ALE/Documents/GAME_2nd/GAME LEVEL DESIGN 2/PROJECT 2/ALE_P2_MILESTONE_1/Saved/FirstPersonExampleMap1048F2DE4D46D29867B561A2DB904E67.tmp' to '../../../../../../Users/ALE/Documents/GAME_2nd/GAME LEVEL DESIGN 2/PROJECT 2/ALE_P2_MILESTONE_1/Content/FirstPersonBP/Maps/FirstPersonExampleMap.umap'
[2019.03.07-18.19.22:320][132]LogSavePackage: Moving '../../../../../../Users/ALE/Documents/GAME_2nd/GAME LEVEL DESIGN 2/PROJECT 2/ALE_P2_MILESTONE_1/Saved/FirstPersonExampleMap_BuiltData5BF82EA746FEAA53C3B383B5E80FE32F.tmp' to '../../../../../../Users/ALE/Documents/GAME_2nd/GAME LEVEL DESIGN 2/PROJECT 2/ALE_P2_MILESTONE_1/Content/FirstPersonBP/Maps/FirstPersonExampleMap_BuiltData.uasset'
[2019.03.07-18.19.23:552][133]LogTemp: Repeating last play command: Selected Viewport
[2019.03.07-18.19.23:696][133]LogBlueprintUserMessages: Early PlayInEditor Detection: Level '/Game/FirstPersonBP/Maps/FirstPersonExampleMap.FirstPersonExampleMap:PersistentLevel' has LevelScriptBlueprint '/Game/FirstPersonBP/Maps/FirstPersonExampleMap.FirstPersonExampleMap:PersistentLevel.FirstPersonExampleMap' with GeneratedClass '/Game/FirstPersonBP/Maps/FirstPersonExampleMap.FirstPersonExampleMap_C' with ClassGeneratedBy '/Game/FirstPersonBP/Maps/FirstPersonExampleMap.FirstPersonExampleMap:PersistentLevel.FirstPersonExampleMap'
[2019.03.07-18.19.23:701][133]LogPlayLevel: PlayLevel: No blueprints needed recompiling
[2019.03.07-18.19.23:704][133]PIE: New page: PIE session: FirstPersonExampleMap (Mar 7, 2019, 6:19:23 AM)
[2019.03.07-18.19.23:724][133]LogPlayLevel: Creating play world package: /Game/FirstPersonBP/Maps/UEDPIE_0_FirstPersonExampleMap
[2019.03.07-18.19.23:898][133]LogPlayLevel: PIE: StaticDuplicateObject took: (0.171635s)
[2019.03.07-18.19.23:901][133]LogAIModule: Creating AISystem for world FirstPersonExampleMap
[2019.03.07-18.19.23:902][133]LogPlayLevel: PIE: World Init took: (0.004040s)
[2019.03.07-18.19.23:903][133]LogPlayLevel: PIE: Created PIE world by copying editor world from /Game/FirstPersonBP/Maps/FirstPersonExampleMap.FirstPersonExampleMap to /Game/FirstPersonBP/Maps/UEDPIE_0_FirstPersonExampleMap.FirstPersonExampleMap (0.178017s)
[2019.03.07-18.19.23:963][133]LogInit: XAudio2 using 'Speaker/Headphone (Realtek High Definition Audio)' : 2 channels at 48 kHz using 32 bits per sample (channel mask 0x3)
[2019.03.07-18.19.23:980][133]LogInit: FAudioDevice initialized.
[2019.03.07-18.19.24:053][133]LogLoad: Game class is 'FirstPersonGameMode_C'
[2019.03.07-18.19.24:106][133]LogWorld: Bringing World /Game/FirstPersonBP/Maps/UEDPIE_0_FirstPersonExampleMap.FirstPersonExampleMap up for play (max tick rate 60) at 2019.03.07-12.19.24
[2019.03.07-18.19.24:112][133]LogWorld: Bringing up level for play took: 0.049881
[2019.03.07-18.19.24:172][133]LogContentBrowser: Native class hierarchy updated for 'MovieSceneCapture' in 0.0018 seconds. Added 20 classes and 0 folders.
[2019.03.07-18.19.24:176][133]PIE: Play in editor start time for /Game/FirstPersonBP/Maps/UEDPIE_0_FirstPersonExampleMap 1.11
[2019.03.07-18.19.24:178][133]LogBlueprintUserMessages: Late PlayInEditor Detection: Level '/Game/FirstPersonBP/Maps/FirstPersonExampleMap.FirstPersonExampleMap:PersistentLevel' has LevelScriptBlueprint '/Game/FirstPersonBP/Maps/FirstPersonExampleMap.FirstPersonExampleMap:PersistentLevel.FirstPersonExampleMap' with GeneratedClass '/Game/FirstPersonBP/Maps/FirstPersonExampleMap.FirstPersonExampleMap_C' with ClassGeneratedBy '/Game/FirstPersonBP/Maps/FirstPersonExampleMap.FirstPersonExampleMap:PersistentLevel.FirstPersonExampleMap'
[2019.03.07-18.19.54:356][634]LogBlueprintUserMessages: Early EndPlayMap Detection: Level '/Game/FirstPersonBP/Maps/FirstPersonExampleMap.FirstPersonExampleMap:PersistentLevel' has LevelScriptBlueprint '/Game/FirstPersonBP/Maps/FirstPersonExampleMap.FirstPersonExampleMap:PersistentLevel.FirstPersonExampleMap' with GeneratedClass '/Game/FirstPersonBP/Maps/FirstPersonExampleMap.FirstPersonExampleMap_C' with ClassGeneratedBy '/Game/FirstPersonBP/Maps/FirstPersonExampleMap.FirstPersonExampleMap:PersistentLevel.FirstPersonExampleMap'
[2019.03.07-18.19.54:358][634]LogSlate: Updating window title bar state: overlay mode, drag disabled, window buttons hidden, title bar hidden
[2019.03.07-18.19.54:487][634]LogPlayLevel: Display: Shutting down PIE online subsystems
[2019.03.07-18.19.54:489][634]LogBlueprintUserMessages: Late EndPlayMap Detection: Level '/Game/FirstPersonBP/Maps/FirstPersonExampleMap.FirstPersonExampleMap:PersistentLevel' has LevelScriptBlueprint '/Game/FirstPersonBP/Maps/FirstPersonExampleMap.FirstPersonExampleMap:PersistentLevel.FirstPersonExampleMap' with GeneratedClass '/Game/FirstPersonBP/Maps/FirstPersonExampleMap.FirstPersonExampleMap_C' with ClassGeneratedBy '/Game/FirstPersonBP/Maps/FirstPersonExampleMap.FirstPersonExampleMap:PersistentLevel.FirstPersonExampleMap'
[2019.03.07-18.19.54:551][634]LogSlate: Updating window title bar state: overlay mode, drag disabled, window buttons hidden, title bar hidden
[2019.03.07-18.19.54:692][635]LogPlayLevel: Display: Destroying online subsystem :Context_5
[2019.03.07-18.19.55:781][674]LogSlate: FSceneViewport::OnFocusLost() reason 0
[2019.03.07-18.19.56:651][677]LogSavePackage: Moving '../../../../../../Users/ALE/Documents/GAME_2nd/GAME LEVEL DESIGN 2/PROJECT 2/ALE_P2_MILESTONE_1/Saved/FirstPersonExampleMapB6E3BA194B06564905BBEBA9F3ABC8C2.tmp' to '../../../../../../Users/ALE/Documents/GAME_2nd/GAME LEVEL DESIGN 2/PROJECT 2/ALE_P2_MILESTONE_1/Content/FirstPersonBP/Maps/FirstPersonExampleMap.umap'
[2019.03.07-18.20.00:182][677]LogSavePackage: Moving '../../../../../../Users/ALE/Documents/GAME_2nd/GAME LEVEL DESIGN 2/PROJECT 2/ALE_P2_MILESTONE_1/Saved/FirstPersonExampleMap_BuiltDataC20C815442FB027F79790B890706B2F7.tmp' to '../../../../../../Users/ALE/Documents/GAME_2nd/GAME LEVEL DESIGN 2/PROJECT 2/ALE_P2_MILESTONE_1/Content/FirstPersonBP/Maps/FirstPersonExampleMap_BuiltData.uasset'
[2019.03.07-18.20.06:539][970]LogSlate: Window 'ALE_P2_MILESTONE_1 - Unreal Editor' being destroyed
[2019.03.07-18.20.06:845][971]Cmd: QUIT_EDITOR
[2019.03.07-18.20.07:641][971]LogWindowsTextInputMethodSystem: Display: IME system now deactivated.
[2019.03.07-18.20.07:709][971]LogExit: Preparing to exit.
[2019.03.07-18.20.08:779][971]LogExit: Editor shut down
[2019.03.07-18.20.08:779][971]LogExit: Transaction tracking system shut down
[2019.03.07-18.20.09:213][971]LogExit: Object subsystem successfully closed.
[2019.03.07-18.20.09:249][971]LogShaderCompilers: Display: Shaders left to compile 0
[2019.03.07-18.20.09:257][971]LogD3D11RHI: Shutdown
[2019.03.07-18.20.09:257][971]LogD3D11RHI: CleanupD3DDevice
[2019.03.07-18.20.09:279][971]LogD3D11RHI: [IntelMetricsDiscovery] Stopped
[2019.03.07-18.20.09:279][971]LogD3D11RHI: ~FD3D11DynamicRHI
[2019.03.07-18.20.09:339][971]LogModuleManager: Shutting down and abandoning module MovieSceneCapture (626)
[2019.03.07-18.20.09:339][971]LogModuleManager: Shutting down and abandoning module Voice (624)
[2019.03.07-18.20.09:339][971]LogModuleManager: Shutting down and abandoning module HierarchicalLODOutliner (622)
[2019.03.07-18.20.09:339][971]LogModuleManager: Shutting down and abandoning module SceneOutliner (620)
[2019.03.07-18.20.09:339][971]LogModuleManager: Shutting down and abandoning module AddContentDialog (618)
[2019.03.07-18.20.09:340][971]LogModuleManager: Shutting down and abandoning module WidgetCarousel (617)
[2019.03.07-18.20.09:340][971]LogModuleManager: Shutting down and abandoning module EditorWidgets (614)
[2019.03.07-18.20.09:340][971]LogModuleManager: Shutting down and abandoning module CollectionManager (612)
[2019.03.07-18.20.09:340][971]LogModuleManager: Shutting down and abandoning module StatsViewer (610)
[2019.03.07-18.20.09:340][971]LogModuleManager: Shutting down and abandoning module FoliageEdit (608)
[2019.03.07-18.20.09:340][971]LogModuleManager: Shutting down and abandoning module LandscapeEditor (606)
[2019.03.07-18.20.09:340][971]LogModuleManager: Shutting down and abandoning module MeshPaintMode (604)
[2019.03.07-18.20.09:340][971]LogModuleManager: Shutting down and abandoning module SceneDepthPickerMode (602)
[2019.03.07-18.20.09:341][971]LogModuleManager: Shutting down and abandoning module ActorPickerMode (600)
[2019.03.07-18.20.09:341][971]LogModuleManager: Shutting down and abandoning module GeometryMode (598)
[2019.03.07-18.20.09:341][971]LogModuleManager: Shutting down and abandoning module TextureAlignMode (596)
[2019.03.07-18.20.09:341][971]LogModuleManager: Shutting down and abandoning module BspMode (594)
[2019.03.07-18.20.09:341][971]LogModuleManager: Shutting down and abandoning module PIEPreviewDeviceProfileSelector (592)
[2019.03.07-18.20.09:341][971]LogModuleManager: Shutting down and abandoning module SequenceRecorderSections (590)
[2019.03.07-18.20.09:341][971]LogModuleManager: Shutting down and abandoning module AutomationWorker (588)
[2019.03.07-18.20.09:341][971]LogModuleManager: Shutting down and abandoning module AudioCaptureEditor (586)
[2019.03.07-18.20.09:341][971]LogModuleManager: Shutting down and abandoning module MatineeToLevelSequence (584)
[2019.03.07-18.20.09:341][971]LogModuleManager: Shutting down and abandoning module LevelSequenceEditor (582)
[2019.03.07-18.20.09:341][971]LogModuleManager: Shutting down and abandoning module PlacementMode (581)
[2019.03.07-18.20.09:341][971]LogModuleManager: Shutting down and abandoning module MaterialEditor (580)
[2019.03.07-18.20.09:341][971]LogModuleManager: Shutting down and abandoning module WmfMediaFactory (576)
[2019.03.07-18.20.09:341][971]LogModuleManager: Shutting down and abandoning module WmfMediaEditor (574)
[2019.03.07-18.20.09:341][971]LogModuleManager: Shutting down and abandoning module WebMMediaFactory (572)
[2019.03.07-18.20.09:341][971]LogModuleManager: Shutting down and abandoning module WebMMediaEditor (570)
[2019.03.07-18.20.09:341][971]LogModuleManager: Shutting down and abandoning module WebMMedia (568)
[2019.03.07-18.20.09:341][971]LogModuleManager: Shutting down and abandoning module MediaPlayerEditor (566)
[2019.03.07-18.20.09:341][971]LogModuleManager: Shutting down and abandoning module MediaCompositingEditor (564)
[2019.03.07-18.20.09:341][971]LogModuleManager: Shutting down and abandoning module SequenceRecorder (563)
[2019.03.07-18.20.09:341][971]LogModuleManager: Shutting down and abandoning module OpenExrWrapper (560)
[2019.03.07-18.20.09:341][971]LogModuleManager: Shutting down and abandoning module ImgMediaFactory (558)
[2019.03.07-18.20.09:342][971]LogModuleManager: Shutting down and abandoning module ImgMediaEditor (556)
[2019.03.07-18.20.09:342][971]LogModuleManager: Shutting down and abandoning module AvfMediaFactory (554)
[2019.03.07-18.20.09:342][971]LogModuleManager: Shutting down and abandoning module AvfMediaEditor (552)
[2019.03.07-18.20.09:342][971]LogModuleManager: Shutting down and abandoning module AndroidMediaFactory (550)
[2019.03.07-18.20.09:342][971]LogModuleManager: Shutting down and abandoning module AndroidMediaEditor (548)
[2019.03.07-18.20.09:342][971]LogModuleManager: Shutting down and abandoning module MagicLeapCameraPreviewFactory (546)
[2019.03.07-18.20.09:342][971]LogModuleManager: Shutting down and abandoning module MagicLeapMediaFactory (544)
[2019.03.07-18.20.09:342][971]LogModuleManager: Shutting down and abandoning module MagicLeapMediaEditor (542)
[2019.03.07-18.20.09:342][971]LogModuleManager: Shutting down and abandoning module CharacterAI (540)
[2019.03.07-18.20.09:342][971]LogModuleManager: Shutting down and abandoning module SmartSnapping (538)
[2019.03.07-18.20.09:342][971]LogModuleManager: Shutting down and abandoning module SessionServices (536)
[2019.03.07-18.20.09:342][971]LogModuleManager: Shutting down and abandoning module ViewportSnapping (534)
[2019.03.07-18.20.09:342][971]LogModuleManager: Shutting down and abandoning module ViewportInteraction (532)
[2019.03.07-18.20.09:342][971]LogModuleManager: Shutting down and abandoning module ClothPainter (530)
[2019.03.07-18.20.09:342][971]LogModuleManager: Shutting down and abandoning module SkeletalMeshEditor (529)
[2019.03.07-18.20.09:342][971]LogModuleManager: Shutting down and abandoning module LogVisualizer (526)
[2019.03.07-18.20.09:342][971]LogModuleManager: Shutting down and abandoning module IntroTutorials (524)
[2019.03.07-18.20.09:342][971]LogModuleManager: Shutting down and abandoning module GameProjectGeneration (523)
[2019.03.07-18.20.09:342][971]LogModuleManager: Shutting down and abandoning module LuminPlatformEditor (520)
[2019.03.07-18.20.09:342][971]LogModuleManager: Shutting down and abandoning module IOSPlatformEditor (518)
[2019.03.07-18.20.09:342][971]LogModuleManager: Shutting down and abandoning module HTML5PlatformEditor (516)
[2019.03.07-18.20.09:342][971]LogModuleManager: Shutting down and abandoning module AndroidPlatformEditor (514)
[2019.03.07-18.20.09:342][971]LogModuleManager: Shutting down and abandoning module AndroidDeviceDetection (513)
[2019.03.07-18.20.11:044][971]LogModuleManager: Shutting down and abandoning module WindowsPlatformEditor (510)
[2019.03.07-18.20.11:045][971]LogModuleManager: Shutting down and abandoning module LuminRuntimeSettings (508)
[2019.03.07-18.20.11:045][971]LogModuleManager: Shutting down and abandoning module IOSRuntimeSettings (506)
[2019.03.07-18.20.11:045][971]LogModuleManager: Shutting down and abandoning module AndroidRuntimeSettings (504)
[2019.03.07-18.20.11:045][971]LogModuleManager: Shutting down and abandoning module TimeManagementEditor (502)
[2019.03.07-18.20.11:045][971]LogModuleManager: Shutting down and abandoning module InputBindingEditor (500)
[2019.03.07-18.20.11:045][971]LogModuleManager: Shutting down and abandoning module MergeActors (498)
[2019.03.07-18.20.11:046][971]LogModuleManager: Shutting down and abandoning module LocalizationDashboard (496)
[2019.03.07-18.20.11:046][971]LogModuleManager: Shutting down and abandoning module LocalizationService (495)
[2019.03.07-18.20.11:046][971]LogModuleManager: Shutting down and abandoning module HardwareTargeting (492)
[2019.03.07-18.20.11:046][971]LogModuleManager: Shutting down and abandoning module DeviceProfileEditor (490)
[2019.03.07-18.20.11:046][971]LogModuleManager: Shutting down and abandoning module UndoHistory (488)
[2019.03.07-18.20.11:046][971]LogModuleManager: Shutting down and abandoning module XmlParser (486)
[2019.03.07-18.20.11:047][971]LogModuleManager: Shutting down and abandoning module Blutility (484)
[2019.03.07-18.20.11:047][971]LogModuleManager: Shutting down and abandoning module ProjectSettingsViewer (482)
[2019.03.07-18.20.11:047][971]LogModuleManager: Shutting down and abandoning module ProjectTargetPlatformEditor (481)
[2019.03.07-18.20.11:047][971]LogModuleManager: Shutting down and abandoning module EditorSettingsViewer (478)
[2019.03.07-18.20.11:048][971]LogModuleManager: Shutting down and abandoning module SettingsEditor (476)
[2019.03.07-18.20.11:048][971]LogModuleManager: Shutting down and abandoning module ProjectLauncher (474)
[2019.03.07-18.20.11:048][971]LogModuleManager: Shutting down and abandoning module SessionFrontend (472)
[2019.03.07-18.20.11:048][971]LogModuleManager: Shutting down and abandoning module ProfilerClient (470)
[2019.03.07-18.20.11:048][971]LogModuleManager: Shutting down and abandoning module DeviceManager (468)
[2019.03.07-18.20.11:048][971]LogModuleManager: Shutting down and abandoning module TargetDeviceServices (467)
[2019.03.07-18.20.11:127][971]LogModuleManager: Shutting down and abandoning module AutomationController (464)
[2019.03.07-18.20.11:128][971]LogModuleManager: Shutting down and abandoning module AutomationWindow (462)
[2019.03.07-18.20.11:128][971]LogModuleManager: Shutting down and abandoning module Layers (460)
[2019.03.07-18.20.11:129][971]LogModuleManager: Shutting down and abandoning module ComponentVisualizers (458)
[2019.03.07-18.20.11:129][971]LogModuleManager: Shutting down and abandoning module DetailCustomizations (456)
[2019.03.07-18.20.11:129][971]LogModuleManager: Shutting down and abandoning module PackagesDialog (454)
[2019.03.07-18.20.11:130][971]LogModuleManager: Shutting down and abandoning module Persona (452)
[2019.03.07-18.20.11:131][971]LogModuleManager: Shutting down and abandoning module AdvancedPreviewScene (451)
[2019.03.07-18.20.11:131][971]LogModuleManager: Shutting down and abandoning module AnimGraph (449)
[2019.03.07-18.20.11:131][971]LogModuleManager: Shutting down and abandoning module Kismet (446)
[2019.03.07-18.20.11:133][971]LogModuleManager: Shutting down and abandoning module GraphEditor (444)
[2019.03.07-18.20.11:133][971]LogModuleManager: Shutting down and abandoning module ClassViewer (442)
[2019.03.07-18.20.11:133][971]LogModuleManager: Shutting down and abandoning module Toolbox (440)
[2019.03.07-18.20.11:134][971]LogModuleManager: Shutting down and abandoning module ModuleUI (438)
[2019.03.07-18.20.11:134][971]LogModuleManager: Shutting down and abandoning module MovieSceneTools (436)
[2019.03.07-18.20.11:139][971]LogModuleManager: Shutting down and abandoning module OutputLog (434)
[2019.03.07-18.20.11:139][971]LogModuleManager: Shutting down and abandoning module GammaUI (432)
[2019.03.07-18.20.11:139][971]LogModuleManager: Shutting down and abandoning module Documentation (430)
[2019.03.07-18.20.11:139][971]LogModuleManager: Shutting down and abandoning module MovieSceneTracks (428)
[2019.03.07-18.20.11:143][971]LogModuleManager: Shutting down and abandoning module MovieScene (426)
[2019.03.07-18.20.11:143][971]LogModuleManager: Shutting down and abandoning module StreamingPauseRendering (424)
[2019.03.07-18.20.11:143][971]LogModuleManager: Shutting down and abandoning module LauncherPlatform (422)
[2019.03.07-18.20.11:143][971]LogModuleManager: Shutting down and abandoning module AnalyticsET (420)
[2019.03.07-18.20.11:144][971]LogModuleManager: Shutting down and abandoning module PortalServices (418)
[2019.03.07-18.20.11:144][971]LogModuleManager: Shutting down and abandoning module PortalRpc (416)
[2019.03.07-18.20.11:144][971]LogModuleManager: Shutting down and abandoning module MessagingRpc (414)
[2019.03.07-18.20.11:144][971]LogModuleManager: Shutting down and abandoning module AIModule (412)
[2019.03.07-18.20.11:145][971]LogModuleManager: Shutting down and abandoning module GameplayDebugger (411)
[2019.03.07-18.20.11:145][971]LogModuleManager: Shutting down and abandoning module AITestSuite (409)
[2019.03.07-18.20.11:145][971]LogModuleManager: Shutting down and abandoning module NavigationSystem (407)
[2019.03.07-18.20.11:145][971]LogModuleManager: Shutting down and abandoning module DesktopPlatform (404)
[2019.03.07-18.20.11:145][971]LogModuleManager: Shutting down and abandoning module ImageWriteQueue (402)
[2019.03.07-18.20.11:168][971]LogModuleManager: Shutting down and abandoning module ProfilerService (400)
[2019.03.07-18.20.11:222][971]LogModuleManager: Shutting down and abandoning module TaskGraph (398)
[2019.03.07-18.20.11:222][971]LogModuleManager: Shutting down and abandoning module SteamVRController (396)
[2019.03.07-18.20.11:222][971]LogModuleManager: Shutting down and abandoning module ProceduralMeshComponentEditor (394)
[2019.03.07-18.20.11:223][971]LogModuleManager: Shutting down and abandoning module ProceduralMeshComponent (392)
[2019.03.07-18.20.11:223][971]LogModuleManager: Shutting down and abandoning module OculusInput (390)
[2019.03.07-18.20.11:223][971]LogModuleManager: Shutting down and abandoning module MobilePatchingUtils (388)
[2019.03.07-18.20.11:223][971]LogModuleManager: Shutting down and abandoning module EditableMesh (386)
[2019.03.07-18.20.11:223][971]LogModuleManager: Shutting down and abandoning module CustomMeshComponent (384)
[2019.03.07-18.20.11:223][971]LogModuleManager: Shutting down and abandoning module CableComponent (382)
[2019.03.07-18.20.11:223][971]LogModuleManager: Shutting down and abandoning module AudioCapture (380)
[2019.03.07-18.20.11:223][971]LogModuleManager: Shutting down and abandoning module ArchVisCharacter (378)
[2019.03.07-18.20.11:223][971]LogModuleManager: Shutting down and abandoning module AndroidPermission (376)
[2019.03.07-18.20.11:223][971]LogModuleManager: Shutting down and abandoning module NUTUnrealEngine4 (374)
[2019.03.07-18.20.11:223][971]LogModuleManager: Shutting down and abandoning module NetcodeUnitTest (372)
[2019.03.07-18.20.11:223][971]LogModuleManager: Shutting down and abandoning module MediaCompositing (370)
[2019.03.07-18.20.11:224][971]LogModuleManager: Shutting down and abandoning module LinearTimecode (368)
[2019.03.07-18.20.11:224][971]LogModuleManager: Shutting down and abandoning module ImgMedia (366)
[2019.03.07-18.20.11:244][971]LogModuleManager: Shutting down and abandoning module HTML5Networking (364)
[2019.03.07-18.20.11:244][971]LogModuleManager: Shutting down and abandoning module GeometryCacheTracks (362)
[2019.03.07-18.20.11:244][971]LogModuleManager: Shutting down and abandoning module GeometryCacheSequencer (360)
[2019.03.07-18.20.11:244][971]LogModuleManager: Shutting down and abandoning module BackChannel (358)
[2019.03.07-18.20.11:244][971]LogModuleManager: Shutting down and abandoning module AppleVision (356)
[2019.03.07-18.20.11:244][971]LogModuleManager: Shutting down and abandoning module AppleImageUtilsBlueprintSupport (354)
[2019.03.07-18.20.11:244][971]LogModuleManager: Shutting down and abandoning module AppleImageUtils (352)
[2019.03.07-18.20.11:245][971]LogModuleManager: Shutting down and abandoning module AlembicImporter (350)
[2019.03.07-18.20.11:245][971]LogModuleManager: Shutting down and abandoning module AlembicLibrary (349)
[2019.03.07-18.20.11:245][971]LogModuleManager: Shutting down and abandoning module GeometryCache (348)
[2019.03.07-18.20.11:245][971]LogModuleManager: Shutting down and abandoning module GeometryCacheEd (347)
[2019.03.07-18.20.11:245][971]LogModuleManager: Shutting down and abandoning module VariantManagerContent (342)
[2019.03.07-18.20.11:245][971]LogModuleManager: Shutting down and abandoning module DatasmithContentEditor (340)
[2019.03.07-18.20.11:245][971]LogModuleManager: Shutting down and abandoning module SpeedTreeImporter (338)
[2019.03.07-18.20.11:245][971]LogModuleManager: Shutting down and abandoning module PluginBrowser (336)
[2019.03.07-18.20.11:246][971]LogModuleManager: Shutting down and abandoning module MobileLauncherProfileWizard (334)
[2019.03.07-18.20.11:246][971]LogModuleManager: Shutting down and abandoning module PolygonModeling (332)
[2019.03.07-18.20.11:246][971]LogModuleManager: Shutting down and abandoning module MeshEditor (330)
[2019.03.07-18.20.11:246][971]LogModuleManager: Shutting down and abandoning module CryptoKeysOpenSSL (328)
[2019.03.07-18.20.11:246][971]LogModuleManager: Shutting down and abandoning module CryptoKeys (326)
[2019.03.07-18.20.11:246][971]LogModuleManager: Shutting down and abandoning module VisualStudioSourceCodeAccess (324)
[2019.03.07-18.20.11:247][971]LogModuleManager: Shutting down and abandoning module VisualStudioCodeSourceCodeAccess (322)
[2019.03.07-18.20.11:247][971]LogModuleManager: Shutting down and abandoning module UObjectPlugin (320)
[2019.03.07-18.20.11:247][971]LogModuleManager: Shutting down and abandoning module SubversionSourceControl (318)
[2019.03.07-18.20.11:247][971]LogModuleManager: Shutting down and abandoning module PerforceSourceControl (316)
[2019.03.07-18.20.11:247][971]LogModuleManager: Shutting down and abandoning module GitSourceControl (314)
[2019.03.07-18.20.11:247][971]LogModuleManager: Shutting down and abandoning module SourceControl (313)
[2019.03.07-18.20.11:248][971]LogModuleManager: Shutting down and abandoning module CLionSourceCodeAccess (310)
[2019.03.07-18.20.11:248][971]LogModuleManager: Shutting down and abandoning module ActorLayerUtilitiesEditor (308)
[2019.03.07-18.20.11:248][971]LogModuleManager: Shutting down and abandoning module ActorLayerUtilities (306)
[2019.03.07-18.20.11:248][971]LogModuleManager: Shutting down and abandoning module LightPropagationVolumeEditor (304)
[2019.03.07-18.20.11:248][971]LogModuleManager: Shutting down and abandoning module PaperTiledImporter (302)
[2019.03.07-18.20.11:248][971]LogModuleManager: Shutting down and abandoning module PaperSpriteSheetImporter (300)
[2019.03.07-18.20.11:248][971]LogModuleManager: Shutting down and abandoning module Paper2DEditor (298)
[2019.03.07-18.20.11:248][971]LogModuleManager: Shutting down and abandoning module MeshPaint (297)
[2019.03.07-18.20.11:248][971]LogModuleManager: Shutting down and abandoning module RuntimePhysXCooking (294)
[2019.03.07-18.20.11:249][971]LogModuleManager: Shutting down and abandoning module PhysXVehiclesEditor (292)
[2019.03.07-18.20.11:249][971]LogModuleManager: Shutting down and abandoning module PhysXVehicles (290)
[2019.03.07-18.20.11:249][971]LogModuleManager: Shutting down and abandoning module OculusEditor (288)
[2019.03.07-18.20.11:249][971]LogModuleManager: Shutting down and abandoning module LocationServicesBPLibrary (286)
[2019.03.07-18.20.11:249][971]LogModuleManager: Shutting down and abandoning module ActorSequence (284)
[2019.03.07-18.20.11:249][971]LogModuleManager: Shutting down and abandoning module UdpMessaging (282)
[2019.03.07-18.20.11:350][971]LogModuleManager: Shutting down and abandoning module TcpMessaging (280)
[2019.03.07-18.20.11:451][971]LogModuleManager: Shutting down and abandoning module MagicLeapAudio (278)
[2019.03.07-18.20.11:452][971]LogModuleManager: Shutting down and abandoning module GameplayTagsEditor (276)
[2019.03.07-18.20.11:453][971]LogModuleManager: Shutting down and abandoning module FacialAnimationEditor (274)
[2019.03.07-18.20.11:453][971]LogModuleManager: Shutting down and abandoning module FacialAnimation (272)
[2019.03.07-18.20.11:453][971]LogModuleManager: Shutting down and abandoning module DataValidation (270)
[2019.03.07-18.20.11:453][971]LogModuleManager: Shutting down and abandoning module AssetManagerEditor (268)
[2019.03.07-18.20.11:453][971]LogModuleManager: Shutting down and abandoning module LevelEditor (267)
[2019.03.07-18.20.11:458][971]LogModuleManager: Shutting down and abandoning module PixelInspectorModule (266)
[2019.03.07-18.20.11:458][971]LogModuleManager: Shutting down and abandoning module CommonMenuExtensions (264)
[2019.03.07-18.20.11:459][971]LogModuleManager: Shutting down and abandoning module MainFrame (262)
[2019.03.07-18.20.11:459][971]LogModuleManager: Shutting down and abandoning module HotReload (261)
[2019.03.07-18.20.11:462][971]LogModuleManager: Shutting down and abandoning module ContentBrowser (257)
[2019.03.07-18.20.11:465][971]LogModuleManager: Shutting down and abandoning module TreeMap (255)
[2019.03.07-18.20.11:466][971]LogModuleManager: Shutting down and abandoning module LightPropagationVolumeRuntime (252)
[2019.03.07-18.20.11:466][971]LogModuleManager: Shutting down and abandoning module AISupportModule (250)
[2019.03.07-18.20.11:466][971]LogModuleManager: Shutting down and abandoning module Paper2D (248)
[2019.03.07-18.20.11:466][971]LogModuleManager: Shutting down and abandoning module WindowsMoviePlayer (246)
[2019.03.07-18.20.11:466][971]LogModuleManager: Shutting down and abandoning module WebMMoviePlayer (244)
[2019.03.07-18.20.11:466][971]LogModuleManager: Shutting down and abandoning module WmfMedia (242)
[2019.03.07-18.20.11:472][971]LogModuleManager: Shutting down and abandoning module Media (241)
[2019.03.07-18.20.11:480][971]LogModuleManager: Shutting down and abandoning module PacketHandler (238)
[2019.03.07-18.20.11:480][971]LogModuleManager: Shutting down and abandoning module ClothingSystemEditor (236)
[2019.03.07-18.20.11:480][971]LogModuleManager: Shutting down and abandoning module ClothingSystemRuntime (234)
[2019.03.07-18.20.11:480][971]LogModuleManager: Shutting down and abandoning module MediaAssets (232)
[2019.03.07-18.20.11:481][971]LogModuleManager: Shutting down and abandoning module Overlay (230)
[2019.03.07-18.20.11:481][971]LogModuleManager: Shutting down and abandoning module OverlayEditor (229)
[2019.03.07-18.20.11:481][971]LogModuleManager: Shutting down and abandoning module VREditor (226)
[2019.03.07-18.20.11:481][971]LogModuleManager: Shutting down and abandoning module StringTableEditor (224)
[2019.03.07-18.20.11:481][971]LogModuleManager: Shutting down and abandoning module GameplayTasksEditor (222)
[2019.03.07-18.20.11:481][971]LogModuleManager: Shutting down and abandoning module BehaviorTreeEditor (220)
[2019.03.07-18.20.11:481][971]LogModuleManager: Shutting down and abandoning module FunctionalTesting (218)
[2019.03.07-18.20.11:481][971]LogModuleManager: Shutting down and abandoning module CollisionAnalyzer (216)
[2019.03.07-18.20.11:481][971]LogModuleManager: Shutting down and abandoning module WorkspaceMenuStructure (215)
[2019.03.07-18.20.11:482][971]LogModuleManager: Shutting down and abandoning module UMG (212)
[2019.03.07-18.20.11:482][971]LogModuleManager: Shutting down and abandoning module UMGEditor (211)
[2019.03.07-18.20.11:482][971]LogModuleManager: Shutting down and abandoning module Sequencer (210)
[2019.03.07-18.20.11:483][971]LogModuleManager: Shutting down and abandoning module MessageLog (207)
[2019.03.07-18.20.11:483][971]LogModuleManager: Shutting down and abandoning module SlateReflector (202)
[2019.03.07-18.20.11:483][971]LogModuleManager: Shutting down and abandoning module Slate (200)
[2019.03.07-18.20.11:483][971]LogModuleManager: Shutting down and abandoning module EditorStyle (198)
[2019.03.07-18.20.11:498][971]LogModuleManager: Shutting down and abandoning module MRMesh (196)
[2019.03.07-18.20.11:498][971]LogModuleManager: Shutting down and abandoning module SourceCodeAccess (194)
[2019.03.07-18.20.11:498][971]LogModuleManager: Shutting down and abandoning module HeadMountedDisplay (192)
[2019.03.07-18.20.11:498][971]LogModuleManager: Shutting down and abandoning module XAudio2 (190)
[2019.03.07-18.20.11:498][971]LogModuleManager: Shutting down and abandoning module Networking (188)
[2019.03.07-18.20.11:498][971]LogModuleManager: Shutting down and abandoning module Core (186)
[2019.03.07-18.20.11:498][971]LogModuleManager: Shutting down and abandoning module LevelSequence (184)
[2019.03.07-18.20.11:498][971]LogModuleManager: Shutting down and abandoning module KismetCompiler (182)
[2019.03.07-18.20.11:498][971]LogModuleManager: Shutting down and abandoning module MeshUtilities (180)
[2019.03.07-18.20.11:499][971]LogModuleManager: Shutting down and abandoning module MeshMergeUtilities (179)
[2019.03.07-18.20.11:499][971]LogModuleManager: Shutting down and abandoning module MeshReductionInterface (178)
[2019.03.07-18.20.11:499][971]LogModuleManager: Shutting down and abandoning module SimplygonSwarm (177)
[2019.03.07-18.20.11:499][971]LogModuleManager: Shutting down and abandoning module ProxyLODMeshReduction (175)
[2019.03.07-18.20.11:499][971]LogModuleManager: Shutting down and abandoning module SimplygonMeshReduction (173)
[2019.03.07-18.20.11:499][971]LogModuleManager: Shutting down and abandoning module QuadricMeshReduction (171)
[2019.03.07-18.20.11:499][971]LogModuleManager: Shutting down and abandoning module MaterialBaking (167)
[2019.03.07-18.20.11:499][971]LogModuleManager: Shutting down and abandoning module DirectoryWatcher (163)
[2019.03.07-18.20.11:499][971]LogModuleManager: Shutting down and abandoning module DerivedDataCache (160)
[2019.03.07-18.20.11:547][971]LogDerivedDataCache: Shutdown
[2019.03.07-18.20.11:548][971]LogModuleManager: Shutting down and abandoning module XGEController (158)
[2019.03.07-18.20.11:548][971]LogXGEController: Cleaning working directory: C:/Users/ALE/AppData/Local/Temp/UnrealXGEWorkingDir/
[2019.03.07-18.20.11:549][971]LogModuleManager: Shutting down and abandoning module TargetPlatform (156)
[2019.03.07-18.20.11:549][971]LogModuleManager: Shutting down and abandoning module VulkanShaderFormat (155)
[2019.03.07-18.20.11:549][971]LogModuleManager: Shutting down and abandoning module ShaderFormatVectorVM (153)
[2019.03.07-18.20.11:549][971]LogModuleManager: Shutting down and abandoning module ShaderFormatOpenGL (151)
[2019.03.07-18.20.11:549][971]LogModuleManager: Shutting down and abandoning module ShaderFormatD3D (149)
[2019.03.07-18.20.11:550][971]LogModuleManager: Shutting down and abandoning module MetalShaderFormat (147)
[2019.03.07-18.20.11:550][971]LogModuleManager: Shutting down and abandoning module TextureFormatUncompressed (145)
[2019.03.07-18.20.11:550][971]LogModuleManager: Shutting down and abandoning module TextureFormatPVR (143)
[2019.03.07-18.20.11:550][971]LogModuleManager: Shutting down and abandoning module TextureFormatDXT (141)
[2019.03.07-18.20.11:550][971]LogModuleManager: Shutting down and abandoning module TextureFormatIntelISPCTexComp (139)
[2019.03.07-18.20.11:551][971]LogModuleManager: Shutting down and abandoning module TextureFormatASTC (137)
[2019.03.07-18.20.11:551][971]LogModuleManager: Shutting down and abandoning module ImageWrapper (136)
[2019.03.07-18.20.11:551][971]LogModuleManager: Shutting down and abandoning module TextureFormatAndroid (133)
[2019.03.07-18.20.11:552][971]LogModuleManager: Shutting down and abandoning module AudioFormatOpus (131)
[2019.03.07-18.20.11:558][971]LogModuleManager: Shutting down and abandoning module AudioFormatOgg (129)
[2019.03.07-18.20.11:558][971]LogModuleManager: Shutting down and abandoning module AudioFormatADPCM (127)
[2019.03.07-18.20.11:558][971]LogModuleManager: Shutting down and abandoning module LuminTargetPlatform (125)
[2019.03.07-18.20.11:561][971]LogModuleManager: Shutting down and abandoning module LinuxTargetPlatform (123)
[2019.03.07-18.20.11:561][971]LogModuleManager: Shutting down and abandoning module LinuxServerTargetPlatform (121)
[2019.03.07-18.20.11:561][971]LogModuleManager: Shutting down and abandoning module LinuxNoEditorTargetPlatform (119)
[2019.03.07-18.20.11:561][971]LogModuleManager: Shutting down and abandoning module LinuxClientTargetPlatform (117)
[2019.03.07-18.20.11:562][971]LogModuleManager: Shutting down and abandoning module TVOSTargetPlatform (115)
[2019.03.07-18.20.11:565][971]LogModuleManager: Shutting down and abandoning module Messaging (113)
[2019.03.07-18.20.11:565][971]LogModuleManager: Shutting down and abandoning module IOSTargetPlatform (111)
[2019.03.07-18.20.11:568][971]LogModuleManager: Shutting down and abandoning module HTML5TargetPlatform (109)
[2019.03.07-18.20.11:569][971]LogModuleManager: Shutting down and abandoning module AndroidTargetPlatform (107)
[2019.03.07-18.20.11:606][971]LogModuleManager: Shutting down and abandoning module WindowsTargetPlatform (105)
[2019.03.07-18.20.11:606][971]LogModuleManager: Shutting down and abandoning module WindowsServerTargetPlatform (103)
[2019.03.07-18.20.11:606][971]LogModuleManager: Shutting down and abandoning module WindowsNoEditorTargetPlatform (101)
[2019.03.07-18.20.11:606][971]LogModuleManager: Shutting down and abandoning module WindowsClientTargetPlatform (99)
[2019.03.07-18.20.11:606][971]LogModuleManager: Shutting down and abandoning module MacTargetPlatform (97)
[2019.03.07-18.20.11:607][971]LogModuleManager: Shutting down and abandoning module MacServerTargetPlatform (95)
[2019.03.07-18.20.11:607][971]LogModuleManager: Shutting down and abandoning module MacNoEditorTargetPlatform (93)
[2019.03.07-18.20.11:607][971]LogModuleManager: Shutting down and abandoning module MacClientTargetPlatform (91)
[2019.03.07-18.20.11:608][971]LogModuleManager: Shutting down and abandoning module AllDesktopTargetPlatform (89)
[2019.03.07-18.20.11:608][971]LogModuleManager: Shutting down and abandoning module InputCore (86)
[2019.03.07-18.20.11:608][971]LogModuleManager: Shutting down and abandoning module Settings (84)
[2019.03.07-18.20.11:608][971]LogModuleManager: Shutting down and abandoning module PhysXCooking (82)
[2019.03.07-18.20.11:608][971]LogModuleManager: Shutting down and abandoning module SteamVR (80)
[2019.03.07-18.20.11:608][971]LogHMD: Freeing OpenVRDLLHandle.
[2019.03.07-18.20.11:608][971]LogModuleManager: Shutting down and abandoning module OculusHMD (78)
[2019.03.07-18.20.11:608][971]LogModuleManager: Shutting down and abandoning module ExampleDeviceProfileSelector (76)
[2019.03.07-18.20.11:608][971]LogModuleManager: Shutting down and abandoning module LauncherChunkInstaller (74)
[2019.03.07-18.20.11:608][971]LogModuleManager: Shutting down and abandoning module OnlineBlueprintSupport (72)
[2019.03.07-18.20.11:608][971]LogModuleManager: Shutting down and abandoning module OnlineSubsystem (68)
[2019.03.07-18.20.11:611][971]LogModuleManager: Shutting down and abandoning module XMPP (63)
[2019.03.07-18.20.11:611][971]LogModuleManager: Shutting down and abandoning module WebSockets (62)
[2019.03.07-18.20.11:629][971]LogModuleManager: Shutting down and abandoning module HTTP (59)
[2019.03.07-18.20.11:629][971]LogHttp: Display: Http module shutting down, but needs to wait on 1 outstanding Http requests:
[2019.03.07-18.20.11:629][971]LogHttp: Display: 	verb=[POST] url=[https://datarouter.ol.epicgames.com/datarouter/api/v1/public/data?SessionID=%7B162657AE-4321-6CA8-26B6-E19F57FDEE76%7D&AppID=UEEditor.Rocket.Release&AppVersion=4.21.2-4753647%2B%2B%2BUE4%2BRelease-4.21&UserID=afa4845147fe7219c468f4b37360faaa%7C5f4cfe0f471d44219164a6275e6d76cb%7C6adc9a6b-9a80-4162-a0b4-66f5f40414f5&AppEnvironment=datacollector-binary&UploadType=eteventstream] status=Processing
[2019.03.07-18.20.11:666][971]LogModuleManager: Shutting down and abandoning module SSL (58)
[2019.03.07-18.20.11:675][971]LogModuleManager: Shutting down and abandoning module MagicLeapIdentity (54)
[2019.03.07-18.20.11:677][971]LogModuleManager: Shutting down and abandoning module MagicLeapHelperVulkan (52)
[2019.03.07-18.20.11:678][971]LogModuleManager: Shutting down and abandoning module MagicLeapHelperOpenGL (50)
[2019.03.07-18.20.11:678][971]LogModuleManager: Shutting down and abandoning module MagicLeapSecureStorage (48)
[2019.03.07-18.20.11:678][971]LogModuleManager: Shutting down and abandoning module MagicLeapHandTracking (46)
[2019.03.07-18.20.11:678][971]LogModuleManager: Shutting down and abandoning module MagicLeapEyeTracker (44)
[2019.03.07-18.20.11:678][971]LogModuleManager: Shutting down and abandoning module MagicLeapController (42)
[2019.03.07-18.20.11:679][971]LogSlate: Slate User Destroyed.  User Index 0, Is Virtual User: 0
[2019.03.07-18.20.11:679][971]LogModuleManager: Shutting down and abandoning module MagicLeap (40)
[2019.03.07-18.20.11:679][971]LogModuleManager: Shutting down and abandoning module DatasmithContent (38)
[2019.03.07-18.20.11:681][971]LogModuleManager: Shutting down and abandoning module AnimationModifiers (36)
[2019.03.07-18.20.11:681][971]LogModuleManager: Shutting down and abandoning module PropertyEditor (35)
[2019.03.07-18.20.11:681][971]LogModuleManager: Shutting down and abandoning module AudioEditor (32)
[2019.03.07-18.20.11:682][971]LogModuleManager: Shutting down and abandoning module TextureCompressor (30)
[2019.03.07-18.20.11:682][971]LogModuleManager: Shutting down and abandoning module ShaderCore (28)
[2019.03.07-18.20.11:682][971]LogModuleManager: Shutting down and abandoning module Landscape (26)
[2019.03.07-18.20.11:682][971]LogModuleManager: Shutting down and abandoning module SlateRHIRenderer (24)
[2019.03.07-18.20.11:683][971]LogModuleManager: Shutting down and abandoning module OpenGLDrv (22)
[2019.03.07-18.20.11:683][971]LogModuleManager: Shutting down and abandoning module D3D11RHI (20)
[2019.03.07-18.20.11:683][971]LogModuleManager: Shutting down and abandoning module AnimGraphRuntime (18)
[2019.03.07-18.20.11:684][971]LogModuleManager: Shutting down and abandoning module Renderer (16)
[2019.03.07-18.20.11:684][971]LogModuleManager: Shutting down and abandoning module Engine (14)
[2019.03.07-18.20.11:684][971]LogModuleManager: Shutting down and abandoning module CoreUObject (12)
[2019.03.07-18.20.11:684][971]LogModuleManager: Shutting down and abandoning module NetworkFile (10)
[2019.03.07-18.20.11:684][971]LogModuleManager: Shutting down and abandoning module CookedIterativeFile (8)
[2019.03.07-18.20.11:684][971]LogModuleManager: Shutting down and abandoning module StreamingFile (6)
[2019.03.07-18.20.11:684][971]LogModuleManager: Shutting down and abandoning module SandboxFile (4)
[2019.03.07-18.20.11:684][971]LogModuleManager: Shutting down and abandoning module PakFile (2)
[2019.03.07-18.20.11:705][971]LogExit: Exiting.
[2019.03.07-18.20.11:810][971]Log file closed, 03/07/19 12:20:11
