Log file open, 03/07/19 12:44:19
LogWindows: Failed to load 'aqProf.dll' (GetLastError=126)
LogWindows: File 'aqProf.dll' does not exist
LogWindows: Failed to load 'VtuneApi.dll' (GetLastError=126)
LogWindows: File 'VtuneApi.dll' does not exist
LogWindows: Failed to load 'VtuneApi32e.dll' (GetLastError=126)
LogWindows: File 'VtuneApi32e.dll' does not exist
LogConsoleResponse: Display: Failed to find resolution value strings in scalability ini. Falling back to default.
LogInit: Display: Running engine for game: ALE_P2_MILESTONE_1
LogPakFile: Registered encryption key '00000000000000000000000000000000': 0 pak files mounted, 0 remain pending
LogPlatformFile: Not using cached read wrapper
LogTaskGraph: Started task graph with 5 named threads and 23 total threads with 3 sets of task threads.
LogStats: Stats thread started at 11.467825
LogD3D11RHI: Loaded GFSDK_Aftermath_Lib.x64.dll
LogICUInternationalization: ICU TimeZone Detection - Raw Offset: -6:00, Platform Override: ''
LogPluginManager: Mounting plugin Paper2D
LogPluginManager: Mounting plugin AISupport
LogPluginManager: Mounting plugin LightPropagationVolume
LogPluginManager: Mounting plugin ActorLayerUtilities
LogPluginManager: Mounting plugin CLionSourceCodeAccess
LogPluginManager: Mounting plugin CodeLiteSourceCodeAccess
LogPluginManager: Mounting plugin GitSourceControl
LogPluginManager: Mounting plugin KDevelopSourceCodeAccess
LogPluginManager: Mounting plugin NullSourceCodeAccess
LogPluginManager: Mounting plugin PerforceSourceControl
LogPluginManager: Mounting plugin SubversionSourceControl
LogPluginManager: Mounting plugin UObjectPlugin
LogPluginManager: Mounting plugin VisualStudioCodeSourceCodeAccess
LogPluginManager: Mounting plugin VisualStudioSourceCodeAccess
LogPluginManager: Mounting plugin XCodeSourceCodeAccess
LogPluginManager: Mounting plugin AssetManagerEditor
LogPluginManager: Mounting plugin CryptoKeys
LogPluginManager: Mounting plugin DataValidation
LogPluginManager: Mounting plugin FacialAnimation
LogPluginManager: Mounting plugin GameplayTagsEditor
LogPluginManager: Mounting plugin MacGraphicsSwitching
LogPluginManager: Mounting plugin MeshEditor
LogPluginManager: Mounting plugin MobileLauncherProfileWizard
LogPluginManager: Mounting plugin PluginBrowser
LogPluginManager: Mounting plugin SpeedTreeImporter
LogPluginManager: Mounting plugin DatasmithContent
LogPluginManager: Mounting plugin VariantManagerContent
LogPluginManager: Mounting plugin AlembicImporter
LogPluginManager: Mounting plugin AppleImageUtils
LogPluginManager: Mounting plugin AppleVision
LogPluginManager: Mounting plugin BackChannel
LogPluginManager: Mounting plugin CharacterAI
LogPluginManager: Mounting plugin GeometryCache
LogPluginManager: Mounting plugin HTML5Networking
LogPluginManager: Mounting plugin ProxyLODPlugin
LogPluginManager: Mounting plugin MagicLeap
LogPluginManager: Mounting plugin MagicLeapMedia
LogPluginManager: Mounting plugin AndroidMedia
LogPluginManager: Mounting plugin AvfMedia
LogPluginManager: Mounting plugin ImgMedia
LogPluginManager: Mounting plugin LinearTimecode
LogPluginManager: Mounting plugin MediaCompositing
LogPluginManager: Mounting plugin MediaPlayerEditor
LogPluginManager: Mounting plugin WebMMedia
LogPluginManager: Mounting plugin WmfMedia
LogPluginManager: Mounting plugin TcpMessaging
LogPluginManager: Mounting plugin UdpMessaging
LogPluginManager: Mounting plugin ActorSequence
LogPluginManager: Mounting plugin LevelSequenceEditor
LogPluginManager: Mounting plugin MatineeToLevelSequence
LogPluginManager: Mounting plugin NetcodeUnitTest
LogPluginManager: Mounting plugin NUTUnrealEngine4
LogPluginManager: Mounting plugin OnlineSubsystemGooglePlay
LogPluginManager: Mounting plugin OnlineSubsystemIOS
LogPluginManager: Mounting plugin OnlineSubsystem
LogPluginManager: Mounting plugin OnlineSubsystemNull
LogPluginManager: Mounting plugin OnlineSubsystemUtils
LogPluginManager: Mounting plugin LauncherChunkInstaller
LogPluginManager: Mounting plugin AndroidDeviceProfileSelector
LogPluginManager: Mounting plugin AndroidMoviePlayer
LogPluginManager: Mounting plugin AndroidPermission
LogPluginManager: Mounting plugin AppleMoviePlayer
LogPluginManager: Mounting plugin ArchVisCharacter
LogPluginManager: Mounting plugin AudioCapture
LogPluginManager: Mounting plugin CableComponent
LogPluginManager: Mounting plugin CustomMeshComponent
LogPluginManager: Mounting plugin EditableMesh
LogPluginManager: Mounting plugin ExampleDeviceProfileSelector
LogPluginManager: Mounting plugin Firebase
LogPluginManager: Mounting plugin GoogleCloudMessaging
LogPluginManager: Mounting plugin IOSDeviceProfileSelector
LogPluginManager: Mounting plugin LinuxDeviceProfileSelector
LogPluginManager: Mounting plugin LocationServicesBPLibrary
LogPluginManager: Mounting plugin MobilePatchingUtils
LogPluginManager: Mounting plugin OculusVR
LogPluginManager: Mounting plugin PhysXVehicles
LogPluginManager: Mounting plugin ProceduralMeshComponent
LogPluginManager: Mounting plugin RuntimePhysXCooking
LogPluginManager: Mounting plugin SteamVR
LogPluginManager: Mounting plugin WebMMoviePlayer
LogPluginManager: Mounting plugin WindowsMoviePlayer
LogStreaming: Display: Took  0.240s to configure plugins.
LogInit: Using libcurl 7.55.1-DEV
LogInit:  - built for x86_64-pc-win32
LogInit:  - supports SSL with OpenSSL/1.0.2h
LogInit:  - supports HTTP deflate (compression) using libz 1.2.8
LogInit:  - other features:
LogInit:      CURL_VERSION_SSL
LogInit:      CURL_VERSION_LIBZ
LogInit:      CURL_VERSION_IPV6
LogInit:      CURL_VERSION_ASYNCHDNS
LogInit:      CURL_VERSION_LARGEFILE
LogInit:      CURL_VERSION_IDN
LogInit:  CurlRequestOptions (configurable via config and command line):
LogInit:  - bVerifyPeer = true  - Libcurl will verify peer certificate
LogInit:  - bUseHttpProxy = false  - Libcurl will NOT use HTTP proxy
LogInit:  - bDontReuseConnections = false  - Libcurl will reuse connections
LogInit:  - MaxHostConnections = 16  - Libcurl will limit the number of connections to a host
LogInit:  - LocalHostAddr = Default
LogInit:  - BufferSize = 65536
LogInit: WinSock: version 1.1 (2.2), MaxSocks=32767, MaxUdp=65467
LogHMD: Failed initializing OVRPlugin 1.28.0
LogInit: Build: ++UE4+Release-4.21-CL-4753647
LogInit: Engine Version: 4.21.2-4753647+++UE4+Release-4.21
LogInit: Compatible Engine Version: 4.21.0-4541578+++UE4+Release-4.21
LogInit: Net CL: 4541578
LogInit: OS: Windows 10 (), CPU: Intel(R) Core(TM) i7-4770 CPU @ 3.40GHz, GPU: AMD Radeon HD 8570
LogInit: Compiled (64-bit): Jan 19 2019 02:07:31
LogInit: Compiled with Visual C++: 19.13.26129.00
LogInit: Build Configuration: Development
LogInit: Branch Name: ++UE4+Release-4.21
LogInit: Command Line: 
LogInit: Base Directory: C:/UE_4.21/Engine/Binaries/Win64/
LogInit: Installed Engine Build: 1
LogDevObjectVersion: Number of dev versions registered: 22
LogDevObjectVersion:   Dev-Blueprints (B0D832E4-1F89-4F0D-ACCF-7EB736FD4AA2): 10
LogDevObjectVersion:   Dev-Build (E1C64328-A22C-4D53-A36C-8E866417BD8C): 0
LogDevObjectVersion:   Dev-Core (375EC13C-06E4-48FB-B500-84F0262A717E): 2
LogDevObjectVersion:   Dev-Editor (E4B068ED-F494-42E9-A231-DA0B2E46BB41): 26
LogDevObjectVersion:   Dev-Framework (CFFC743F-43B0-4480-9391-14DF171D2073): 34
LogDevObjectVersion:   Dev-Mobile (B02B49B5-BB20-44E9-A304-32B752E40360): 2
LogDevObjectVersion:   Dev-Networking (A4E4105C-59A1-49B5-A7C5-40C4547EDFEE): 0
LogDevObjectVersion:   Dev-Online (39C831C9-5AE6-47DC-9A44-9C173E1C8E7C): 0
LogDevObjectVersion:   Dev-Physics (78F01B33-EBEA-4F98-B9B4-84EACCB95AA2): 0
LogDevObjectVersion:   Dev-Platform (6631380F-2D4D-43E0-8009-CF276956A95A): 0
LogDevObjectVersion:   Dev-Rendering (12F88B9F-8875-4AFC-A67C-D90C383ABD29): 27
LogDevObjectVersion:   Dev-Sequencer (7B5AE74C-D270-4C10-A958-57980B212A5A): 9
LogDevObjectVersion:   Dev-VR (D7296918-1DD6-4BDD-9DE2-64A83CC13884): 2
LogDevObjectVersion:   Dev-LoadTimes (C2A15278-BFE7-4AFE-6C17-90FF531DF755): 1
LogDevObjectVersion:   Private-Geometry (6EACA3D4-40EC-4CC1-B786-8BED09428FC5): 3
LogDevObjectVersion:   Dev-AnimPhys (29E575DD-E0A3-4627-9D10-D276232CDCEA): 17
LogDevObjectVersion:   Dev-Anim (AF43A65D-7FD3-4947-9873-3E8ED9C1BB05): 2
LogDevObjectVersion:   Dev-ReflectionCapture (6B266CEC-1EC7-4B8F-A30B-E4D90942FC07): 1
LogDevObjectVersion:   Dev-Automation (0DF73D61-A23F-47EA-B727-89E90C41499A): 1
LogDevObjectVersion:   FortniteMain (601D1886-AC64-4F84-AA16-D3DE0DEAC7D6): 17
LogDevObjectVersion:   Dev-Enterprise (9DFFBCD6-494F-0158-E221-12823C92A888): 4
LogDevObjectVersion:   Dev-Niagara (F2AED0AC-9AFE-416F-8664-AA7FFA26D6FC): 1
LogStreaming: Display: Took  0.001s to delete old logs.
LogInit: Presizing for max 8388607 objects, including 0 objects not considered by GC, pre-allocating 0 bytes for permanent pool.
LogInit: Object subsystem initialized
LogConfig: Setting CVar [[con.DebugEarlyDefault:1]]
LogConfig: Setting CVar [[r.setres:1280x720]]
[2019.03.07-18.44.24:963][  0]LogConfig: Setting CVar [[r.VSync:0]]
[2019.03.07-18.44.24:963][  0]LogConfig: Setting CVar [[r.RHICmdBypass:0]]
[2019.03.07-18.44.24:963][  0]LogConfig: Applying CVar settings from Section [/Script/Engine.RendererSettings] File [C:/Users/W207693544/Documents/GAME 2304/PROJECT 2/ALE_PROJECT2/ALE_P2_MILESTONE_1/Saved/Config/Windows/Engine.ini]
[2019.03.07-18.44.24:963][  0]LogConfig: Setting CVar [[r.GPUCrashDebugging:0]]
[2019.03.07-18.44.24:963][  0]LogConfig: Applying CVar settings from Section [/Script/Engine.RendererOverrideSettings] File [C:/Users/W207693544/Documents/GAME 2304/PROJECT 2/ALE_PROJECT2/ALE_P2_MILESTONE_1/Saved/Config/Windows/Engine.ini]
[2019.03.07-18.44.24:963][  0]LogConfig: Applying CVar settings from Section [/Script/Engine.StreamingSettings] File [C:/Users/W207693544/Documents/GAME 2304/PROJECT 2/ALE_PROJECT2/ALE_P2_MILESTONE_1/Saved/Config/Windows/Engine.ini]
[2019.03.07-18.44.24:963][  0]LogConfig: Setting CVar [[s.MinBulkDataSizeForAsyncLoading:131072]]
[2019.03.07-18.44.24:963][  0]LogConfig: Setting CVar [[s.AsyncLoadingThreadEnabled:0]]
[2019.03.07-18.44.24:963][  0]LogConfig: Setting CVar [[s.EventDrivenLoaderEnabled:1]]
[2019.03.07-18.44.24:963][  0]LogConfig: Setting CVar [[s.WarnIfTimeLimitExceeded:0]]
[2019.03.07-18.44.24:963][  0]LogConfig: Setting CVar [[s.TimeLimitExceededMultiplier:1.5]]
[2019.03.07-18.44.24:964][  0]LogConfig: Setting CVar [[s.TimeLimitExceededMinTime:0.005]]
[2019.03.07-18.44.24:964][  0]LogConfig: Setting CVar [[s.UseBackgroundLevelStreaming:1]]
[2019.03.07-18.44.24:964][  0]LogConfig: Setting CVar [[s.PriorityAsyncLoadingExtraTime:15.0]]
[2019.03.07-18.44.24:964][  0]LogConfig: Setting CVar [[s.LevelStreamingActorsUpdateTimeLimit:5.0]]
[2019.03.07-18.44.24:964][  0]LogConfig: Setting CVar [[s.PriorityLevelStreamingActorsUpdateExtraTime:5.0]]
[2019.03.07-18.44.24:964][  0]LogConfig: Setting CVar [[s.LevelStreamingComponentsRegistrationGranularity:10]]
[2019.03.07-18.44.24:964][  0]LogConfig: Setting CVar [[s.UnregisterComponentsTimeLimit:1.0]]
[2019.03.07-18.44.24:964][  0]LogConfig: Setting CVar [[s.LevelStreamingComponentsUnregistrationGranularity:5]]
[2019.03.07-18.44.24:964][  0]LogConfig: Applying CVar settings from Section [/Script/Engine.GarbageCollectionSettings] File [C:/Users/W207693544/Documents/GAME 2304/PROJECT 2/ALE_PROJECT2/ALE_P2_MILESTONE_1/Saved/Config/Windows/Engine.ini]
[2019.03.07-18.44.24:964][  0]LogConfig: Setting CVar [[gc.MaxObjectsNotConsideredByGC:1]]
[2019.03.07-18.44.24:964][  0]LogConfig: Setting CVar [[gc.SizeOfPermanentObjectPool:0]]
[2019.03.07-18.44.24:964][  0]LogConfig: Setting CVar [[gc.FlushStreamingOnGC:0]]
[2019.03.07-18.44.24:964][  0]LogConfig: Setting CVar [[gc.NumRetriesBeforeForcingGC:10]]
[2019.03.07-18.44.24:964][  0]LogConfig: Setting CVar [[gc.AllowParallelGC:1]]
[2019.03.07-18.44.24:964][  0]LogConfig: Setting CVar [[gc.TimeBetweenPurgingPendingKillObjects:61.1]]
[2019.03.07-18.44.24:964][  0]LogConfig: Setting CVar [[gc.MaxObjectsInEditor:8388607]]
[2019.03.07-18.44.24:964][  0]LogConfig: Setting CVar [[gc.IncrementalBeginDestroyEnabled:1]]
[2019.03.07-18.44.24:964][  0]LogConfig: Setting CVar [[gc.CreateGCClusters:1]]
[2019.03.07-18.44.24:964][  0]LogConfig: Setting CVar [[gc.MergeGCClusters:0]]
[2019.03.07-18.44.24:964][  0]LogConfig: Setting CVar [[gc.MinGCClusterSize:5]]
[2019.03.07-18.44.24:964][  0]LogConfig: Setting CVar [[gc.ActorClusteringEnabled:0]]
[2019.03.07-18.44.24:964][  0]LogConfig: Setting CVar [[gc.BlueprintClusteringEnabled:0]]
[2019.03.07-18.44.24:964][  0]LogConfig: Setting CVar [[gc.UseDisregardForGCOnDedicatedServers:0]]
[2019.03.07-18.44.24:964][  0]LogConfig: Applying CVar settings from Section [/Script/Engine.NetworkSettings] File [C:/Users/W207693544/Documents/GAME 2304/PROJECT 2/ALE_PROJECT2/ALE_P2_MILESTONE_1/Saved/Config/Windows/Engine.ini]
[2019.03.07-18.44.24:964][  0]LogConfig: Applying CVar settings from Section [/Script/UnrealEd.CookerSettings] File [C:/Users/W207693544/Documents/GAME 2304/PROJECT 2/ALE_PROJECT2/ALE_P2_MILESTONE_1/Saved/Config/Windows/Engine.ini]
[2019.03.07-18.44.25:062][  0]LogConfig: Applying CVar settings from Section [ViewDistanceQuality@3] File [C:/Users/W207693544/Documents/GAME 2304/PROJECT 2/ALE_PROJECT2/ALE_P2_MILESTONE_1/Saved/Config/Windows/Scalability.ini]
[2019.03.07-18.44.25:062][  0]LogConfig: Setting CVar [[r.SkeletalMeshLODBias:0]]
[2019.03.07-18.44.25:062][  0]LogConfig: Setting CVar [[r.ViewDistanceScale:1.0]]
[2019.03.07-18.44.25:062][  0]LogConfig: Applying CVar settings from Section [AntiAliasingQuality@3] File [C:/Users/W207693544/Documents/GAME 2304/PROJECT 2/ALE_PROJECT2/ALE_P2_MILESTONE_1/Saved/Config/Windows/Scalability.ini]
[2019.03.07-18.44.25:062][  0]LogConfig: Setting CVar [[r.PostProcessAAQuality:4]]
[2019.03.07-18.44.25:062][  0]LogConfig: Applying CVar settings from Section [ShadowQuality@3] File [C:/Users/W207693544/Documents/GAME 2304/PROJECT 2/ALE_PROJECT2/ALE_P2_MILESTONE_1/Saved/Config/Windows/Scalability.ini]
[2019.03.07-18.44.25:062][  0]LogConfig: Setting CVar [[r.LightFunctionQuality:1]]
[2019.03.07-18.44.25:062][  0]LogConfig: Setting CVar [[r.ShadowQuality:5]]
[2019.03.07-18.44.25:062][  0]LogConfig: Setting CVar [[r.Shadow.CSM.MaxCascades:10]]
[2019.03.07-18.44.25:062][  0]LogConfig: Setting CVar [[r.Shadow.MaxResolution:2048]]
[2019.03.07-18.44.25:062][  0]LogConfig: Setting CVar [[r.Shadow.MaxCSMResolution:2048]]
[2019.03.07-18.44.25:062][  0]LogConfig: Setting CVar [[r.Shadow.RadiusThreshold:0.01]]
[2019.03.07-18.44.25:062][  0]LogConfig: Setting CVar [[r.Shadow.DistanceScale:1.0]]
[2019.03.07-18.44.25:062][  0]LogConfig: Setting CVar [[r.Shadow.CSM.TransitionScale:1.0]]
[2019.03.07-18.44.25:062][  0]LogConfig: Setting CVar [[r.Shadow.PreShadowResolutionFactor:1.0]]
[2019.03.07-18.44.25:062][  0]LogConfig: Setting CVar [[r.DistanceFieldShadowing:1]]
[2019.03.07-18.44.25:062][  0]LogConfig: Setting CVar [[r.DistanceFieldAO:1]]
[2019.03.07-18.44.25:062][  0]LogConfig: Setting CVar [[r.AOQuality:2]]
[2019.03.07-18.44.25:062][  0]LogConfig: Setting CVar [[r.VolumetricFog:1]]
[2019.03.07-18.44.25:062][  0]LogConfig: Setting CVar [[r.VolumetricFog.GridPixelSize:8]]
[2019.03.07-18.44.25:062][  0]LogConfig: Setting CVar [[r.VolumetricFog.GridSizeZ:128]]
[2019.03.07-18.44.25:062][  0]LogConfig: Setting CVar [[r.VolumetricFog.HistoryMissSupersampleCount:4]]
[2019.03.07-18.44.25:062][  0]LogConfig: Setting CVar [[r.LightMaxDrawDistanceScale:1]]
[2019.03.07-18.44.25:062][  0]LogConfig: Setting CVar [[r.CapsuleShadows:1]]
[2019.03.07-18.44.25:062][  0]LogConfig: Applying CVar settings from Section [PostProcessQuality@3] File [C:/Users/W207693544/Documents/GAME 2304/PROJECT 2/ALE_PROJECT2/ALE_P2_MILESTONE_1/Saved/Config/Windows/Scalability.ini]
[2019.03.07-18.44.25:062][  0]LogConfig: Setting CVar [[r.MotionBlurQuality:4]]
[2019.03.07-18.44.25:062][  0]LogConfig: Setting CVar [[r.AmbientOcclusionMipLevelFactor:0.4]]
[2019.03.07-18.44.25:062][  0]LogConfig: Setting CVar [[r.AmbientOcclusionMaxQuality:100]]
[2019.03.07-18.44.25:062][  0]LogConfig: Setting CVar [[r.AmbientOcclusionLevels:-1]]
[2019.03.07-18.44.25:062][  0]LogConfig: Setting CVar [[r.AmbientOcclusionRadiusScale:1.0]]
[2019.03.07-18.44.25:062][  0]LogConfig: Setting CVar [[r.DepthOfFieldQuality:2]]
[2019.03.07-18.44.25:062][  0]LogConfig: Setting CVar [[r.RenderTargetPoolMin:400]]
[2019.03.07-18.44.25:062][  0]LogConfig: Setting CVar [[r.LensFlareQuality:2]]
[2019.03.07-18.44.25:062][  0]LogConfig: Setting CVar [[r.SceneColorFringeQuality:1]]
[2019.03.07-18.44.25:062][  0]LogConfig: Setting CVar [[r.EyeAdaptationQuality:2]]
[2019.03.07-18.44.25:062][  0]LogConfig: Setting CVar [[r.BloomQuality:5]]
[2019.03.07-18.44.25:062][  0]LogConfig: Setting CVar [[r.FastBlurThreshold:100]]
[2019.03.07-18.44.25:063][  0]LogConfig: Setting CVar [[r.Upscale.Quality:3]]
[2019.03.07-18.44.25:063][  0]LogConfig: Setting CVar [[r.Tonemapper.GrainQuantization:1]]
[2019.03.07-18.44.25:063][  0]LogConfig: Setting CVar [[r.LightShaftQuality:1]]
[2019.03.07-18.44.25:063][  0]LogConfig: Setting CVar [[r.Filter.SizeScale:1]]
[2019.03.07-18.44.25:063][  0]LogConfig: Setting CVar [[r.Tonemapper.Quality:5]]
[2019.03.07-18.44.25:063][  0]LogConfig: Setting CVar [[r.DOF.Gather.AccumulatorQuality:1        ; higher gathering accumulator quality]]
[2019.03.07-18.44.25:063][  0]LogConfig: Setting CVar [[r.DOF.Gather.PostfilterMethod:1          ; Median3x3 postfilering method]]
[2019.03.07-18.44.25:063][  0]LogConfig: Setting CVar [[r.DOF.Gather.EnableBokehSettings:0       ; no bokeh simulation when gathering]]
[2019.03.07-18.44.25:063][  0]LogConfig: Setting CVar [[r.DOF.Gather.RingCount:4                 ; medium number of samples when gathering]]
[2019.03.07-18.44.25:063][  0]LogConfig: Setting CVar [[r.DOF.Scatter.ForegroundCompositing:1    ; additive foreground scattering]]
[2019.03.07-18.44.25:063][  0]LogConfig: Setting CVar [[r.DOF.Scatter.BackgroundCompositing:2    ; additive background scattering]]
[2019.03.07-18.44.25:063][  0]LogConfig: Setting CVar [[r.DOF.Scatter.EnableBokehSettings:1      ; bokeh simulation when scattering]]
[2019.03.07-18.44.25:063][  0]LogConfig: Setting CVar [[r.DOF.Scatter.MaxSpriteRatio:0.1         ; only a maximum of 10% of scattered bokeh]]
[2019.03.07-18.44.25:063][  0]LogConfig: Setting CVar [[r.DOF.Recombine.Quality:1                ; cheap slight out of focus]]
[2019.03.07-18.44.25:063][  0]LogConfig: Setting CVar [[r.DOF.Recombine.EnableBokehSettings:0    ; no bokeh simulation on slight out of focus]]
[2019.03.07-18.44.25:063][  0]LogConfig: Setting CVar [[r.DOF.TemporalAAQuality:1                ; more stable temporal accumulation]]
[2019.03.07-18.44.25:063][  0]LogConfig: Setting CVar [[r.DOF.Kernel.MaxForegroundRadius:0.025]]
[2019.03.07-18.44.25:063][  0]LogConfig: Setting CVar [[r.DOF.Kernel.MaxBackgroundRadius:0.025]]
[2019.03.07-18.44.25:063][  0]LogConfig: Applying CVar settings from Section [TextureQuality@3] File [C:/Users/W207693544/Documents/GAME 2304/PROJECT 2/ALE_PROJECT2/ALE_P2_MILESTONE_1/Saved/Config/Windows/Scalability.ini]
[2019.03.07-18.44.25:063][  0]LogConfig: Setting CVar [[r.Streaming.MipBias:0]]
[2019.03.07-18.44.25:063][  0]LogConfig: Setting CVar [[r.Streaming.AmortizeCPUToGPUCopy:0]]
[2019.03.07-18.44.25:063][  0]LogConfig: Setting CVar [[r.Streaming.MaxNumTexturesToStreamPerFrame:0]]
[2019.03.07-18.44.25:063][  0]LogConfig: Setting CVar [[r.Streaming.Boost:1]]
[2019.03.07-18.44.25:063][  0]LogConfig: Setting CVar [[r.MaxAnisotropy:8]]
[2019.03.07-18.44.25:063][  0]LogConfig: Setting CVar [[r.Streaming.LimitPoolSizeToVRAM:0]]
[2019.03.07-18.44.25:063][  0]LogConfig: Setting CVar [[r.Streaming.PoolSize:1000]]
[2019.03.07-18.44.25:063][  0]LogConfig: Setting CVar [[r.Streaming.MaxEffectiveScreenSize:0]]
[2019.03.07-18.44.25:063][  0]LogConfig: Applying CVar settings from Section [EffectsQuality@3] File [C:/Users/W207693544/Documents/GAME 2304/PROJECT 2/ALE_PROJECT2/ALE_P2_MILESTONE_1/Saved/Config/Windows/Scalability.ini]
[2019.03.07-18.44.25:063][  0]LogConfig: Setting CVar [[r.TranslucencyLightingVolumeDim:64]]
[2019.03.07-18.44.25:063][  0]LogConfig: Setting CVar [[r.RefractionQuality:2]]
[2019.03.07-18.44.25:063][  0]LogConfig: Setting CVar [[r.SSR.Quality:3]]
[2019.03.07-18.44.25:063][  0]LogConfig: Setting CVar [[r.SceneColorFormat:4]]
[2019.03.07-18.44.25:063][  0]LogConfig: Setting CVar [[r.DetailMode:2]]
[2019.03.07-18.44.25:063][  0]LogConfig: Setting CVar [[r.TranslucencyVolumeBlur:1]]
[2019.03.07-18.44.25:063][  0]LogConfig: Setting CVar [[r.MaterialQualityLevel:1 ; High quality]]
[2019.03.07-18.44.25:063][  0]LogConfig: Setting CVar [[r.SSS.Scale:1]]
[2019.03.07-18.44.25:063][  0]LogConfig: Setting CVar [[r.SSS.SampleSet:2]]
[2019.03.07-18.44.25:063][  0]LogConfig: Setting CVar [[r.SSS.Quality:1]]
[2019.03.07-18.44.25:063][  0]LogConfig: Setting CVar [[r.SSS.HalfRes:1]]
[2019.03.07-18.44.25:063][  0]LogConfig: Setting CVar [[r.EmitterSpawnRateScale:1.0]]
[2019.03.07-18.44.25:063][  0]LogConfig: Setting CVar [[r.ParticleLightQuality:2]]
[2019.03.07-18.44.25:063][  0]LogConfig: Applying CVar settings from Section [FoliageQuality@3] File [C:/Users/W207693544/Documents/GAME 2304/PROJECT 2/ALE_PROJECT2/ALE_P2_MILESTONE_1/Saved/Config/Windows/Scalability.ini]
[2019.03.07-18.44.25:063][  0]LogConfig: Setting CVar [[foliage.DensityScale:1.0]]
[2019.03.07-18.44.25:063][  0]LogConfig: Setting CVar [[grass.DensityScale:1.0]]
[2019.03.07-18.44.25:084][  0]LogInit: Selected Device Profile: [Windows]
[2019.03.07-18.44.25:084][  0]LogInit: Applying CVar settings loaded from the selected device profile: [Windows]
[2019.03.07-18.44.25:146][  0]LogHAL: Display: Platform has ~ 16 GB [17119154176 / 17179869184 / 16], which maps to Larger [LargestMinGB=32, LargerMinGB=12, DefaultMinGB=8, SmallerMinGB=6, SmallestMinGB=0)
[2019.03.07-18.44.25:158][  0]LogConfig: Setting CVar [[r.Vulkan.UseRealUBs:1]]
[2019.03.07-18.44.25:158][  0]LogInit: Going up to parent DeviceProfile []
[2019.03.07-18.44.25:158][  0]LogConfig: Applying CVar settings from Section [ViewDistanceQuality@3] File [C:/Users/W207693544/Documents/GAME 2304/PROJECT 2/ALE_PROJECT2/ALE_P2_MILESTONE_1/Saved/Config/Windows/Scalability.ini]
[2019.03.07-18.44.25:158][  0]LogConfig: Setting CVar [[r.SkeletalMeshLODBias:0]]
[2019.03.07-18.44.25:158][  0]LogConfig: Setting CVar [[r.ViewDistanceScale:1.0]]
[2019.03.07-18.44.25:158][  0]LogConfig: Applying CVar settings from Section [AntiAliasingQuality@3] File [C:/Users/W207693544/Documents/GAME 2304/PROJECT 2/ALE_PROJECT2/ALE_P2_MILESTONE_1/Saved/Config/Windows/Scalability.ini]
[2019.03.07-18.44.25:158][  0]LogConfig: Setting CVar [[r.PostProcessAAQuality:4]]
[2019.03.07-18.44.25:158][  0]LogConfig: Applying CVar settings from Section [ShadowQuality@3] File [C:/Users/W207693544/Documents/GAME 2304/PROJECT 2/ALE_PROJECT2/ALE_P2_MILESTONE_1/Saved/Config/Windows/Scalability.ini]
[2019.03.07-18.44.25:158][  0]LogConfig: Setting CVar [[r.LightFunctionQuality:1]]
[2019.03.07-18.44.25:158][  0]LogConfig: Setting CVar [[r.ShadowQuality:5]]
[2019.03.07-18.44.25:158][  0]LogConfig: Setting CVar [[r.Shadow.CSM.MaxCascades:10]]
[2019.03.07-18.44.25:158][  0]LogConfig: Setting CVar [[r.Shadow.MaxResolution:2048]]
[2019.03.07-18.44.25:158][  0]LogConfig: Setting CVar [[r.Shadow.MaxCSMResolution:2048]]
[2019.03.07-18.44.25:158][  0]LogConfig: Setting CVar [[r.Shadow.RadiusThreshold:0.01]]
[2019.03.07-18.44.25:158][  0]LogConfig: Setting CVar [[r.Shadow.DistanceScale:1.0]]
[2019.03.07-18.44.25:158][  0]LogConfig: Setting CVar [[r.Shadow.CSM.TransitionScale:1.0]]
[2019.03.07-18.44.25:158][  0]LogConfig: Setting CVar [[r.Shadow.PreShadowResolutionFactor:1.0]]
[2019.03.07-18.44.25:158][  0]LogConfig: Setting CVar [[r.DistanceFieldShadowing:1]]
[2019.03.07-18.44.25:158][  0]LogConfig: Setting CVar [[r.DistanceFieldAO:1]]
[2019.03.07-18.44.25:158][  0]LogConfig: Setting CVar [[r.AOQuality:2]]
[2019.03.07-18.44.25:158][  0]LogConfig: Setting CVar [[r.VolumetricFog:1]]
[2019.03.07-18.44.25:158][  0]LogConfig: Setting CVar [[r.VolumetricFog.GridPixelSize:8]]
[2019.03.07-18.44.25:158][  0]LogConfig: Setting CVar [[r.VolumetricFog.GridSizeZ:128]]
[2019.03.07-18.44.25:158][  0]LogConfig: Setting CVar [[r.VolumetricFog.HistoryMissSupersampleCount:4]]
[2019.03.07-18.44.25:158][  0]LogConfig: Setting CVar [[r.LightMaxDrawDistanceScale:1]]
[2019.03.07-18.44.25:158][  0]LogConfig: Setting CVar [[r.CapsuleShadows:1]]
[2019.03.07-18.44.25:159][  0]LogConfig: Applying CVar settings from Section [PostProcessQuality@3] File [C:/Users/W207693544/Documents/GAME 2304/PROJECT 2/ALE_PROJECT2/ALE_P2_MILESTONE_1/Saved/Config/Windows/Scalability.ini]
[2019.03.07-18.44.25:159][  0]LogConfig: Setting CVar [[r.MotionBlurQuality:4]]
[2019.03.07-18.44.25:159][  0]LogConfig: Setting CVar [[r.AmbientOcclusionMipLevelFactor:0.4]]
[2019.03.07-18.44.25:159][  0]LogConfig: Setting CVar [[r.AmbientOcclusionMaxQuality:100]]
[2019.03.07-18.44.25:159][  0]LogConfig: Setting CVar [[r.AmbientOcclusionLevels:-1]]
[2019.03.07-18.44.25:159][  0]LogConfig: Setting CVar [[r.AmbientOcclusionRadiusScale:1.0]]
[2019.03.07-18.44.25:159][  0]LogConfig: Setting CVar [[r.DepthOfFieldQuality:2]]
[2019.03.07-18.44.25:159][  0]LogConfig: Setting CVar [[r.RenderTargetPoolMin:400]]
[2019.03.07-18.44.25:159][  0]LogConfig: Setting CVar [[r.LensFlareQuality:2]]
[2019.03.07-18.44.25:159][  0]LogConfig: Setting CVar [[r.SceneColorFringeQuality:1]]
[2019.03.07-18.44.25:159][  0]LogConfig: Setting CVar [[r.EyeAdaptationQuality:2]]
[2019.03.07-18.44.25:159][  0]LogConfig: Setting CVar [[r.BloomQuality:5]]
[2019.03.07-18.44.25:159][  0]LogConfig: Setting CVar [[r.FastBlurThreshold:100]]
[2019.03.07-18.44.25:159][  0]LogConfig: Setting CVar [[r.Upscale.Quality:3]]
[2019.03.07-18.44.25:159][  0]LogConfig: Setting CVar [[r.Tonemapper.GrainQuantization:1]]
[2019.03.07-18.44.25:159][  0]LogConfig: Setting CVar [[r.LightShaftQuality:1]]
[2019.03.07-18.44.25:159][  0]LogConfig: Setting CVar [[r.Filter.SizeScale:1]]
[2019.03.07-18.44.25:159][  0]LogConfig: Setting CVar [[r.Tonemapper.Quality:5]]
[2019.03.07-18.44.25:159][  0]LogConfig: Setting CVar [[r.DOF.Gather.AccumulatorQuality:1        ; higher gathering accumulator quality]]
[2019.03.07-18.44.25:159][  0]LogConfig: Setting CVar [[r.DOF.Gather.PostfilterMethod:1          ; Median3x3 postfilering method]]
[2019.03.07-18.44.25:159][  0]LogConfig: Setting CVar [[r.DOF.Gather.EnableBokehSettings:0       ; no bokeh simulation when gathering]]
[2019.03.07-18.44.25:159][  0]LogConfig: Setting CVar [[r.DOF.Gather.RingCount:4                 ; medium number of samples when gathering]]
[2019.03.07-18.44.25:159][  0]LogConfig: Setting CVar [[r.DOF.Scatter.ForegroundCompositing:1    ; additive foreground scattering]]
[2019.03.07-18.44.25:159][  0]LogConfig: Setting CVar [[r.DOF.Scatter.BackgroundCompositing:2    ; additive background scattering]]
[2019.03.07-18.44.25:159][  0]LogConfig: Setting CVar [[r.DOF.Scatter.EnableBokehSettings:1      ; bokeh simulation when scattering]]
[2019.03.07-18.44.25:159][  0]LogConfig: Setting CVar [[r.DOF.Scatter.MaxSpriteRatio:0.1         ; only a maximum of 10% of scattered bokeh]]
[2019.03.07-18.44.25:159][  0]LogConfig: Setting CVar [[r.DOF.Recombine.Quality:1                ; cheap slight out of focus]]
[2019.03.07-18.44.25:159][  0]LogConfig: Setting CVar [[r.DOF.Recombine.EnableBokehSettings:0    ; no bokeh simulation on slight out of focus]]
[2019.03.07-18.44.25:159][  0]LogConfig: Setting CVar [[r.DOF.TemporalAAQuality:1                ; more stable temporal accumulation]]
[2019.03.07-18.44.25:159][  0]LogConfig: Setting CVar [[r.DOF.Kernel.MaxForegroundRadius:0.025]]
[2019.03.07-18.44.25:159][  0]LogConfig: Setting CVar [[r.DOF.Kernel.MaxBackgroundRadius:0.025]]
[2019.03.07-18.44.25:159][  0]LogConfig: Applying CVar settings from Section [TextureQuality@3] File [C:/Users/W207693544/Documents/GAME 2304/PROJECT 2/ALE_PROJECT2/ALE_P2_MILESTONE_1/Saved/Config/Windows/Scalability.ini]
[2019.03.07-18.44.25:159][  0]LogConfig: Setting CVar [[r.Streaming.MipBias:0]]
[2019.03.07-18.44.25:159][  0]LogConfig: Setting CVar [[r.Streaming.AmortizeCPUToGPUCopy:0]]
[2019.03.07-18.44.25:159][  0]LogConfig: Setting CVar [[r.Streaming.MaxNumTexturesToStreamPerFrame:0]]
[2019.03.07-18.44.25:159][  0]LogConfig: Setting CVar [[r.Streaming.Boost:1]]
[2019.03.07-18.44.25:159][  0]LogConfig: Setting CVar [[r.MaxAnisotropy:8]]
[2019.03.07-18.44.25:159][  0]LogConfig: Setting CVar [[r.Streaming.LimitPoolSizeToVRAM:0]]
[2019.03.07-18.44.25:159][  0]LogConfig: Setting CVar [[r.Streaming.PoolSize:1000]]
[2019.03.07-18.44.25:159][  0]LogConfig: Setting CVar [[r.Streaming.MaxEffectiveScreenSize:0]]
[2019.03.07-18.44.25:159][  0]LogConfig: Applying CVar settings from Section [EffectsQuality@3] File [C:/Users/W207693544/Documents/GAME 2304/PROJECT 2/ALE_PROJECT2/ALE_P2_MILESTONE_1/Saved/Config/Windows/Scalability.ini]
[2019.03.07-18.44.25:159][  0]LogConfig: Setting CVar [[r.TranslucencyLightingVolumeDim:64]]
[2019.03.07-18.44.25:159][  0]LogConfig: Setting CVar [[r.RefractionQuality:2]]
[2019.03.07-18.44.25:159][  0]LogConfig: Setting CVar [[r.SSR.Quality:3]]
[2019.03.07-18.44.25:159][  0]LogConfig: Setting CVar [[r.SceneColorFormat:4]]
[2019.03.07-18.44.25:159][  0]LogConfig: Setting CVar [[r.DetailMode:2]]
[2019.03.07-18.44.25:159][  0]LogConfig: Setting CVar [[r.TranslucencyVolumeBlur:1]]
[2019.03.07-18.44.25:159][  0]LogConfig: Setting CVar [[r.MaterialQualityLevel:1 ; High quality]]
[2019.03.07-18.44.25:159][  0]LogConfig: Setting CVar [[r.SSS.Scale:1]]
[2019.03.07-18.44.25:159][  0]LogConfig: Setting CVar [[r.SSS.SampleSet:2]]
[2019.03.07-18.44.25:159][  0]LogConfig: Setting CVar [[r.SSS.Quality:1]]
[2019.03.07-18.44.25:159][  0]LogConfig: Setting CVar [[r.SSS.HalfRes:1]]
[2019.03.07-18.44.25:159][  0]LogConfig: Setting CVar [[r.EmitterSpawnRateScale:1.0]]
[2019.03.07-18.44.25:159][  0]LogConfig: Setting CVar [[r.ParticleLightQuality:2]]
[2019.03.07-18.44.25:160][  0]LogConfig: Applying CVar settings from Section [FoliageQuality@3] File [C:/Users/W207693544/Documents/GAME 2304/PROJECT 2/ALE_PROJECT2/ALE_P2_MILESTONE_1/Saved/Config/Windows/Scalability.ini]
[2019.03.07-18.44.25:160][  0]LogConfig: Setting CVar [[foliage.DensityScale:1.0]]
[2019.03.07-18.44.25:160][  0]LogConfig: Setting CVar [[grass.DensityScale:1.0]]
[2019.03.07-18.44.25:160][  0]LogConfig: Applying CVar settings from Section [Startup] File [../../../Engine/Config/ConsoleVariables.ini]
[2019.03.07-18.44.25:173][  0]LogConfig: Setting CVar [[net.UseAdaptiveNetUpdateFrequency:0]]
[2019.03.07-18.44.25:173][  0]LogConfig: Applying CVar settings from Section [ConsoleVariables] File [C:/Users/W207693544/Documents/GAME 2304/PROJECT 2/ALE_PROJECT2/ALE_P2_MILESTONE_1/Saved/Config/Windows/Engine.ini]
[2019.03.07-18.44.25:206][  0]LogInit: Computer: SW-WLC124-15
[2019.03.07-18.44.25:206][  0]LogInit: User: W207693544
[2019.03.07-18.44.25:206][  0]LogInit: CPU Page size=4096, Cores=4
[2019.03.07-18.44.25:206][  0]LogInit: High frequency timer resolution =3.312654 MHz
[2019.03.07-18.44.25:222][  0]LogMemory: Memory total: Physical=15.9GB (16GB approx)
[2019.03.07-18.44.25:222][  0]LogMemory: Platform Memory Stats for Windows
[2019.03.07-18.44.25:222][  0]LogMemory: Process Physical Memory: 104.57 MB used, 104.57 MB peak
[2019.03.07-18.44.25:222][  0]LogMemory: Process Virtual Memory: 94.57 MB used, 94.57 MB peak
[2019.03.07-18.44.25:222][  0]LogMemory: Physical Memory: 4430.06 MB used,  11896.04 MB free, 16326.10 MB total
[2019.03.07-18.44.25:222][  0]LogMemory: Virtual Memory: 532.50 MB used,  134217192.00 MB free, 134217728.00 MB total
[2019.03.07-18.44.25:954][  0]LogInit: Using OS detected language (en-US).
[2019.03.07-18.44.25:954][  0]LogInit: Using OS detected locale (en-US).
[2019.03.07-18.44.26:069][  0]LogTextLocalizationManager: No specific localization for 'en-US' exists, so the 'en' localization will be used.
[2019.03.07-18.44.26:889][  0]LogStreaming: Display: Took  0.909s to InitEngineTextLocalization.
[2019.03.07-18.44.26:909][  0]LogInit: Setting process to per monitor DPI aware
[2019.03.07-18.44.27:897][  0]LogSlate: New Slate User Created.  User Index 0, Is Virtual User: 0
[2019.03.07-18.44.27:897][  0]LogSlate: Slate User Registered.  User Index 0, Is Virtual User: 0
[2019.03.07-18.44.32:438][  0]LogHMD: Failed to initialize OpenVR with code 110
[2019.03.07-18.44.32:438][  0]LogD3D11RHI: D3D11 adapters:
[2019.03.07-18.44.32:505][  0]LogD3D11RHI:    0. 'AMD Radeon HD 8570' (Feature Level 11_0)
[2019.03.07-18.44.32:505][  0]LogD3D11RHI:       1005/0/8163 MB DedicatedVideo/DedicatedSystem/SharedSystem, Outputs:1, VendorId:0x1002
[2019.03.07-18.44.32:507][  0]LogD3D11RHI:    1. 'Microsoft Basic Render Driver' (Feature Level 11_0)
[2019.03.07-18.44.32:507][  0]LogD3D11RHI:       0/0/8163 MB DedicatedVideo/DedicatedSystem/SharedSystem, Outputs:0, VendorId:0x1414
[2019.03.07-18.44.32:507][  0]LogD3D11RHI: Chosen D3D11 Adapter: 0
[2019.03.07-18.44.32:715][  0]LogD3D11RHI: Creating new Direct3DDevice
[2019.03.07-18.44.32:715][  0]LogD3D11RHI:     GPU DeviceId: 0x6611 (for the marketing name, search the web for "GPU Device Id")
[2019.03.07-18.44.32:715][  0]LogWindows: EnumDisplayDevices:
[2019.03.07-18.44.32:715][  0]LogWindows:    0. 'AMD Radeon HD 8570' (P:1 D:1)
[2019.03.07-18.44.32:716][  0]LogWindows:    1. 'AMD Radeon HD 8570' (P:0 D:0)
[2019.03.07-18.44.32:716][  0]LogWindows: DebugString: FoundDriverCount:2 
[2019.03.07-18.44.32:716][  0]LogD3D11RHI:     Adapter Name: AMD Radeon HD 8570
[2019.03.07-18.44.32:716][  0]LogD3D11RHI:   Driver Version: Crimson 16.6 (internal:21.19.144.32768, unified:21.19.144.32768)
[2019.03.07-18.44.32:716][  0]LogD3D11RHI:      Driver Date: 10-25-2016
[2019.03.07-18.44.32:743][  0]LogRHI: Texture pool is 703 MB (70% of 1005 MB)
[2019.03.07-18.44.32:821][  0]LogD3D11RHI: Async texture creation enabled
[2019.03.07-18.44.33:178][  0]LogD3D11RHI: GPU Timing Frequency: 27.000000 (Debug: 2 1)
[2019.03.07-18.44.34:628][  0]LogTemp: Display: Loaded TP AllDesktopTargetPlatform
[2019.03.07-18.44.34:642][  0]LogTemp: Display: Loaded TP MacClientTargetPlatform
[2019.03.07-18.44.34:657][  0]LogTemp: Display: Loaded TP MacNoEditorTargetPlatform
[2019.03.07-18.44.34:671][  0]LogTemp: Display: Loaded TP MacServerTargetPlatform
[2019.03.07-18.44.34:685][  0]LogTemp: Display: Loaded TP MacTargetPlatform
[2019.03.07-18.44.34:702][  0]LogTemp: Display: Loaded TP WindowsClientTargetPlatform
[2019.03.07-18.44.34:731][  0]LogTemp: Display: Loaded TP WindowsNoEditorTargetPlatform
[2019.03.07-18.44.34:761][  0]LogTemp: Display: Loaded TP WindowsServerTargetPlatform
[2019.03.07-18.44.34:783][  0]LogTemp: Display: Loaded TP WindowsTargetPlatform
[2019.03.07-18.44.34:985][  0]LogTemp: Display: Loaded TP AndroidTargetPlatform
[2019.03.07-18.44.34:985][  0]LogTemp: Display: Loaded TP AndroidTargetPlatform
[2019.03.07-18.44.34:985][  0]LogTemp: Display: Loaded TP AndroidTargetPlatform
[2019.03.07-18.44.34:985][  0]LogTemp: Display: Loaded TP AndroidTargetPlatform
[2019.03.07-18.44.34:985][  0]LogTemp: Display: Loaded TP AndroidTargetPlatform
[2019.03.07-18.44.34:985][  0]LogTemp: Display: Loaded TP AndroidTargetPlatform
[2019.03.07-18.44.34:985][  0]LogTemp: Display: Loaded TP AndroidTargetPlatform
[2019.03.07-18.44.34:985][  0]LogTemp: Display: Loaded TP AndroidTargetPlatform
[2019.03.07-18.44.34:986][  0]LogTemp: Display: Loaded TP AndroidTargetPlatform
[2019.03.07-18.44.34:986][  0]LogTemp: Display: Loaded TP AndroidTargetPlatform
[2019.03.07-18.44.34:986][  0]LogTemp: Display: Loaded TP AndroidTargetPlatform
[2019.03.07-18.44.34:986][  0]LogTemp: Display: Loaded TP AndroidTargetPlatform
[2019.03.07-18.44.34:986][  0]LogTemp: Display: Loaded TP AndroidTargetPlatform
[2019.03.07-18.44.34:986][  0]LogTemp: Display: Loaded TP AndroidTargetPlatform
[2019.03.07-18.44.34:986][  0]LogTemp: Display: Loaded TP AndroidTargetPlatform
[2019.03.07-18.44.34:986][  0]LogTemp: Display: Loaded TP AndroidTargetPlatform
[2019.03.07-18.44.34:986][  0]LogTemp: Display: Loaded TP AndroidTargetPlatform
[2019.03.07-18.44.34:986][  0]LogTemp: Display: Loaded TP AndroidTargetPlatform
[2019.03.07-18.44.35:001][  0]LogTemp: Display: Loaded TP HTML5TargetPlatform
[2019.03.07-18.44.35:310][  0]LogTemp: Display: Loaded TP IOSTargetPlatform
[2019.03.07-18.44.35:310][  0]LogTemp: Display: Loaded TP IOSTargetPlatform
[2019.03.07-18.44.35:356][  0]LogTemp: Display: Loaded TP TVOSTargetPlatform
[2019.03.07-18.44.35:356][  0]LogTemp: Display: Loaded TP TVOSTargetPlatform
[2019.03.07-18.44.35:379][  0]LogTemp: Display: Loaded TP LinuxClientTargetPlatform
[2019.03.07-18.44.35:406][  0]LogTemp: Display: Loaded TP LinuxNoEditorTargetPlatform
[2019.03.07-18.44.35:430][  0]LogTemp: Display: Loaded TP LinuxServerTargetPlatform
[2019.03.07-18.44.35:483][  0]LogTemp: Display: Loaded TP LinuxTargetPlatform
[2019.03.07-18.44.35:547][  0]LogTemp: Display: Loaded TP LuminTargetPlatform
[2019.03.07-18.44.35:547][  0]LogTemp: Display: Loaded TP LuminTargetPlatform
[2019.03.07-18.44.35:547][  0]LogTargetPlatformManager: Display: Building Assets For Windows
[2019.03.07-18.44.36:899][  0]LogShaderCompilers: Guid format shader working directory is -39 characters bigger than the processId version (../../../../Users/W207693544/Documents/GAME 2304/PROJECT 2/ALE_PROJECT2/ALE_P2_MILESTONE_1/Intermediate/Shaders/WorkingDirectory/1832/).
[2019.03.07-18.44.36:899][  0]LogShaderCompilers: Cleaned the shader compiler working directory 'C:/Users/W207693544/AppData/Local/Temp/UnrealShaderWorkingDir/9068DDAA4DF899E7BEF6DBA02104FC93/'.
[2019.03.07-18.44.36:947][  0]LogXGEController: Cleaning working directory: C:/Users/W207693544/AppData/Local/Temp/UnrealXGEWorkingDir/
[2019.03.07-18.44.36:958][  0]LogShaderCompilers: Display: Using XGE Shader Compiler (Interception Interface).
[2019.03.07-18.44.41:609][  0]LogDerivedDataCache: Display: Max Cache Size: 512 MB
[2019.03.07-18.44.41:609][  0]LogDerivedDataCache: Display: Starting with empty Boot cache
[2019.03.07-18.44.41:609][  0]LogDerivedDataCache: FDerivedDataBackendGraph:  Pak pak cache file ../../../../Users/W207693544/Documents/GAME 2304/PROJECT 2/ALE_PROJECT2/ALE_P2_MILESTONE_1/DerivedDataCache/DDC.ddp not found, will not use a pak cache.
[2019.03.07-18.44.41:609][  0]LogDerivedDataCache: Unable to find inner node Pak for hierarchical cache Hierarchy.
[2019.03.07-18.44.41:609][  0]LogDerivedDataCache: FDerivedDataBackendGraph:  CompressedPak pak cache file ../../../../Users/W207693544/Documents/GAME 2304/PROJECT 2/ALE_PROJECT2/ALE_P2_MILESTONE_1/DerivedDataCache/Compressed.ddp not found, will not use a pak cache.
[2019.03.07-18.44.41:609][  0]LogDerivedDataCache: Unable to find inner node CompressedPak for hierarchical cache Hierarchy.
[2019.03.07-18.44.41:694][  0]LogDerivedDataCache: Display: Pak cache opened for reading ../../../Engine/DerivedDataCache/Compressed.ddp.
[2019.03.07-18.44.41:694][  0]LogDerivedDataCache: FDerivedDataBackendGraph:  EnterprisePak pak cache file ../../../Enterprise/DerivedDataCache/Compressed.ddp not found, will not use a pak cache.
[2019.03.07-18.44.41:694][  0]LogDerivedDataCache: Unable to find inner node EnterprisePak for hierarchical cache Hierarchy.
[2019.03.07-18.44.41:707][  0]LogDerivedDataCache: Using Local data cache path C:/Users/W207693544/AppData/Local/UnrealEngine/Common/DerivedDataCache: Writable
[2019.03.07-18.44.41:707][  0]LogDerivedDataCache: Shared data cache path not found in *engine.ini, will not use an Shared cache.
[2019.03.07-18.44.41:707][  0]LogDerivedDataCache: Unable to find inner node Shared for hierarchical cache Hierarchy.
[2019.03.07-18.44.42:100][  0]LogMaterial: Verifying Global Shaders for PCD3D_SM5
[2019.03.07-18.44.42:213][  0]LogSlate: Using FreeType 2.6.0
[2019.03.07-18.44.42:387][  0]LogSlate: SlateFontServices - WITH_FREETYPE: 1, WITH_HARFBUZZ: 1
[2019.03.07-18.44.45:810][  0]LogAssetRegistry: FAssetRegistry took 0.0697 seconds to start up
[2019.03.07-18.44.57:738][  0]LogInit: Selected Device Profile: [Windows]
[2019.03.07-18.45.10:595][  0]LogSimplygon: Simplygon DLL not present - disabling.
[2019.03.07-18.45.11:277][  0]LogMeshReduction: Using SimplygonSwarm for distributed automatic mesh merging
[2019.03.07-18.45.11:278][  0]LogMeshReduction: Using ProxyLODMeshReduction for automatic mesh merging
[2019.03.07-18.45.11:279][  0]LogMeshReduction: Using QuadricMeshReduction for automatic static mesh reduction
[2019.03.07-18.45.11:279][  0]LogMeshReduction: No automatic skeletal mesh reduction module available
[2019.03.07-18.45.12:815][  0]LogDerivedDataCache: FFileSystemDerivedDataBackend: Move collision, attempt at redundant update, OK C:/Users/W207693544/AppData/Local/UnrealEngine/Common/DerivedDataCache/1/0/8/MESHDATAKEY_STATICMESH_42190ADE250046AC958045C7DA930FECED22489A741846E9830C0AEFB207E591_A7C2287F1398D2B4DF725006BFDD5FB9.udd.
[2019.03.07-18.45.12:815][  0]LogNetVersion: ALE_P2_MILESTONE_1 1.0.0, NetCL: 4541578, EngineNetVer: 5, GameNetVer: 0 (Checksum: 4242586472)
[2019.03.07-18.45.29:086][  0]LogDerivedDataCache: FFileSystemDerivedDataBackend: Move collision, attempt at redundant update, OK C:/Users/W207693544/AppData/Local/UnrealEngine/Common/DerivedDataCache/0/2/6/MESHDATAKEY_STATICMESH_42190ADE250046AC958045C7DA930FECED22489A741846E9830C0AEFB207E591_4C07790014A536DA23CF7E40B23B58EA.udd.
[2019.03.07-18.45.29:086][  0]LogDerivedDataCache: FFileSystemDerivedDataBackend: Move collision, attempt at redundant update, OK C:/Users/W207693544/AppData/Local/UnrealEngine/Common/DerivedDataCache/6/1/9/MESHDATAKEY_STATICMESH_42190ADE250046AC958045C7DA930FECED22489A741846E9830C0AEFB207E591_A969A2F1F26F637DF998C96EE0162401.udd.
[2019.03.07-18.45.29:086][  0]LogDerivedDataCache: FFileSystemDerivedDataBackend: Move collision, attempt at redundant update, OK C:/Users/W207693544/AppData/Local/UnrealEngine/Common/DerivedDataCache/6/9/4/MESHDATAKEY_STATICMESH_42190ADE250046AC958045C7DA930FECED22489A741846E9830C0AEFB207E591_5452E92B70A1729B9C84F5FF8B1F48A0.udd.
[2019.03.07-18.45.29:086][  0]LogDerivedDataCache: FFileSystemDerivedDataBackend: Move collision, attempt at redundant update, OK C:/Users/W207693544/AppData/Local/UnrealEngine/Common/DerivedDataCache/8/4/4/MESHDATAKEY_STATICMESH_42190ADE250046AC958045C7DA930FECED22489A741846E9830C0AEFB207E591_F7E3DC0BC06AE383274EE089B59D1845.udd.
[2019.03.07-18.45.29:086][  0]LogDerivedDataCache: FFileSystemDerivedDataBackend: Move collision, attempt at redundant update, OK C:/Users/W207693544/AppData/Local/UnrealEngine/Common/DerivedDataCache/0/2/0/MESHDATAKEY_STATICMESH_42190ADE250046AC958045C7DA930FECED22489A741846E9830C0AEFB207E591_8F8EA9BE7DB777580F37295B5436FC44.udd.
[2019.03.07-18.45.29:086][  0]LogDerivedDataCache: FFileSystemDerivedDataBackend: Move collision, attempt at redundant update, OK C:/Users/W207693544/AppData/Local/UnrealEngine/Common/DerivedDataCache/8/6/3/MESHDATAKEY_STATICMESH_42190ADE250046AC958045C7DA930FECED22489A741846E9830C0AEFB207E591_05EC24BA2761B7A162C0723B7A6CA599.udd.
[2019.03.07-18.45.29:086][  0]LogDerivedDataCache: FFileSystemDerivedDataBackend: Move collision, attempt at redundant update, OK C:/Users/W207693544/AppData/Local/UnrealEngine/Common/DerivedDataCache/1/9/3/MESHDATAKEY_STATICMESH_42190ADE250046AC958045C7DA930FECED22489A741846E9830C0AEFB207E591_FD380ED1C6605424B9C14734B37BDE15.udd.
[2019.03.07-18.45.29:086][  0]LogPackageLocalizationCache: Processed 11 localized package path(s) for 2 prioritized culture(s) in 0.609140 seconds
[2019.03.07-18.45.29:092][  0]LogUObjectArray: 39796 objects as part of root set at end of initial load.
[2019.03.07-18.45.29:093][  0]LogUObjectAllocator: 6916344 out of 0 bytes used by permanent object pool.
[2019.03.07-18.45.29:093][  0]LogUObjectArray: CloseDisregardForGC: 0/0 objects in disregard for GC pool
[2019.03.07-18.46.14:877][  0]LogTcpMessaging: Initializing TcpMessaging bridge
[2019.03.07-18.46.14:914][  0]LogUdpMessaging: Initializing bridge on interface 0.0.0.0:0 to multicast group 230.0.0.1:6666.
[2019.03.07-18.46.16:097][  0]LogDerivedDataCache: FFileSystemDerivedDataBackend: Move collision, attempt at redundant update, OK C:/Users/W207693544/AppData/Local/UnrealEngine/Common/DerivedDataCache/6/9/4/MESHDATAKEY_STATICMESH_42190ADE250046AC958045C7DA930FECED22489A741846E9830C0AEFB207E591_EA83E7EF0318AD996D03555C77635D5F.udd.
[2019.03.07-18.46.18:062][  0]SourceControl: Source control is disabled
[2019.03.07-18.46.18:062][  0]SourceControl: Source control is disabled
[2019.03.07-18.46.18:182][  0]SourceControl: Source control is disabled
[2019.03.07-18.46.18:205][  0]SourceControl: Source control is disabled
[2019.03.07-18.46.20:153][  0]LogAndroidPermission: UAndroidPermissionCallbackProxy::GetInstance
[2019.03.07-18.46.20:474][  0]LogOcInput: OculusInput pre-init called
[2019.03.07-18.46.21:794][  0]LogEngine: Initializing Engine...
[2019.03.07-18.46.21:827][  0]LogHMD: Failed to initialize OpenVR with code 110
[2019.03.07-18.46.21:858][  0]LogStats: UGameplayTagsManager::ConstructGameplayTagTree: ImportINI prefixes -  0.019 s
[2019.03.07-18.46.21:858][  0]LogStats: UGameplayTagsManager::ConstructGameplayTagTree: Construct from data asset -  0.000 s
[2019.03.07-18.46.21:858][  0]LogStats: UGameplayTagsManager::ConstructGameplayTagTree: ImportINI -  0.000 s
[2019.03.07-18.46.21:860][  0]LogStats: UGameplayTagsManager::ConstructGameplayTagTree: GameplayTagTreeChangedEvent.Broadcast -  0.001 s
[2019.03.07-18.46.22:763][  0]LogInit: Initializing FReadOnlyCVARCache
[2019.03.07-18.46.23:378][  0]LogAIModule: Creating AISystem for world Untitled
[2019.03.07-18.46.23:506][  0]LogInit: XAudio2 using 'Speakers / Headphones (Realtek High Definition Audio)' : 2 channels at 48 kHz using 32 bits per sample (channel mask 0x3)
[2019.03.07-18.46.23:985][  0]LogInit: FAudioDevice initialized.
[2019.03.07-18.46.23:985][  0]LogNetVersion: Set ProjectVersion to 1.0.0.0. Version Checksum will be recalculated on next use.
[2019.03.07-18.46.23:986][  0]LogDerivedDataCache: Error: Could not save memory cache C:/Users/W207693544/AppData/Local/UnrealEngine/4.21/DerivedDataCache/Boot.ddc.
[2019.03.07-18.46.24:020][  0]LogInit: Texture streaming: Enabled
[2019.03.07-18.46.24:278][  0]LogEngineSessionManager: EngineSessionManager initialized
[2019.03.07-18.46.24:473][  0]LogInit: Transaction tracking system initialized
[2019.03.07-18.46.24:910][  0]BlueprintLog: New page: Editor Load
[2019.03.07-18.46.26:787][  0]LocalizationService: Localization service is disabled
[2019.03.07-18.46.30:579][  0]LogCook: Display: Max memory allowance for cook 16384mb min free memory 0mb
[2019.03.07-18.46.30:579][  0]LogCook: Display: Mobile HDR setting 1
[2019.03.07-18.46.30:579][  0]LogGameplayTags: Display: UGameplayTagsManager::DoneAddingNativeTags. DelegateIsBound: 0
[2019.03.07-18.46.30:580][  0]LogStats: UGameplayTagsManager::ConstructGameplayTagTree: ImportINI prefixes -  0.000 s
[2019.03.07-18.46.30:580][  0]LogStats: UGameplayTagsManager::ConstructGameplayTagTree: Construct from data asset -  0.000 s
[2019.03.07-18.46.30:580][  0]LogStats: UGameplayTagsManager::ConstructGameplayTagTree: ImportINI -  0.000 s
[2019.03.07-18.46.30:580][  0]LogStats: UGameplayTagsManager::ConstructGameplayTagTree: GameplayTagTreeChangedEvent.Broadcast -  0.000 s
[2019.03.07-18.46.30:635][  0]LogFileCache: Scanning file cache for directory 'C:/Users/W207693544/Documents/GAME 2304/PROJECT 2/ALE_PROJECT2/ALE_P2_MILESTONE_1/Content/' took 0.13s
[2019.03.07-18.46.48:932][  0]SourceControl: Source control is disabled
[2019.03.07-18.46.49:169][  0]LightingResults: New page: Lighting Build
[2019.03.07-18.46.49:457][  0]MapCheck: New page: Map Check
[2019.03.07-18.46.49:457][  0]LightingResults: New page: Lighting Build
[2019.03.07-18.46.51:660][  0]LogMaterial: Display: Missing cached shader map for material white_tile_elevator2_Mat, compiling. 
[2019.03.07-18.46.51:969][  0]LogMaterial: Display: Missing cached shader map for material ELEVATOR_BOTON_Mat, compiling. 
[2019.03.07-18.46.52:654][  0]LogMaterial: Display: Missing cached shader map for material Material__5, compiling. 
[2019.03.07-18.47.11:364][  0]LogDerivedDataCache: FFileSystemDerivedDataBackend: Move collision, attempt at redundant update, OK C:/Users/W207693544/AppData/Local/UnrealEngine/Common/DerivedDataCache/9/5/1/PHYSX_A08609EF508D460CBB6710540B03AACF_PHYSXPC_2487A2154BF72C0A8EF5BC9E8512EE03__1_0_0_0_3_13315_0.udd.
[2019.03.07-18.47.11:724][  0]LogDerivedDataCache: FFileSystemDerivedDataBackend: Move collision, attempt at redundant update, OK C:/Users/W207693544/AppData/Local/UnrealEngine/Common/DerivedDataCache/1/0/6/PHYSX_A08609EF508D460CBB6710540B03AACF_PHYSXPC_176AFDAB439230C93D42B68E87EC7665__1_0_0_0_3_13315_0.udd.
[2019.03.07-18.47.11:724][  0]LogDerivedDataCache: FFileSystemDerivedDataBackend: Move collision, attempt at redundant update, OK C:/Users/W207693544/AppData/Local/UnrealEngine/Common/DerivedDataCache/2/0/2/PHYSX_A08609EF508D460CBB6710540B03AACF_PHYSXPC_32217418403F36C1B39258AC7AB909EE__1_0_0_0_3_13315_0.udd.
[2019.03.07-18.47.12:985][  0]LogDerivedDataCache: FFileSystemDerivedDataBackend: Move collision, attempt at redundant update, OK C:/Users/W207693544/AppData/Local/UnrealEngine/Common/DerivedDataCache/9/0/0/PHYSX_A08609EF508D460CBB6710540B03AACF_PHYSXPC_CC87D5BD456BDB92B5B3E9B1E9C57D64__1_0_0_0_3_13315_0.udd.
[2019.03.07-18.47.13:010][  0]LogMaterial: Display: Missing cached shader map for material AM152_063_yellow_led, compiling. 
[2019.03.07-18.47.13:044][  0]LogMaterial: Display: Missing cached shader map for material Material__4, compiling. 
[2019.03.07-18.47.13:077][  0]LogMaterial: Display: Missing cached shader map for material Material__339_Slot__8, compiling. 
[2019.03.07-18.47.13:108][  0]LogMaterial: Display: Missing cached shader map for material Material__339_Slot__7, compiling. 
[2019.03.07-18.47.13:139][  0]LogMaterial: Display: Missing cached shader map for material Material__328_Slot__8, compiling. 
[2019.03.07-18.47.13:175][  0]LogMaterial: Display: Missing cached shader map for material Material__328_Slot__7, compiling. 
[2019.03.07-18.47.13:209][  0]LogMaterial: Display: Missing cached shader map for material Material__316_Slot__7, compiling. 
[2019.03.07-18.47.13:253][  0]LogMaterial: Display: Missing cached shader map for material Material__304_Slot__7, compiling. 
[2019.03.07-18.47.13:289][  0]LogMaterial: Display: Missing cached shader map for material Material__3, compiling. 
[2019.03.07-18.47.13:317][  0]LogMaterial: Display: Missing cached shader map for material Material__292_Slot__4, compiling. 
[2019.03.07-18.47.13:348][  0]LogMaterial: Display: Missing cached shader map for material Material__280_Slot__7, compiling. 
[2019.03.07-18.47.13:379][  0]LogMaterial: Display: Missing cached shader map for material Material__268_Slot__7, compiling. 
[2019.03.07-18.47.13:408][  0]LogMaterial: Display: Missing cached shader map for material Material__244_Slot__7, compiling. 
[2019.03.07-18.47.13:437][  0]LogMaterial: Display: Missing cached shader map for material Material__232_Slot__7, compiling. 
[2019.03.07-18.47.13:465][  0]LogMaterial: Display: Missing cached shader map for material Material__195_Slot__6, compiling. 
[2019.03.07-18.47.13:494][  0]LogMaterial: Display: Missing cached shader map for material Material__195_Slot__5, compiling. 
[2019.03.07-18.47.13:522][  0]LogMaterial: Display: Missing cached shader map for material Material__195_Slot__4, compiling. 
[2019.03.07-18.47.13:550][  0]LogMaterial: Display: Missing cached shader map for material Material__183_Slot__8, compiling. 
[2019.03.07-18.47.13:578][  0]LogMaterial: Display: Missing cached shader map for material Material__183_Slot__6, compiling. 
[2019.03.07-18.47.13:606][  0]LogMaterial: Display: Missing cached shader map for material Material__183_Slot__5, compiling. 
[2019.03.07-18.47.13:633][  0]LogMaterial: Display: Missing cached shader map for material 08_-_Default, compiling. 
[2019.03.07-18.47.13:661][  0]LogMaterial: Display: Missing cached shader map for material 03_-_Default, compiling. 
[2019.03.07-18.47.13:711][  0]LogMaterial: Display: Missing cached shader map for material AM152_063_glass, compiling. 
[2019.03.07-18.47.13:725][  0]LogMaterial: Display: Missing cached shader map for material ELEVATOR_DOOR_RIGHT_Mat, compiling. 
[2019.03.07-18.47.13:739][  0]LogMaterial: Display: Missing cached shader map for material ELEVATOR_DOOR_LEFT_Mat, compiling. 
[2019.03.07-18.47.13:758][  0]LogMaterial: Display: Missing cached shader map for material wood_up_elevator_Mat, compiling. 
[2019.03.07-18.47.13:776][  0]LogMaterial: Display: Missing cached shader map for material AM152_063_white, compiling. 
[2019.03.07-18.47.13:824][  0]LogMaterial: Display: Missing cached shader map for material AM152_063_chrome, compiling. 
[2019.03.07-18.47.13:842][  0]LogMaterial: Display: Missing cached shader map for material AM152_063_blue, compiling. 
[2019.03.07-18.47.13:860][  0]LogMaterial: Display: Missing cached shader map for material AM152_063_white_mat, compiling. 
[2019.03.07-18.47.13:876][  0]LogAIModule: Creating AISystem for world FirstPersonExampleMap
[2019.03.07-18.47.26:912][  0]LogWorld: Updating cull distance volumes took  1.20 seconds
[2019.03.07-18.47.29:913][  0]LogEditorServer: Finished looking for orphan Actors (0.000 secs)
[2019.03.07-18.47.31:155][  0]Cmd: MAP CHECKDEP NOCLEARLOG
[2019.03.07-18.47.31:155][  0]MapCheck: Map check complete: 0 Error(s), 0 Warning(s), took 0.178ms to complete.
[2019.03.07-18.47.31:155][  0]LogFileHelpers: Loading map 'FirstPersonExampleMap' took 42.156
[2019.03.07-18.47.38:652][  0]LogSlate: Updating window title bar state: overlay mode, drag disabled, window buttons hidden, title bar hidden
[2019.03.07-18.47.38:698][  0]LogSlate: Updating window title bar state: overlay mode, drag disabled, window buttons hidden, title bar hidden
[2019.03.07-18.47.38:715][  0]LogSlate: Updating window title bar state: overlay mode, drag disabled, window buttons hidden, title bar hidden
[2019.03.07-18.47.38:726][  0]LogSlate: Updating window title bar state: overlay mode, drag disabled, window buttons hidden, title bar hidden
[2019.03.07-18.47.39:800][  0]LogCollectionManager: Loaded 0 collections in 0.008057 seconds
[2019.03.07-18.47.40:075][  0]LogFileCache: Scanning file cache for directory 'C:/Users/W207693544/Documents/GAME 2304/PROJECT 2/ALE_PROJECT2/ALE_P2_MILESTONE_1/Saved/Collections/' took 0.01s
[2019.03.07-18.47.40:075][  0]LogFileCache: Scanning file cache for directory 'C:/Users/W207693544/Documents/GAME 2304/PROJECT 2/ALE_PROJECT2/ALE_P2_MILESTONE_1/Content/Developers/W207693544/Collections/' took 0.01s
[2019.03.07-18.47.40:075][  0]LogFileCache: Scanning file cache for directory 'C:/Users/W207693544/Documents/GAME 2304/PROJECT 2/ALE_PROJECT2/ALE_P2_MILESTONE_1/Content/Collections/' took 0.01s
[2019.03.07-18.47.40:075][  0]LogCollectionManager: Rebuilt the GUID cache for 0 collections in 0.000001 seconds
[2019.03.07-18.47.40:102][  0]LogContentBrowser: Native class hierarchy populated in 0.0245 seconds. Added 2651 classes and 620 folders.
[2019.03.07-18.47.40:220][  0]LogContentBrowser: Native class hierarchy updated for 'WidgetCarousel' in 0.0007 seconds. Added 0 classes and 0 folders.
[2019.03.07-18.47.40:439][  0]LogPakFile: Registered encryption key '00000000000000000000000000000000': 0 pak files mounted, 0 remain pending
[2019.03.07-18.47.40:468][  0]LogPakFile: Registered encryption key '00000000000000000000000000000000': 0 pak files mounted, 0 remain pending
[2019.03.07-18.47.40:470][  0]LogPakFile: Registered encryption key '00000000000000000000000000000000': 0 pak files mounted, 0 remain pending
[2019.03.07-18.47.40:472][  0]LogPakFile: Registered encryption key '00000000000000000000000000000000': 0 pak files mounted, 0 remain pending
[2019.03.07-18.47.40:475][  0]LogPakFile: Registered encryption key '00000000000000000000000000000000': 0 pak files mounted, 0 remain pending
[2019.03.07-18.47.40:477][  0]LogPakFile: Registered encryption key '00000000000000000000000000000000': 0 pak files mounted, 0 remain pending
[2019.03.07-18.47.40:478][  0]LogPakFile: Registered encryption key '00000000000000000000000000000000': 0 pak files mounted, 0 remain pending
[2019.03.07-18.47.40:480][  0]LogPakFile: Registered encryption key '00000000000000000000000000000000': 0 pak files mounted, 0 remain pending
[2019.03.07-18.47.40:482][  0]LogPakFile: Registered encryption key '00000000000000000000000000000000': 0 pak files mounted, 0 remain pending
[2019.03.07-18.47.40:485][  0]LogPakFile: Registered encryption key '00000000000000000000000000000000': 0 pak files mounted, 0 remain pending
[2019.03.07-18.47.40:487][  0]LogPakFile: Registered encryption key '00000000000000000000000000000000': 0 pak files mounted, 0 remain pending
[2019.03.07-18.47.40:489][  0]LogPakFile: Registered encryption key '00000000000000000000000000000000': 0 pak files mounted, 0 remain pending
[2019.03.07-18.47.40:491][  0]LogPakFile: Registered encryption key '00000000000000000000000000000000': 0 pak files mounted, 0 remain pending
[2019.03.07-18.47.40:494][  0]LogPakFile: Registered encryption key '00000000000000000000000000000000': 0 pak files mounted, 0 remain pending
[2019.03.07-18.47.40:496][  0]LogPakFile: Registered encryption key '00000000000000000000000000000000': 0 pak files mounted, 0 remain pending
[2019.03.07-18.47.40:498][  0]LogPakFile: Registered encryption key '00000000000000000000000000000000': 0 pak files mounted, 0 remain pending
[2019.03.07-18.47.40:500][  0]LogPakFile: Registered encryption key '00000000000000000000000000000000': 0 pak files mounted, 0 remain pending
[2019.03.07-18.47.40:502][  0]LogPakFile: Registered encryption key '00000000000000000000000000000000': 0 pak files mounted, 0 remain pending
[2019.03.07-18.47.40:504][  0]LogPakFile: Registered encryption key '00000000000000000000000000000000': 0 pak files mounted, 0 remain pending
[2019.03.07-18.47.40:505][  0]LogPakFile: Registered encryption key '00000000000000000000000000000000': 0 pak files mounted, 0 remain pending
[2019.03.07-18.47.40:508][  0]LogPakFile: Registered encryption key '00000000000000000000000000000000': 0 pak files mounted, 0 remain pending
[2019.03.07-18.47.40:510][  0]LogPakFile: Registered encryption key '00000000000000000000000000000000': 0 pak files mounted, 0 remain pending
[2019.03.07-18.47.40:512][  0]LogPakFile: Registered encryption key '00000000000000000000000000000000': 0 pak files mounted, 0 remain pending
[2019.03.07-18.47.40:515][  0]LogPakFile: Registered encryption key '00000000000000000000000000000000': 0 pak files mounted, 0 remain pending
[2019.03.07-18.47.40:517][  0]LogPakFile: Registered encryption key '00000000000000000000000000000000': 0 pak files mounted, 0 remain pending
[2019.03.07-18.47.40:520][  0]LogPakFile: Registered encryption key '00000000000000000000000000000000': 0 pak files mounted, 0 remain pending
[2019.03.07-18.47.46:839][  0]LogContentBrowser: Native class hierarchy updated for 'AddContentDialog' in 0.0003 seconds. Added 0 classes and 0 folders.
[2019.03.07-18.47.46:913][  0]LogContentBrowser: Native class hierarchy updated for 'SceneOutliner' in 0.0003 seconds. Added 1 classes and 2 folders.
[2019.03.07-18.47.48:521][  0]LogSlate: Took 0.100419 seconds to synchronously load lazily loaded font '../../../Engine/Content/Slate/Fonts/Roboto-Regular.ttf' (155K)
[2019.03.07-18.47.48:573][  0]LogSlate: Took 0.050637 seconds to synchronously load lazily loaded font '../../../Engine/Content/Slate/Fonts/Roboto-Bold.ttf' (160K)
[2019.03.07-18.47.48:697][  0]LogSlate: Took 0.021939 seconds to synchronously load lazily loaded font '../../../Engine/Content/Editor/Slate/Fonts/FontAwesome.ttf' (139K)
[2019.03.07-18.47.51:051][  0]LogRenderer: Reallocating scene render targets to support 1208x688 Format 10 NumSamples 1 (Frame:1).
[2019.03.07-18.47.52:377][  0]LogContentBrowser: Native class hierarchy updated for 'HierarchicalLODOutliner' in 0.0003 seconds. Added 0 classes and 0 folders.
[2019.03.07-18.47.52:377][  0]LogLoad: (Engine Initialization) Total time: 257.35 seconds
[2019.03.07-18.47.52:377][  0]LogLoad: (Engine Initialization) Total Blueprint compile time: 0.00 seconds
[2019.03.07-18.47.52:871][  0]LogContentStreaming: Texture pool size now 1000 MB
[2019.03.07-18.47.53:083][  0]LogSlate: Took 0.052650 seconds to synchronously load lazily loaded font '../../../Engine/Content/Slate/Fonts/Roboto-Light.ttf' (167K)
[2019.03.07-18.47.54:975][  4]LogAssetRegistry: Asset discovery search completed in 189.1881 seconds
[2019.03.07-18.47.54:978][  4]LogCollectionManager: Rebuilt the object cache for 0 collections in 0.000001 seconds (found 0 objects)
[2019.03.07-18.47.54:978][  4]LogCollectionManager: Fixed up redirectors for 0 collections in 0.000055 seconds (updated 0 objects)
[2019.03.07-20.02.36:979][766]LogSlate: FSceneViewport::OnFocusLost() reason 0
[2019.03.07-20.02.37:121][774]LogSlate: Window 'ALE_P2_MILESTONE_1 - Unreal Editor' being destroyed
[2019.03.07-20.02.37:296][775]Cmd: QUIT_EDITOR
[2019.03.07-20.02.37:312][775]LogWindowsTextInputMethodSystem: Display: IME system now deactivated.
[2019.03.07-20.02.37:314][775]LogExit: Preparing to exit.
[2019.03.07-20.02.37:493][775]LogExit: Editor shut down
[2019.03.07-20.02.37:493][775]LogExit: Transaction tracking system shut down
[2019.03.07-20.02.37:912][775]LogExit: Object subsystem successfully closed.
[2019.03.07-20.02.37:933][775]LogShaderCompilers: Display: Shaders left to compile 0
[2019.03.07-20.02.37:939][775]LogD3D11RHI: Shutdown
[2019.03.07-20.02.37:939][775]LogD3D11RHI: CleanupD3DDevice
[2019.03.07-20.02.37:941][775]LogD3D11RHI: ~FD3D11DynamicRHI
[2019.03.07-20.02.38:011][775]LogModuleManager: Shutting down and abandoning module HierarchicalLODOutliner (622)
[2019.03.07-20.02.38:011][775]LogModuleManager: Shutting down and abandoning module SceneOutliner (620)
[2019.03.07-20.02.38:011][775]LogModuleManager: Shutting down and abandoning module AddContentDialog (618)
[2019.03.07-20.02.38:012][775]LogModuleManager: Shutting down and abandoning module WidgetCarousel (617)
[2019.03.07-20.02.38:012][775]LogModuleManager: Shutting down and abandoning module EditorWidgets (614)
[2019.03.07-20.02.38:012][775]LogModuleManager: Shutting down and abandoning module CollectionManager (612)
[2019.03.07-20.02.38:013][775]LogModuleManager: Shutting down and abandoning module StatsViewer (610)
[2019.03.07-20.02.38:013][775]LogModuleManager: Shutting down and abandoning module FoliageEdit (608)
[2019.03.07-20.02.38:013][775]LogModuleManager: Shutting down and abandoning module LandscapeEditor (606)
[2019.03.07-20.02.38:013][775]LogModuleManager: Shutting down and abandoning module MeshPaintMode (604)
[2019.03.07-20.02.38:013][775]LogModuleManager: Shutting down and abandoning module SceneDepthPickerMode (602)
[2019.03.07-20.02.38:013][775]LogModuleManager: Shutting down and abandoning module ActorPickerMode (600)
[2019.03.07-20.02.38:013][775]LogModuleManager: Shutting down and abandoning module GeometryMode (598)
[2019.03.07-20.02.38:013][775]LogModuleManager: Shutting down and abandoning module TextureAlignMode (596)
[2019.03.07-20.02.38:013][775]LogModuleManager: Shutting down and abandoning module BspMode (594)
[2019.03.07-20.02.38:013][775]LogModuleManager: Shutting down and abandoning module PIEPreviewDeviceProfileSelector (592)
[2019.03.07-20.02.38:013][775]LogModuleManager: Shutting down and abandoning module SequenceRecorderSections (590)
[2019.03.07-20.02.38:013][775]LogModuleManager: Shutting down and abandoning module AutomationWorker (588)
[2019.03.07-20.02.38:013][775]LogModuleManager: Shutting down and abandoning module AudioCaptureEditor (586)
[2019.03.07-20.02.38:013][775]LogModuleManager: Shutting down and abandoning module MatineeToLevelSequence (584)
[2019.03.07-20.02.38:013][775]LogModuleManager: Shutting down and abandoning module LevelSequenceEditor (582)
[2019.03.07-20.02.38:013][775]LogModuleManager: Shutting down and abandoning module PlacementMode (581)
[2019.03.07-20.02.38:013][775]LogModuleManager: Shutting down and abandoning module MaterialEditor (580)
[2019.03.07-20.02.38:013][775]LogModuleManager: Shutting down and abandoning module WmfMediaFactory (576)
[2019.03.07-20.02.38:014][775]LogModuleManager: Shutting down and abandoning module WmfMediaEditor (574)
[2019.03.07-20.02.38:014][775]LogModuleManager: Shutting down and abandoning module WebMMediaFactory (572)
[2019.03.07-20.02.38:014][775]LogModuleManager: Shutting down and abandoning module WebMMediaEditor (570)
[2019.03.07-20.02.38:014][775]LogModuleManager: Shutting down and abandoning module WebMMedia (568)
[2019.03.07-20.02.38:014][775]LogModuleManager: Shutting down and abandoning module MediaPlayerEditor (566)
[2019.03.07-20.02.38:014][775]LogModuleManager: Shutting down and abandoning module MediaCompositingEditor (564)
[2019.03.07-20.02.38:014][775]LogModuleManager: Shutting down and abandoning module SequenceRecorder (563)
[2019.03.07-20.02.38:014][775]LogModuleManager: Shutting down and abandoning module OpenExrWrapper (560)
[2019.03.07-20.02.38:014][775]LogModuleManager: Shutting down and abandoning module ImgMediaFactory (558)
[2019.03.07-20.02.38:014][775]LogModuleManager: Shutting down and abandoning module ImgMediaEditor (556)
[2019.03.07-20.02.38:014][775]LogModuleManager: Shutting down and abandoning module AvfMediaFactory (554)
[2019.03.07-20.02.38:014][775]LogModuleManager: Shutting down and abandoning module AvfMediaEditor (552)
[2019.03.07-20.02.38:014][775]LogModuleManager: Shutting down and abandoning module AndroidMediaFactory (550)
[2019.03.07-20.02.38:014][775]LogModuleManager: Shutting down and abandoning module AndroidMediaEditor (548)
[2019.03.07-20.02.38:014][775]LogModuleManager: Shutting down and abandoning module MagicLeapCameraPreviewFactory (546)
[2019.03.07-20.02.38:014][775]LogModuleManager: Shutting down and abandoning module MagicLeapMediaFactory (544)
[2019.03.07-20.02.38:014][775]LogModuleManager: Shutting down and abandoning module MagicLeapMediaEditor (542)
[2019.03.07-20.02.38:014][775]LogModuleManager: Shutting down and abandoning module CharacterAI (540)
[2019.03.07-20.02.38:014][775]LogModuleManager: Shutting down and abandoning module SmartSnapping (538)
[2019.03.07-20.02.38:014][775]LogModuleManager: Shutting down and abandoning module SessionServices (536)
[2019.03.07-20.02.38:014][775]LogModuleManager: Shutting down and abandoning module ViewportSnapping (534)
[2019.03.07-20.02.38:014][775]LogModuleManager: Shutting down and abandoning module ViewportInteraction (532)
[2019.03.07-20.02.38:014][775]LogModuleManager: Shutting down and abandoning module ClothPainter (530)
[2019.03.07-20.02.38:031][775]LogModuleManager: Shutting down and abandoning module SkeletalMeshEditor (529)
[2019.03.07-20.02.38:031][775]LogModuleManager: Shutting down and abandoning module LogVisualizer (526)
[2019.03.07-20.02.38:031][775]LogModuleManager: Shutting down and abandoning module IntroTutorials (524)
[2019.03.07-20.02.38:031][775]LogModuleManager: Shutting down and abandoning module GameProjectGeneration (523)
[2019.03.07-20.02.38:052][775]LogModuleManager: Shutting down and abandoning module LuminPlatformEditor (520)
[2019.03.07-20.02.38:052][775]LogModuleManager: Shutting down and abandoning module IOSPlatformEditor (518)
[2019.03.07-20.02.38:052][775]LogModuleManager: Shutting down and abandoning module HTML5PlatformEditor (516)
[2019.03.07-20.02.38:052][775]LogModuleManager: Shutting down and abandoning module AndroidPlatformEditor (514)
[2019.03.07-20.02.38:052][775]LogModuleManager: Shutting down and abandoning module AndroidDeviceDetection (513)
[2019.03.07-20.02.38:431][775]LogModuleManager: Shutting down and abandoning module WindowsPlatformEditor (510)
[2019.03.07-20.02.38:431][775]LogModuleManager: Shutting down and abandoning module LuminRuntimeSettings (508)
[2019.03.07-20.02.38:431][775]LogModuleManager: Shutting down and abandoning module IOSRuntimeSettings (506)
[2019.03.07-20.02.38:431][775]LogModuleManager: Shutting down and abandoning module AndroidRuntimeSettings (504)
[2019.03.07-20.02.38:431][775]LogModuleManager: Shutting down and abandoning module TimeManagementEditor (502)
[2019.03.07-20.02.38:431][775]LogModuleManager: Shutting down and abandoning module InputBindingEditor (500)
[2019.03.07-20.02.38:431][775]LogModuleManager: Shutting down and abandoning module MergeActors (498)
[2019.03.07-20.02.38:431][775]LogModuleManager: Shutting down and abandoning module LocalizationDashboard (496)
[2019.03.07-20.02.38:431][775]LogModuleManager: Shutting down and abandoning module LocalizationService (495)
[2019.03.07-20.02.38:432][775]LogModuleManager: Shutting down and abandoning module HardwareTargeting (492)
[2019.03.07-20.02.38:432][775]LogModuleManager: Shutting down and abandoning module DeviceProfileEditor (490)
[2019.03.07-20.02.38:432][775]LogModuleManager: Shutting down and abandoning module UndoHistory (488)
[2019.03.07-20.02.38:432][775]LogModuleManager: Shutting down and abandoning module XmlParser (486)
[2019.03.07-20.02.38:432][775]LogModuleManager: Shutting down and abandoning module Blutility (484)
[2019.03.07-20.02.38:432][775]LogModuleManager: Shutting down and abandoning module ProjectSettingsViewer (482)
[2019.03.07-20.02.38:432][775]LogModuleManager: Shutting down and abandoning module ProjectTargetPlatformEditor (481)
[2019.03.07-20.02.38:432][775]LogModuleManager: Shutting down and abandoning module EditorSettingsViewer (478)
[2019.03.07-20.02.38:432][775]LogModuleManager: Shutting down and abandoning module SettingsEditor (476)
[2019.03.07-20.02.38:432][775]LogModuleManager: Shutting down and abandoning module ProjectLauncher (474)
[2019.03.07-20.02.38:432][775]LogModuleManager: Shutting down and abandoning module SessionFrontend (472)
[2019.03.07-20.02.38:432][775]LogModuleManager: Shutting down and abandoning module ProfilerClient (470)
[2019.03.07-20.02.38:470][775]LogModuleManager: Shutting down and abandoning module DeviceManager (468)
[2019.03.07-20.02.38:470][775]LogModuleManager: Shutting down and abandoning module TargetDeviceServices (467)
[2019.03.07-20.02.38:535][775]LogModuleManager: Shutting down and abandoning module AutomationController (464)
[2019.03.07-20.02.38:535][775]LogModuleManager: Shutting down and abandoning module AutomationWindow (462)
[2019.03.07-20.02.38:535][775]LogModuleManager: Shutting down and abandoning module Layers (460)
[2019.03.07-20.02.38:535][775]LogModuleManager: Shutting down and abandoning module ComponentVisualizers (458)
[2019.03.07-20.02.38:536][775]LogModuleManager: Shutting down and abandoning module DetailCustomizations (456)
[2019.03.07-20.02.38:536][775]LogModuleManager: Shutting down and abandoning module PackagesDialog (454)
[2019.03.07-20.02.38:536][775]LogModuleManager: Shutting down and abandoning module Persona (452)
[2019.03.07-20.02.38:536][775]LogModuleManager: Shutting down and abandoning module AdvancedPreviewScene (451)
[2019.03.07-20.02.38:537][775]LogModuleManager: Shutting down and abandoning module AnimGraph (449)
[2019.03.07-20.02.38:537][775]LogModuleManager: Shutting down and abandoning module Kismet (446)
[2019.03.07-20.02.38:538][775]LogModuleManager: Shutting down and abandoning module GraphEditor (444)
[2019.03.07-20.02.38:538][775]LogModuleManager: Shutting down and abandoning module ClassViewer (442)
[2019.03.07-20.02.38:538][775]LogModuleManager: Shutting down and abandoning module Toolbox (440)
[2019.03.07-20.02.38:538][775]LogModuleManager: Shutting down and abandoning module ModuleUI (438)
[2019.03.07-20.02.38:538][775]LogModuleManager: Shutting down and abandoning module MovieSceneTools (436)
[2019.03.07-20.02.38:538][775]LogModuleManager: Shutting down and abandoning module OutputLog (434)
[2019.03.07-20.02.38:538][775]LogModuleManager: Shutting down and abandoning module GammaUI (432)
[2019.03.07-20.02.38:538][775]LogModuleManager: Shutting down and abandoning module Documentation (430)
[2019.03.07-20.02.38:538][775]LogModuleManager: Shutting down and abandoning module MovieSceneTracks (428)
[2019.03.07-20.02.38:539][775]LogModuleManager: Shutting down and abandoning module MovieScene (426)
[2019.03.07-20.02.38:539][775]LogModuleManager: Shutting down and abandoning module StreamingPauseRendering (424)
[2019.03.07-20.02.38:539][775]LogModuleManager: Shutting down and abandoning module LauncherPlatform (422)
[2019.03.07-20.02.38:539][775]LogModuleManager: Shutting down and abandoning module AnalyticsET (420)
[2019.03.07-20.02.38:539][775]LogModuleManager: Shutting down and abandoning module PortalServices (418)
[2019.03.07-20.02.38:539][775]LogModuleManager: Shutting down and abandoning module PortalRpc (416)
[2019.03.07-20.02.38:539][775]LogModuleManager: Shutting down and abandoning module MessagingRpc (414)
[2019.03.07-20.02.38:539][775]LogModuleManager: Shutting down and abandoning module AIModule (412)
[2019.03.07-20.02.38:539][775]LogModuleManager: Shutting down and abandoning module GameplayDebugger (411)
[2019.03.07-20.02.38:539][775]LogModuleManager: Shutting down and abandoning module AITestSuite (409)
[2019.03.07-20.02.38:539][775]LogModuleManager: Shutting down and abandoning module NavigationSystem (407)
[2019.03.07-20.02.38:539][775]LogModuleManager: Shutting down and abandoning module DesktopPlatform (404)
[2019.03.07-20.02.38:539][775]LogModuleManager: Shutting down and abandoning module ImageWriteQueue (402)
[2019.03.07-20.02.38:542][775]LogModuleManager: Shutting down and abandoning module ProfilerService (400)
[2019.03.07-20.02.38:544][775]LogModuleManager: Shutting down and abandoning module TaskGraph (398)
[2019.03.07-20.02.38:544][775]LogModuleManager: Shutting down and abandoning module SteamVRController (396)
[2019.03.07-20.02.38:544][775]LogModuleManager: Shutting down and abandoning module ProceduralMeshComponentEditor (394)
[2019.03.07-20.02.38:544][775]LogModuleManager: Shutting down and abandoning module ProceduralMeshComponent (392)
[2019.03.07-20.02.38:544][775]LogModuleManager: Shutting down and abandoning module OculusInput (390)
[2019.03.07-20.02.38:544][775]LogModuleManager: Shutting down and abandoning module MobilePatchingUtils (388)
[2019.03.07-20.02.38:544][775]LogModuleManager: Shutting down and abandoning module EditableMesh (386)
[2019.03.07-20.02.38:544][775]LogModuleManager: Shutting down and abandoning module CustomMeshComponent (384)
[2019.03.07-20.02.38:544][775]LogModuleManager: Shutting down and abandoning module CableComponent (382)
[2019.03.07-20.02.38:544][775]LogModuleManager: Shutting down and abandoning module AudioCapture (380)
[2019.03.07-20.02.38:544][775]LogModuleManager: Shutting down and abandoning module ArchVisCharacter (378)
[2019.03.07-20.02.38:544][775]LogModuleManager: Shutting down and abandoning module AndroidPermission (376)
[2019.03.07-20.02.38:545][775]LogModuleManager: Shutting down and abandoning module NUTUnrealEngine4 (374)
[2019.03.07-20.02.38:545][775]LogModuleManager: Shutting down and abandoning module NetcodeUnitTest (372)
[2019.03.07-20.02.38:545][775]LogModuleManager: Shutting down and abandoning module MediaCompositing (370)
[2019.03.07-20.02.38:545][775]LogModuleManager: Shutting down and abandoning module LinearTimecode (368)
[2019.03.07-20.02.38:545][775]LogModuleManager: Shutting down and abandoning module ImgMedia (366)
[2019.03.07-20.02.38:551][775]LogModuleManager: Shutting down and abandoning module HTML5Networking (364)
[2019.03.07-20.02.38:551][775]LogModuleManager: Shutting down and abandoning module GeometryCacheTracks (362)
[2019.03.07-20.02.38:551][775]LogModuleManager: Shutting down and abandoning module GeometryCacheSequencer (360)
[2019.03.07-20.02.38:551][775]LogModuleManager: Shutting down and abandoning module BackChannel (358)
[2019.03.07-20.02.38:551][775]LogModuleManager: Shutting down and abandoning module AppleVision (356)
[2019.03.07-20.02.38:551][775]LogModuleManager: Shutting down and abandoning module AppleImageUtilsBlueprintSupport (354)
[2019.03.07-20.02.38:551][775]LogModuleManager: Shutting down and abandoning module AppleImageUtils (352)
[2019.03.07-20.02.38:551][775]LogModuleManager: Shutting down and abandoning module AlembicImporter (350)
[2019.03.07-20.02.38:551][775]LogModuleManager: Shutting down and abandoning module AlembicLibrary (349)
[2019.03.07-20.02.38:551][775]LogModuleManager: Shutting down and abandoning module GeometryCache (348)
[2019.03.07-20.02.38:551][775]LogModuleManager: Shutting down and abandoning module GeometryCacheEd (347)
[2019.03.07-20.02.38:551][775]LogModuleManager: Shutting down and abandoning module VariantManagerContent (342)
[2019.03.07-20.02.38:551][775]LogModuleManager: Shutting down and abandoning module DatasmithContentEditor (340)
[2019.03.07-20.02.38:551][775]LogModuleManager: Shutting down and abandoning module SpeedTreeImporter (338)
[2019.03.07-20.02.38:551][775]LogModuleManager: Shutting down and abandoning module PluginBrowser (336)
[2019.03.07-20.02.38:552][775]LogModuleManager: Shutting down and abandoning module MobileLauncherProfileWizard (334)
[2019.03.07-20.02.38:552][775]LogModuleManager: Shutting down and abandoning module PolygonModeling (332)
[2019.03.07-20.02.38:552][775]LogModuleManager: Shutting down and abandoning module MeshEditor (330)
[2019.03.07-20.02.38:552][775]LogModuleManager: Shutting down and abandoning module CryptoKeysOpenSSL (328)
[2019.03.07-20.02.38:552][775]LogModuleManager: Shutting down and abandoning module CryptoKeys (326)
[2019.03.07-20.02.38:552][775]LogModuleManager: Shutting down and abandoning module VisualStudioSourceCodeAccess (324)
[2019.03.07-20.02.38:553][775]LogModuleManager: Shutting down and abandoning module VisualStudioCodeSourceCodeAccess (322)
[2019.03.07-20.02.38:553][775]LogModuleManager: Shutting down and abandoning module UObjectPlugin (320)
[2019.03.07-20.02.38:553][775]LogModuleManager: Shutting down and abandoning module SubversionSourceControl (318)
[2019.03.07-20.02.38:553][775]LogModuleManager: Shutting down and abandoning module PerforceSourceControl (316)
[2019.03.07-20.02.38:553][775]LogModuleManager: Shutting down and abandoning module GitSourceControl (314)
[2019.03.07-20.02.38:553][775]LogModuleManager: Shutting down and abandoning module SourceControl (313)
[2019.03.07-20.02.38:553][775]LogModuleManager: Shutting down and abandoning module CLionSourceCodeAccess (310)
[2019.03.07-20.02.38:553][775]LogModuleManager: Shutting down and abandoning module ActorLayerUtilitiesEditor (308)
[2019.03.07-20.02.38:553][775]LogModuleManager: Shutting down and abandoning module ActorLayerUtilities (306)
[2019.03.07-20.02.38:553][775]LogModuleManager: Shutting down and abandoning module LightPropagationVolumeEditor (304)
[2019.03.07-20.02.38:553][775]LogModuleManager: Shutting down and abandoning module PaperTiledImporter (302)
[2019.03.07-20.02.38:553][775]LogModuleManager: Shutting down and abandoning module PaperSpriteSheetImporter (300)
[2019.03.07-20.02.38:553][775]LogModuleManager: Shutting down and abandoning module Paper2DEditor (298)
[2019.03.07-20.02.38:553][775]LogModuleManager: Shutting down and abandoning module MeshPaint (297)
[2019.03.07-20.02.38:554][775]LogModuleManager: Shutting down and abandoning module RuntimePhysXCooking (294)
[2019.03.07-20.02.38:554][775]LogModuleManager: Shutting down and abandoning module PhysXVehiclesEditor (292)
[2019.03.07-20.02.38:554][775]LogModuleManager: Shutting down and abandoning module PhysXVehicles (290)
[2019.03.07-20.02.38:554][775]LogModuleManager: Shutting down and abandoning module OculusEditor (288)
[2019.03.07-20.02.38:554][775]LogModuleManager: Shutting down and abandoning module LocationServicesBPLibrary (286)
[2019.03.07-20.02.38:554][775]LogModuleManager: Shutting down and abandoning module ActorSequence (284)
[2019.03.07-20.02.38:554][775]LogModuleManager: Shutting down and abandoning module UdpMessaging (282)
[2019.03.07-20.02.38:655][775]LogModuleManager: Shutting down and abandoning module TcpMessaging (280)
[2019.03.07-20.02.38:755][775]LogModuleManager: Shutting down and abandoning module MagicLeapAudio (278)
[2019.03.07-20.02.38:755][775]LogModuleManager: Shutting down and abandoning module GameplayTagsEditor (276)
[2019.03.07-20.02.38:755][775]LogModuleManager: Shutting down and abandoning module FacialAnimationEditor (274)
[2019.03.07-20.02.38:755][775]LogModuleManager: Shutting down and abandoning module FacialAnimation (272)
[2019.03.07-20.02.38:755][775]LogModuleManager: Shutting down and abandoning module DataValidation (270)
[2019.03.07-20.02.38:755][775]LogModuleManager: Shutting down and abandoning module AssetManagerEditor (268)
[2019.03.07-20.02.38:755][775]LogModuleManager: Shutting down and abandoning module LevelEditor (267)
[2019.03.07-20.02.38:756][775]LogModuleManager: Shutting down and abandoning module PixelInspectorModule (266)
[2019.03.07-20.02.38:756][775]LogModuleManager: Shutting down and abandoning module CommonMenuExtensions (264)
[2019.03.07-20.02.38:756][775]LogModuleManager: Shutting down and abandoning module MainFrame (262)
[2019.03.07-20.02.38:756][775]LogModuleManager: Shutting down and abandoning module HotReload (261)
[2019.03.07-20.02.38:756][775]LogModuleManager: Shutting down and abandoning module ContentBrowser (257)
[2019.03.07-20.02.38:757][775]LogModuleManager: Shutting down and abandoning module TreeMap (255)
[2019.03.07-20.02.38:757][775]LogModuleManager: Shutting down and abandoning module LightPropagationVolumeRuntime (252)
[2019.03.07-20.02.38:757][775]LogModuleManager: Shutting down and abandoning module AISupportModule (250)
[2019.03.07-20.02.38:757][775]LogModuleManager: Shutting down and abandoning module Paper2D (248)
[2019.03.07-20.02.38:757][775]LogModuleManager: Shutting down and abandoning module WindowsMoviePlayer (246)
[2019.03.07-20.02.38:757][775]LogModuleManager: Shutting down and abandoning module WebMMoviePlayer (244)
[2019.03.07-20.02.38:757][775]LogModuleManager: Shutting down and abandoning module WmfMedia (242)
[2019.03.07-20.02.38:757][775]LogModuleManager: Shutting down and abandoning module Media (241)
[2019.03.07-20.02.38:764][775]LogModuleManager: Shutting down and abandoning module PacketHandler (238)
[2019.03.07-20.02.38:764][775]LogModuleManager: Shutting down and abandoning module ClothingSystemEditor (236)
[2019.03.07-20.02.38:764][775]LogModuleManager: Shutting down and abandoning module ClothingSystemRuntime (234)
[2019.03.07-20.02.38:798][775]LogModuleManager: Shutting down and abandoning module MediaAssets (232)
[2019.03.07-20.02.38:799][775]LogModuleManager: Shutting down and abandoning module Overlay (230)
[2019.03.07-20.02.38:799][775]LogModuleManager: Shutting down and abandoning module OverlayEditor (229)
[2019.03.07-20.02.38:799][775]LogModuleManager: Shutting down and abandoning module VREditor (226)
[2019.03.07-20.02.38:799][775]LogModuleManager: Shutting down and abandoning module StringTableEditor (224)
[2019.03.07-20.02.38:799][775]LogModuleManager: Shutting down and abandoning module GameplayTasksEditor (222)
[2019.03.07-20.02.38:799][775]LogModuleManager: Shutting down and abandoning module BehaviorTreeEditor (220)
[2019.03.07-20.02.38:799][775]LogModuleManager: Shutting down and abandoning module FunctionalTesting (218)
[2019.03.07-20.02.38:799][775]LogModuleManager: Shutting down and abandoning module CollisionAnalyzer (216)
[2019.03.07-20.02.38:800][775]LogModuleManager: Shutting down and abandoning module WorkspaceMenuStructure (215)
[2019.03.07-20.02.38:800][775]LogModuleManager: Shutting down and abandoning module UMG (212)
[2019.03.07-20.02.38:800][775]LogModuleManager: Shutting down and abandoning module UMGEditor (211)
[2019.03.07-20.02.38:800][775]LogModuleManager: Shutting down and abandoning module Sequencer (210)
[2019.03.07-20.02.38:801][775]LogModuleManager: Shutting down and abandoning module MessageLog (207)
[2019.03.07-20.02.38:801][775]LogModuleManager: Shutting down and abandoning module SlateReflector (202)
[2019.03.07-20.02.38:801][775]LogModuleManager: Shutting down and abandoning module Slate (200)
[2019.03.07-20.02.38:801][775]LogModuleManager: Shutting down and abandoning module EditorStyle (198)
[2019.03.07-20.02.38:807][775]LogModuleManager: Shutting down and abandoning module MRMesh (196)
[2019.03.07-20.02.38:808][775]LogModuleManager: Shutting down and abandoning module SourceCodeAccess (194)
[2019.03.07-20.02.38:808][775]LogModuleManager: Shutting down and abandoning module HeadMountedDisplay (192)
[2019.03.07-20.02.38:808][775]LogModuleManager: Shutting down and abandoning module XAudio2 (190)
[2019.03.07-20.02.38:808][775]LogModuleManager: Shutting down and abandoning module Networking (188)
[2019.03.07-20.02.38:808][775]LogModuleManager: Shutting down and abandoning module Core (186)
[2019.03.07-20.02.38:808][775]LogModuleManager: Shutting down and abandoning module LevelSequence (184)
[2019.03.07-20.02.38:808][775]LogModuleManager: Shutting down and abandoning module KismetCompiler (182)
[2019.03.07-20.02.38:808][775]LogModuleManager: Shutting down and abandoning module MeshUtilities (180)
[2019.03.07-20.02.38:809][775]LogModuleManager: Shutting down and abandoning module MeshMergeUtilities (179)
[2019.03.07-20.02.38:809][775]LogModuleManager: Shutting down and abandoning module MeshReductionInterface (178)
[2019.03.07-20.02.38:809][775]LogModuleManager: Shutting down and abandoning module SimplygonSwarm (177)
[2019.03.07-20.02.38:809][775]LogModuleManager: Shutting down and abandoning module ProxyLODMeshReduction (175)
[2019.03.07-20.02.38:809][775]LogModuleManager: Shutting down and abandoning module SimplygonMeshReduction (173)
[2019.03.07-20.02.38:809][775]LogModuleManager: Shutting down and abandoning module QuadricMeshReduction (171)
[2019.03.07-20.02.38:809][775]LogModuleManager: Shutting down and abandoning module MaterialBaking (167)
[2019.03.07-20.02.38:810][775]LogModuleManager: Shutting down and abandoning module DirectoryWatcher (163)
[2019.03.07-20.02.38:810][775]LogModuleManager: Shutting down and abandoning module DerivedDataCache (160)
[2019.03.07-20.02.38:823][775]LogDerivedDataCache: Shutdown
[2019.03.07-20.02.38:823][775]LogModuleManager: Shutting down and abandoning module XGEController (158)
[2019.03.07-20.02.38:824][775]LogXGEController: Cleaning working directory: C:/Users/W207693544/AppData/Local/Temp/UnrealXGEWorkingDir/
[2019.03.07-20.02.38:828][775]LogModuleManager: Shutting down and abandoning module TargetPlatform (156)
[2019.03.07-20.02.38:828][775]LogModuleManager: Shutting down and abandoning module VulkanShaderFormat (155)
[2019.03.07-20.02.38:828][775]LogModuleManager: Shutting down and abandoning module ShaderFormatVectorVM (153)
[2019.03.07-20.02.38:828][775]LogModuleManager: Shutting down and abandoning module ShaderFormatOpenGL (151)
[2019.03.07-20.02.38:828][775]LogModuleManager: Shutting down and abandoning module ShaderFormatD3D (149)
[2019.03.07-20.02.38:828][775]LogModuleManager: Shutting down and abandoning module MetalShaderFormat (147)
[2019.03.07-20.02.38:828][775]LogModuleManager: Shutting down and abandoning module TextureFormatUncompressed (145)
[2019.03.07-20.02.38:828][775]LogModuleManager: Shutting down and abandoning module TextureFormatPVR (143)
[2019.03.07-20.02.38:828][775]LogModuleManager: Shutting down and abandoning module TextureFormatDXT (141)
[2019.03.07-20.02.38:828][775]LogModuleManager: Shutting down and abandoning module TextureFormatIntelISPCTexComp (139)
[2019.03.07-20.02.38:829][775]LogModuleManager: Shutting down and abandoning module TextureFormatASTC (137)
[2019.03.07-20.02.38:829][775]LogModuleManager: Shutting down and abandoning module ImageWrapper (136)
[2019.03.07-20.02.38:829][775]LogModuleManager: Shutting down and abandoning module TextureFormatAndroid (133)
[2019.03.07-20.02.38:829][775]LogModuleManager: Shutting down and abandoning module AudioFormatOpus (131)
[2019.03.07-20.02.38:829][775]LogModuleManager: Shutting down and abandoning module AudioFormatOgg (129)
[2019.03.07-20.02.38:829][775]LogModuleManager: Shutting down and abandoning module AudioFormatADPCM (127)
[2019.03.07-20.02.38:829][775]LogModuleManager: Shutting down and abandoning module LuminTargetPlatform (125)
[2019.03.07-20.02.38:831][775]LogModuleManager: Shutting down and abandoning module LinuxTargetPlatform (123)
[2019.03.07-20.02.38:831][775]LogModuleManager: Shutting down and abandoning module LinuxServerTargetPlatform (121)
[2019.03.07-20.02.38:831][775]LogModuleManager: Shutting down and abandoning module LinuxNoEditorTargetPlatform (119)
[2019.03.07-20.02.38:831][775]LogModuleManager: Shutting down and abandoning module LinuxClientTargetPlatform (117)
[2019.03.07-20.02.38:831][775]LogModuleManager: Shutting down and abandoning module TVOSTargetPlatform (115)
[2019.03.07-20.02.38:832][775]LogModuleManager: Shutting down and abandoning module Messaging (113)
[2019.03.07-20.02.38:832][775]LogModuleManager: Shutting down and abandoning module IOSTargetPlatform (111)
[2019.03.07-20.02.38:833][775]LogModuleManager: Shutting down and abandoning module HTML5TargetPlatform (109)
[2019.03.07-20.02.38:833][775]LogModuleManager: Shutting down and abandoning module AndroidTargetPlatform (107)
[2019.03.07-20.02.38:844][775]LogModuleManager: Shutting down and abandoning module WindowsTargetPlatform (105)
[2019.03.07-20.02.38:844][775]LogModuleManager: Shutting down and abandoning module WindowsServerTargetPlatform (103)
[2019.03.07-20.02.38:844][775]LogModuleManager: Shutting down and abandoning module WindowsNoEditorTargetPlatform (101)
[2019.03.07-20.02.38:844][775]LogModuleManager: Shutting down and abandoning module WindowsClientTargetPlatform (99)
[2019.03.07-20.02.38:844][775]LogModuleManager: Shutting down and abandoning module MacTargetPlatform (97)
[2019.03.07-20.02.38:844][775]LogModuleManager: Shutting down and abandoning module MacServerTargetPlatform (95)
[2019.03.07-20.02.38:844][775]LogModuleManager: Shutting down and abandoning module MacNoEditorTargetPlatform (93)
[2019.03.07-20.02.38:844][775]LogModuleManager: Shutting down and abandoning module MacClientTargetPlatform (91)
[2019.03.07-20.02.38:844][775]LogModuleManager: Shutting down and abandoning module AllDesktopTargetPlatform (89)
[2019.03.07-20.02.38:845][775]LogModuleManager: Shutting down and abandoning module InputCore (86)
[2019.03.07-20.02.38:845][775]LogModuleManager: Shutting down and abandoning module Settings (84)
[2019.03.07-20.02.38:845][775]LogModuleManager: Shutting down and abandoning module PhysXCooking (82)
[2019.03.07-20.02.38:845][775]LogModuleManager: Shutting down and abandoning module SteamVR (80)
[2019.03.07-20.02.38:845][775]LogHMD: Freeing OpenVRDLLHandle.
[2019.03.07-20.02.38:845][775]LogModuleManager: Shutting down and abandoning module OculusHMD (78)
[2019.03.07-20.02.38:845][775]LogModuleManager: Shutting down and abandoning module ExampleDeviceProfileSelector (76)
[2019.03.07-20.02.38:845][775]LogModuleManager: Shutting down and abandoning module LauncherChunkInstaller (74)
[2019.03.07-20.02.38:845][775]LogModuleManager: Shutting down and abandoning module OnlineBlueprintSupport (72)
[2019.03.07-20.02.38:845][775]LogModuleManager: Shutting down and abandoning module OnlineSubsystem (68)
[2019.03.07-20.02.38:854][775]LogModuleManager: Shutting down and abandoning module XMPP (63)
[2019.03.07-20.02.38:854][775]LogModuleManager: Shutting down and abandoning module WebSockets (62)
[2019.03.07-20.02.38:871][775]LogModuleManager: Shutting down and abandoning module HTTP (59)
[2019.03.07-20.02.38:871][775]LogHttp: Display: Http module shutting down, but needs to wait on 1 outstanding Http requests:
[2019.03.07-20.02.38:871][775]LogHttp: Display: 	verb=[POST] url=[https://datarouter.ol.epicgames.com/datarouter/api/v1/public/data?SessionID=%7BA49E5032-4B4D-1A5F-E591-3F9DC48870C8%7D&AppID=UEEditor.Rocket.Release&AppVersion=4.21.2-4753647%2B%2B%2BUE4%2BRelease-4.21&UserID=c3b1cba4494f8b176ca4bdaf0802f96f%7C5f4cfe0f471d44219164a6275e6d76cb%7C2585b35b-e713-4a3e-83ea-fa7530e1db20&AppEnvironment=datacollector-binary&UploadType=eteventstream] status=Processing
[2019.03.07-20.02.38:902][775]LogModuleManager: Shutting down and abandoning module SSL (58)
[2019.03.07-20.02.38:905][775]LogModuleManager: Shutting down and abandoning module MagicLeapIdentity (54)
[2019.03.07-20.02.38:905][775]LogModuleManager: Shutting down and abandoning module MagicLeapHelperVulkan (52)
[2019.03.07-20.02.38:905][775]LogModuleManager: Shutting down and abandoning module MagicLeapHelperOpenGL (50)
[2019.03.07-20.02.38:905][775]LogModuleManager: Shutting down and abandoning module MagicLeapSecureStorage (48)
[2019.03.07-20.02.38:905][775]LogModuleManager: Shutting down and abandoning module MagicLeapHandTracking (46)
[2019.03.07-20.02.38:905][775]LogModuleManager: Shutting down and abandoning module MagicLeapEyeTracker (44)
[2019.03.07-20.02.38:905][775]LogModuleManager: Shutting down and abandoning module MagicLeapController (42)
[2019.03.07-20.02.38:905][775]LogSlate: Slate User Destroyed.  User Index 0, Is Virtual User: 0
[2019.03.07-20.02.38:905][775]LogModuleManager: Shutting down and abandoning module MagicLeap (40)
[2019.03.07-20.02.38:905][775]LogModuleManager: Shutting down and abandoning module DatasmithContent (38)
[2019.03.07-20.02.38:906][775]LogModuleManager: Shutting down and abandoning module AnimationModifiers (36)
[2019.03.07-20.02.38:920][775]LogModuleManager: Shutting down and abandoning module PropertyEditor (35)
[2019.03.07-20.02.38:927][775]LogModuleManager: Shutting down and abandoning module AudioEditor (32)
[2019.03.07-20.02.38:929][775]LogModuleManager: Shutting down and abandoning module TextureCompressor (30)
[2019.03.07-20.02.38:929][775]LogModuleManager: Shutting down and abandoning module ShaderCore (28)
[2019.03.07-20.02.38:929][775]LogModuleManager: Shutting down and abandoning module Landscape (26)
[2019.03.07-20.02.38:930][775]LogModuleManager: Shutting down and abandoning module SlateRHIRenderer (24)
[2019.03.07-20.02.38:930][775]LogModuleManager: Shutting down and abandoning module OpenGLDrv (22)
[2019.03.07-20.02.38:936][775]LogModuleManager: Shutting down and abandoning module D3D11RHI (20)
[2019.03.07-20.02.38:936][775]LogModuleManager: Shutting down and abandoning module AnimGraphRuntime (18)
[2019.03.07-20.02.38:936][775]LogModuleManager: Shutting down and abandoning module Renderer (16)
[2019.03.07-20.02.38:936][775]LogModuleManager: Shutting down and abandoning module Engine (14)
[2019.03.07-20.02.38:936][775]LogModuleManager: Shutting down and abandoning module CoreUObject (12)
[2019.03.07-20.02.38:936][775]LogModuleManager: Shutting down and abandoning module NetworkFile (10)
[2019.03.07-20.02.38:937][775]LogModuleManager: Shutting down and abandoning module CookedIterativeFile (8)
[2019.03.07-20.02.38:937][775]LogModuleManager: Shutting down and abandoning module StreamingFile (6)
[2019.03.07-20.02.38:937][775]LogModuleManager: Shutting down and abandoning module SandboxFile (4)
[2019.03.07-20.02.38:937][775]LogModuleManager: Shutting down and abandoning module PakFile (2)
[2019.03.07-20.02.38:963][775]LogExit: Exiting.
[2019.03.07-20.02.38:985][775]Log file closed, 03/07/19 14:02:38
